2026-02-08 01:20:48 INFO __main__: Output directory: _runs/Dysbiotic_HOBIC_abs_20260208_011000
2026-02-08 01:20:48 INFO __main__: Loading experimental data...
2026-02-08 01:20:48 INFO __main__: Loading Dysbiotic HOBIC data: 6 timepoints, days=[1, 3, 6, 10, 15, 21]
2026-02-08 01:20:48 INFO __main__: Using experimental initial conditions (Day 1):
2026-02-08 01:20:48 INFO __main__:   Values: [0.018   0.0045  0.423   0.00225 0.00225]
2026-02-08 01:20:48 INFO __main__:   Normalized phi: [0.04  0.01  0.94  0.005 0.005]
2026-02-08 01:20:48 INFO __main__: Auto-calculated day_scale: 0.011310
2026-02-08 01:20:48 INFO __main__: Experimental days: [ 1  3  6 10 15 21]
2026-02-08 01:20:48 INFO __main__: Model indices: [ 113  339  679 1131 1696 2375]
2026-02-08 01:20:48 INFO __main__: Data (absolute volumes):
[[0.018   0.0045  0.423   0.00225 0.00225]
 [0.012   0.004   0.388   0.002   0.002  ]
 [0.0525  0.09    0.6375  0.00375 0.00375]
 [0.0744  0.093   0.465   0.0496  0.0031 ]
 [0.012   0.21    0.21    0.12    0.012  ]
 [0.006   0.21    0.15    0.18    0.108  ]]
2026-02-08 01:20:48 INFO __main__: Running parameter estimation...
2026-02-08 01:20:48 INFO __main__: Using per-species initial conditions: [0.04  0.01  0.94  0.005 0.005]
2026-02-08 01:20:48 INFO __main__: Using sigma_obs = 0.23209876543209873
2026-02-08 01:20:48 INFO __main__: Data shape: (6, 5)
2026-02-08 01:20:48 INFO __main__: idx_sparse: [ 113  339  679 1131 1696 2375]
2026-02-08 01:20:48 INFO __main__: Starting TMCMC estimation...
2026-02-08 01:20:48 INFO core.tmcmc: [Commensal_Static] Running 2 TMCMC chains (β tempering + linearization update)...
2026-02-08 01:20:48 INFO core.tmcmc: Chain 1/2
2026-02-08 01:20:48 INFO tmcmc_5species_tsm: TSM5S Linearization Point Updated (# 1)
2026-02-08 01:20:48 INFO core.evaluator: TSM initialized (linearization disabled initially for exploration)
2026-02-08 01:20:48 INFO core.tmcmc: [Chain 1] Initial linearization point set
2026-02-08 01:20:48 INFO core.tmcmc: [Commensal_Static_chain1] Parallelization: n_jobs=6 (effective=6), use_threads=False, n_particles=1000
2026-02-08 01:38:25 INFO debug.logger:       [TMCMC] Initial LogL: min=-191079.1, max=-15227.9
2026-02-08 01:38:25 INFO debug.logger:       [TMCMC] Model: Commensal_Static_chain1
2026-02-08 01:38:25 INFO debug.logger:       [TMCMC] Starting TMCMC with 1000 particles, 30 stages...
2026-02-08 01:38:25 INFO debug.logger:       [TMCMC] Stage 1/30 starting...
2026-02-08 01:38:25 INFO core.tmcmc:       [TMCMC] Stage 1: β=0.0000 → 0.0200 (Δ=0.020000), ESS=500.0/500.0 (actual=1.0), logL range=[-191079.09, -15227.88], log_w range=3517.02, w[min,max]=[0.00e+00,1.00e+00]
2026-02-08 01:38:25 INFO debug.logger:       [TMCMC] Resample degeneracy: unique=1/1000 (unique_ratio=0.001)
2026-02-08 01:38:25 INFO debug.logger:       [TMCMC] Proposal cov stats: trace(cov_base)=2.34e-27, trace(cov)=2.00e-07, scale=1.17e-28, nugget=1.00e-08, tempered_scale=2.83e+00, adapt_scale=2.00x, cond(cov)=1.00e+00
2026-02-09 00:27:59 INFO core.tmcmc: [Commensal_Static_chain1] Mutation Stage 1: 5000 proposals evaluated in parallel (n_jobs=6), 4870 accepted (rate=0.9740), time=82173.80s
2026-02-09 00:27:59 INFO debug.logger:       [TMCMC] Post-mutation diversity: unique≈1000/1000 (unique_ratio≈1.000)
2026-02-09 00:27:59 INFO debug.logger:       [TMCMC] Stage 1: β=0.0200 (+0.0200)
2026-02-09 00:27:59 INFO debug.logger:       [TMCMC] Likelihood health (cumulative): {'n_calls': 0, 'n_tsm_fail': 0, 'n_output_nonfinite': 0, 'n_var_raw_negative': 0, 'n_var_raw_nonfinite': 0, 'n_var_total_clipped': 0}
2026-02-09 00:27:59 INFO debug.logger:       [TMCMC] Stage 2/30 starting...
2026-02-09 00:27:59 INFO core.tmcmc:       [TMCMC] Stage 2: β=0.0200 → 0.3433 (Δ=0.323279), ESS=500.0/500.0 (actual=500.0), logL range=[-15235.66, -15219.31], log_w range=5.29, w[min,max]=[5.85e-05,1.16e-02]
2026-02-09 00:27:59 INFO debug.logger:       [TMCMC] Resample degeneracy: unique=529/1000 (unique_ratio=0.529)
2026-02-09 00:27:59 INFO debug.logger:       [TMCMC] ℹ️  High acceptance rate (0.974), increasing proposal scale: 3.25x
2026-02-09 00:27:59 INFO debug.logger:       [TMCMC] Proposal cov stats: trace(cov_base)=1.95e-07, trace(cov)=7.23e-07, scale=9.77e-09, nugget=1.00e-08, tempered_scale=8.25e-01, adapt_scale=3.25x, cond(cov)=1.99e+00
2026-02-09 23:22:02 INFO debug.logger:       [TMCMC] Post-mutation diversity: unique≈1000/1000 (unique_ratio≈1.000)
2026-02-09 23:22:02 INFO debug.logger:       [TMCMC] Stage 2: β=0.3433 (+0.3233)
2026-02-09 23:22:02 INFO debug.logger:       [TMCMC] Likelihood health (cumulative): {'n_calls': 0, 'n_tsm_fail': 0, 'n_output_nonfinite': 0, 'n_var_raw_negative': 0, 'n_var_raw_nonfinite': 0, 'n_var_total_clipped': 0}
2026-02-09 23:22:02 INFO debug.logger:       [TMCMC] Stage 3/30 starting...
2026-02-09 23:22:02 INFO core.tmcmc:       [TMCMC] Stage 3: β=0.3433 → 0.5090 (Δ=0.165765), ESS=500.0/500.0 (actual=500.0), logL range=[-15233.52, -15203.85], log_w range=4.92, w[min,max]=[8.97e-05,1.23e-02]
2026-02-09 23:22:02 INFO debug.logger:       [TMCMC] Resample degeneracy: unique=515/1000 (unique_ratio=0.515)
2026-02-09 23:22:02 INFO debug.logger:       [TMCMC] Proposal cov stats: trace(cov_base)=9.20e-07, trace(cov)=1.22e-06, scale=4.60e-08, nugget=1.00e-08, tempered_scale=5.56e-01, adapt_scale=2.00x, cond(cov)=2.62e+00
2026-02-10 22:21:31 INFO debug.logger:       [TMCMC] Post-mutation diversity: unique≈1000/1000 (unique_ratio≈1.000)
2026-02-10 22:21:31 INFO debug.logger:       [TMCMC] Computing ROM errors for 20/1000 particles (observation-based update)...
2026-02-10 22:22:31 INFO debug.logger:       [TMCMC] Scale check: logL=[-15233.52, -15221.00, -15203.85], log_penalty=[0.0000, 0.0000, 0.0000], log_post=[-7754.53, -7748.16, -7739.43], obs_score=[-7754.53, -7748.16, -7739.43]
2026-02-10 22:22:31 WARNING debug.logger:       [TMCMC] Observation penalty may be too weak (max_penalty/max_logL_range=0.0000 < 0.01)
2026-02-10 22:22:31 INFO debug.logger:       [TMCMC] Observation-corrected MAP matches standard MAP (no correction effect)
2026-02-10 22:22:31 INFO debug.logger:       [TMCMC] ROM errors: mean=0.000000, min=0.000000, max=0.000000
2026-02-10 22:22:31 INFO debug.logger:       [TMCMC] Posterior MAP-WeightedMean distance: 0.000901, WeightedMean shift (obs-corrected): 0.000000
2026-02-10 22:22:33 WARNING debug.logger:       [TMCMC] ROM error sufficiently small (ε_ROM=0.000000 < 0.01)
2026-02-10 22:22:33 INFO debug.logger:       [TMCMC]    where ε_ROM = || φ̄_ROM(t_obs) − φ̄_FOM(t_obs) ||₂ / || φ̄_FOM(t_obs) ||₂
2026-02-10 22:22:33 INFO debug.logger:       [TMCMC] Stage 3: β=0.5090 (+0.1658)
2026-02-10 22:22:33 INFO debug.logger:       [TMCMC] Likelihood health (cumulative): {'n_calls': 0, 'n_tsm_fail': 0, 'n_output_nonfinite': 0, 'n_var_raw_negative': 0, 'n_var_raw_nonfinite': 0, 'n_var_total_clipped': 0}
2026-02-10 22:22:33 INFO debug.logger:       [TMCMC] Stage 4/30 starting...
2026-02-10 22:22:33 INFO core.tmcmc:       [TMCMC] Stage 4: β=0.5090 → 0.6307 (Δ=0.121628), ESS=500.0/500.0 (actual=500.0), logL range=[-15231.67, -15186.67], log_w range=5.47, w[min,max]=[5.43e-05,1.29e-02]
2026-02-10 22:22:33 INFO debug.logger:       [TMCMC] Resample degeneracy: unique=517/1000 (unique_ratio=0.517)
2026-02-10 22:22:33 INFO debug.logger:       [TMCMC] Proposal cov stats: trace(cov_base)=2.08e-06, trace(cov)=2.07e-06, scale=1.04e-07, nugget=1.00e-08, tempered_scale=4.49e-01, adapt_scale=2.00x, cond(cov)=3.81e+00
2026-02-11 09:50:12 INFO debug.logger:       [TMCMC] Post-mutation diversity: unique≈1000/1000 (unique_ratio≈1.000)
2026-02-11 09:50:12 INFO debug.logger:       [TMCMC] Stage 4: β=0.6307 (+0.1216)
2026-02-11 09:50:12 INFO debug.logger:       [TMCMC] Likelihood health (cumulative): {'n_calls': 0, 'n_tsm_fail': 0, 'n_output_nonfinite': 0, 'n_var_raw_negative': 0, 'n_var_raw_nonfinite': 0, 'n_var_total_clipped': 0}
2026-02-11 09:50:12 INFO debug.logger:       [TMCMC] Stage 5/30 starting...
2026-02-11 09:50:12 INFO core.tmcmc:       [TMCMC] Stage 5: β=0.6307 → 0.7225 (Δ=0.091809), ESS=500.0/500.0 (actual=500.0), logL range=[-15227.47, -15167.04], log_w range=5.55, w[min,max]=[4.19e-05,1.08e-02]
2026-02-11 09:50:12 INFO debug.logger:       [TMCMC] Resample degeneracy: unique=513/1000 (unique_ratio=0.513)
2026-02-11 09:50:12 INFO debug.logger:       [TMCMC] Proposal cov stats: trace(cov_base)=3.99e-06, trace(cov)=3.33e-06, scale=1.99e-07, nugget=1.00e-08, tempered_scale=3.92e-01, adapt_scale=2.00x, cond(cov)=4.81e+00
2026-02-11 21:23:11 INFO debug.logger:       [TMCMC] Post-mutation diversity: unique≈1000/1000 (unique_ratio≈1.000)
2026-02-11 21:23:11 INFO debug.logger:       [TMCMC] Stage 5: β=0.7225 (+0.0918)
2026-02-11 21:23:11 INFO debug.logger:       [TMCMC] Likelihood health (cumulative): {'n_calls': 0, 'n_tsm_fail': 0, 'n_output_nonfinite': 0, 'n_var_raw_negative': 0, 'n_var_raw_nonfinite': 0, 'n_var_total_clipped': 0}
2026-02-11 21:23:11 INFO debug.logger:       [TMCMC] Stage 6/30 starting...
2026-02-11 21:23:11 INFO core.tmcmc:       [TMCMC] Stage 6: β=0.7225 → 0.8011 (Δ=0.078642), ESS=500.0/500.0 (actual=500.0), logL range=[-15210.26, -15146.01], log_w range=5.05, w[min,max]=[6.49e-05,1.02e-02]
2026-02-11 21:23:11 INFO debug.logger:       [TMCMC] Resample degeneracy: unique=518/1000 (unique_ratio=0.518)
2026-02-11 21:23:11 INFO debug.logger:       [TMCMC] Proposal cov stats: trace(cov_base)=6.86e-06, trace(cov)=5.05e-06, scale=3.43e-07, nugget=1.00e-08, tempered_scale=3.54e-01, adapt_scale=2.00x, cond(cov)=6.51e+00
2026-02-12 08:56:44 INFO debug.logger:       [TMCMC] Post-mutation diversity: unique≈1000/1000 (unique_ratio≈1.000)
2026-02-12 08:56:44 INFO debug.logger:       [TMCMC] Computing ROM errors for 10/1000 particles (observation-based update)...
2026-02-12 08:57:12 INFO debug.logger:       [TMCMC] Scale check: logL=[-15210.26, -15180.25, -15146.01], log_penalty=[0.0000, 0.0000, 0.0000], log_post=[-12185.28, -12161.24, -12133.81], obs_score=[-12185.28, -12161.24, -12133.81]
2026-02-12 08:57:12 WARNING debug.logger:       [TMCMC] Observation penalty may be too weak (max_penalty/max_logL_range=0.0000 < 0.01)
2026-02-12 08:57:12 INFO debug.logger:       [TMCMC] Observation-corrected MAP matches standard MAP (no correction effect)
2026-02-12 08:57:12 INFO debug.logger:       [TMCMC] ROM errors: mean=0.000000, min=0.000000, max=0.000000
2026-02-12 08:57:12 INFO debug.logger:       [TMCMC] Posterior MAP-WeightedMean distance: 0.002175, WeightedMean shift (obs-corrected): 0.000000
2026-02-12 08:57:12 WARNING debug.logger:       [TMCMC] Keeping linearization OFF (unstable): ε_ROM(MAP)=0.664215 > 0.050000 (β=0.8011, threshold=0.750)
2026-02-12 08:57:15 WARNING debug.logger:       [TMCMC] ROM error sufficiently small (ε_ROM=0.000000 < 0.01)
2026-02-12 08:57:15 INFO debug.logger:       [TMCMC]    where ε_ROM = || φ̄_ROM(t_obs) − φ̄_FOM(t_obs) ||₂ / || φ̄_FOM(t_obs) ||₂
2026-02-12 08:57:15 INFO debug.logger:       [TMCMC] Stage 6: β=0.8011 (+0.0786)
2026-02-12 08:57:15 INFO debug.logger:       [TMCMC] Likelihood health (cumulative): {'n_calls': 0, 'n_tsm_fail': 0, 'n_output_nonfinite': 0, 'n_var_raw_negative': 0, 'n_var_raw_nonfinite': 0, 'n_var_total_clipped': 0}
2026-02-12 08:57:15 INFO debug.logger:       [TMCMC] Stage 7/30 starting...
2026-02-12 08:57:15 INFO core.tmcmc:       [TMCMC] Stage 7: β=0.8011 → 0.8714 (Δ=0.070248), ESS=500.0/500.0 (actual=500.0), logL range=[-15198.67, -15117.69], log_w range=5.69, w[min,max]=[4.42e-05,1.30e-02]
2026-02-12 08:57:15 INFO debug.logger:       [TMCMC] Resample degeneracy: unique=527/1000 (unique_ratio=0.527)
2026-02-12 08:57:15 INFO debug.logger:       [TMCMC] Proposal cov stats: trace(cov_base)=1.15e-05, trace(cov)=7.64e-06, scale=5.73e-07, nugget=1.00e-08, tempered_scale=3.25e-01, adapt_scale=2.00x, cond(cov)=9.56e+00
2026-02-12 20:30:33 INFO debug.logger:       [TMCMC] Post-mutation diversity: unique≈1000/1000 (unique_ratio≈1.000)
2026-02-12 20:30:33 INFO debug.logger:       [TMCMC] Stage 7: β=0.8714 (+0.0702)
2026-02-12 20:30:33 INFO debug.logger:       [TMCMC] Likelihood health (cumulative): {'n_calls': 0, 'n_tsm_fail': 0, 'n_output_nonfinite': 0, 'n_var_raw_negative': 0, 'n_var_raw_nonfinite': 0, 'n_var_total_clipped': 0}
2026-02-12 20:30:33 INFO debug.logger:       [TMCMC] Stage 8/30 starting...
2026-02-12 20:30:33 INFO core.tmcmc:       [TMCMC] Stage 8: β=0.8714 → 0.9303 (Δ=0.058967), ESS=500.0/500.0 (actual=500.0), logL range=[-15184.00, -15092.70], log_w range=5.38, w[min,max]=[4.70e-05,1.02e-02]
2026-02-12 20:30:33 INFO debug.logger:       [TMCMC] Resample degeneracy: unique=521/1000 (unique_ratio=0.521)
2026-02-12 20:30:33 INFO debug.logger:       [TMCMC] Proposal cov stats: trace(cov_base)=1.83e-05, trace(cov)=1.13e-05, scale=9.13e-07, nugget=1.00e-08, tempered_scale=3.04e-01, adapt_scale=2.00x, cond(cov)=1.41e+01
2026-02-13 08:03:55 INFO debug.logger:       [TMCMC] Post-mutation diversity: unique≈1000/1000 (unique_ratio≈1.000)
2026-02-13 08:03:55 INFO debug.logger:       [TMCMC] Stage 8: β=0.9303 (+0.0590)
2026-02-13 08:03:55 INFO debug.logger:       [TMCMC] Likelihood health (cumulative): {'n_calls': 0, 'n_tsm_fail': 0, 'n_output_nonfinite': 0, 'n_var_raw_negative': 0, 'n_var_raw_nonfinite': 0, 'n_var_total_clipped': 0}
2026-02-13 08:03:55 INFO debug.logger:       [TMCMC] Stage 9/30 starting...
2026-02-13 08:03:55 INFO core.tmcmc:       [TMCMC] Stage 9: β=0.9303 → 0.9838 (Δ=0.053488), ESS=500.0/500.0 (actual=500.0), logL range=[-15166.41, -15059.71], log_w range=5.71, w[min,max]=[4.03e-05,1.21e-02]
2026-02-13 08:03:55 INFO debug.logger:       [TMCMC] Resample degeneracy: unique=525/1000 (unique_ratio=0.525)
2026-02-13 08:03:55 INFO debug.logger:       [TMCMC] Proposal cov stats: trace(cov_base)=2.88e-05, trace(cov)=1.68e-05, scale=1.44e-06, nugget=1.00e-08, tempered_scale=2.88e-01, adapt_scale=2.00x, cond(cov)=2.78e+01
2026-02-13 19:36:42 INFO debug.logger:       [TMCMC] Post-mutation diversity: unique≈1000/1000 (unique_ratio≈1.000)
2026-02-13 19:36:42 INFO debug.logger:       [TMCMC] Computing ROM errors for 5/1000 particles (observation-based update)...
2026-02-13 19:36:56 INFO debug.logger:       [TMCMC] Scale check: logL=[-15166.41, -15113.29, -15059.71], log_penalty=[0.0000, 0.0000, 0.0000], log_post=[-14921.11, -14868.85, -14816.14], obs_score=[-14921.11, -14868.85, -14816.14]
2026-02-13 19:36:56 WARNING debug.logger:       [TMCMC] Observation penalty may be too weak (max_penalty/max_logL_range=0.0000 < 0.01)
2026-02-13 19:36:56 INFO debug.logger:       [TMCMC] Observation-corrected MAP matches standard MAP (no correction effect)
2026-02-13 19:36:56 INFO debug.logger:       [TMCMC] ROM errors: mean=0.000000, min=0.000000, max=0.000000
2026-02-13 19:36:56 INFO debug.logger:       [TMCMC] Posterior MAP-WeightedMean distance: 0.005888, WeightedMean shift (obs-corrected): 0.000000
2026-02-13 19:36:56 WARNING debug.logger:       [TMCMC] Keeping linearization OFF (unstable): ε_ROM(MAP)=0.664093 > 0.050000 (β=0.9838, threshold=0.750)
2026-02-13 19:36:59 WARNING debug.logger:       [TMCMC] ROM error sufficiently small (ε_ROM=0.000000 < 0.01)
2026-02-13 19:36:59 INFO debug.logger:       [TMCMC]    where ε_ROM = || φ̄_ROM(t_obs) − φ̄_FOM(t_obs) ||₂ / || φ̄_FOM(t_obs) ||₂
2026-02-13 19:36:59 INFO debug.logger:       [TMCMC] Stage 9: β=0.9838 (+0.0535)
2026-02-13 19:36:59 INFO debug.logger:       [TMCMC] Likelihood health (cumulative): {'n_calls': 0, 'n_tsm_fail': 0, 'n_output_nonfinite': 0, 'n_var_raw_negative': 0, 'n_var_raw_nonfinite': 0, 'n_var_total_clipped': 0}
2026-02-13 19:36:59 INFO debug.logger:       [TMCMC] Stage 10/30 starting...
2026-02-13 19:36:59 INFO core.tmcmc:       [TMCMC] Stage 10: β=0.9838 → 1.0000 (Δ=0.016174), ESS=930.4/500.0 (actual=930.4), logL range=[-15137.46, -15032.97], log_w range=1.69, w[min,max]=[4.22e-04,2.29e-03]
2026-02-13 19:36:59 INFO debug.logger:       [TMCMC] Resample degeneracy: unique=596/1000 (unique_ratio=0.596)
2026-02-13 19:36:59 INFO debug.logger:       [TMCMC] Proposal cov stats: trace(cov_base)=4.60e-05, trace(cov)=2.62e-05, scale=2.30e-06, nugget=1.00e-08, tempered_scale=2.83e-01, adapt_scale=2.00x, cond(cov)=4.21e+01
2026-02-14 07:08:13 INFO debug.logger:       [TMCMC] Post-mutation diversity: unique≈1000/1000 (unique_ratio≈1.000)
2026-02-14 07:08:13 INFO debug.logger:       [TMCMC] Stage 10: β=1.0000 (+0.0162)
2026-02-14 07:08:13 INFO debug.logger:       [TMCMC] Likelihood health (cumulative): {'n_calls': 0, 'n_tsm_fail': 0, 'n_output_nonfinite': 0, 'n_var_raw_negative': 0, 'n_var_raw_nonfinite': 0, 'n_var_total_clipped': 0}
2026-02-14 07:08:13 INFO debug.logger:       [TMCMC] ✓ Converged! β reached 1.0
2026-02-14 07:08:13 INFO debug.logger:       [TMCMC] ✅ TMCMC complete! Final β=1.0000
2026-02-14 07:08:13 INFO debug.logger:       [TMCMC] 🎯 MAP (posterior (observation-corrected)): [0.83293704 0.33264588 2.16866105 1.27935494 0.17071264 0.27324049
 1.23737676 1.34042314 0.1030094  0.26299962 1.72149108 1.01668466
 0.64124319 0.27150459 0.4911873  1.32815685 0.8908494  0.64455827
 0.82827665 0.31570363]
2026-02-14 07:08:13 INFO core.tmcmc: [Chain 1] Global MAP updated from 1 chains
2026-02-14 07:08:13 INFO core.tmcmc: Chain 2/2
2026-02-14 07:08:13 INFO core.tmcmc: [Chain 2] Using global MAP from previous chains
2026-02-14 07:08:13 INFO tmcmc_5species_tsm: TSM5S Linearization Point Updated (# 1)
2026-02-14 07:08:13 INFO core.evaluator: TSM initialized (linearization disabled initially for exploration)
2026-02-14 07:08:13 INFO core.tmcmc: [Chain 2] Initial linearization point set
2026-02-14 07:08:13 INFO core.tmcmc: [Commensal_Static_chain2] Parallelization: n_jobs=6 (effective=6), use_threads=False, n_particles=1000
2026-02-14 11:43:08 INFO debug.logger:       [TMCMC] Initial LogL: min=-191997.8, max=-17353.0
2026-02-14 11:43:08 INFO debug.logger:       [TMCMC] Model: Commensal_Static_chain2
2026-02-14 11:43:08 INFO debug.logger:       [TMCMC] Starting TMCMC with 1000 particles, 30 stages...
2026-02-14 11:43:08 INFO debug.logger:       [TMCMC] Stage 1/30 starting...
2026-02-14 11:43:08 INFO core.tmcmc:       [TMCMC] Stage 1: β=0.0000 → 0.0200 (Δ=0.020000), ESS=500.2/500.0 (actual=1.0), logL range=[-191997.82, -17352.97], log_w range=3492.90, w[min,max]=[0.00e+00,1.00e+00]
2026-02-14 11:43:08 INFO debug.logger:       [TMCMC] Resample degeneracy: unique=1/1000 (unique_ratio=0.001)
2026-02-14 11:43:08 INFO debug.logger:       [TMCMC] Proposal cov stats: trace(cov_base)=4.27e-27, trace(cov)=2.00e-07, scale=2.14e-28, nugget=1.00e-08, tempered_scale=2.83e+00, adapt_scale=2.00x, cond(cov)=1.00e+00
2026-02-15 10:38:00 INFO core.tmcmc: [Commensal_Static_chain2] Mutation Stage 1: 5000 proposals evaluated in parallel (n_jobs=6), 4431 accepted (rate=0.8862), time=82491.52s
2026-02-15 10:38:00 INFO debug.logger:       [TMCMC] Post-mutation diversity: unique≈1000/1000 (unique_ratio≈1.000)
2026-02-15 10:38:00 INFO debug.logger:       [TMCMC] Stage 1: β=0.0200 (+0.0200)
2026-02-15 10:38:00 INFO debug.logger:       [TMCMC] Likelihood health (cumulative): {'n_calls': 0, 'n_tsm_fail': 0, 'n_output_nonfinite': 0, 'n_var_raw_negative': 0, 'n_var_raw_nonfinite': 0, 'n_var_total_clipped': 0}
2026-02-15 10:38:00 INFO debug.logger:       [TMCMC] Stage 2/30 starting...
2026-02-15 10:38:00 INFO core.tmcmc:       [TMCMC] Stage 2: β=0.0200 → 0.0961 (Δ=0.076126), ESS=500.0/500.0 (actual=500.0), logL range=[-17384.20, -17311.54], log_w range=5.53, w[min,max]=[5.27e-05,1.33e-02]
2026-02-15 10:38:00 INFO debug.logger:       [TMCMC] Resample degeneracy: unique=546/1000 (unique_ratio=0.546)
2026-02-15 10:38:00 INFO debug.logger:       [TMCMC] ℹ️  High acceptance rate (0.886), increasing proposal scale: 2.95x
2026-02-15 10:38:00 INFO debug.logger:       [TMCMC] Proposal cov stats: trace(cov_base)=1.94e-07, trace(cov)=1.82e-06, scale=9.70e-09, nugget=1.00e-08, tempered_scale=2.83e+00, adapt_scale=2.95x, cond(cov)=2.15e+00
2026-02-16 09:31:30 INFO debug.logger:       [TMCMC] Post-mutation diversity: unique≈1000/1000 (unique_ratio≈1.000)
2026-02-16 09:31:30 INFO debug.logger:       [TMCMC] Stage 2: β=0.0961 (+0.0761)
2026-02-16 09:31:30 INFO debug.logger:       [TMCMC] Likelihood health (cumulative): {'n_calls': 0, 'n_tsm_fail': 0, 'n_output_nonfinite': 0, 'n_var_raw_negative': 0, 'n_var_raw_nonfinite': 0, 'n_var_total_clipped': 0}
2026-02-16 09:31:30 INFO debug.logger:       [TMCMC] Stage 3/30 starting...
2026-02-16 09:31:30 INFO core.tmcmc:       [TMCMC] Stage 3: β=0.0961 → 0.1282 (Δ=0.032122), ESS=500.0/500.0 (actual=500.0), logL range=[-17379.02, -17225.42], log_w range=4.93, w[min,max]=[6.73e-05,9.35e-03]
2026-02-16 09:31:30 INFO debug.logger:       [TMCMC] Resample degeneracy: unique=531/1000 (unique_ratio=0.531)
2026-02-16 09:31:30 INFO debug.logger:       [TMCMC] Proposal cov stats: trace(cov_base)=2.00e-06, trace(cov)=9.03e-06, scale=9.99e-08, nugget=1.00e-08, tempered_scale=2.21e+00, adapt_scale=2.00x, cond(cov)=3.34e+00
2026-02-17 08:28:10 INFO debug.logger:       [TMCMC] Post-mutation diversity: unique≈1000/1000 (unique_ratio≈1.000)
2026-02-17 08:28:10 INFO debug.logger:       [TMCMC] Stage 3: β=0.1282 (+0.0321)
2026-02-17 08:28:10 INFO debug.logger:       [TMCMC] Likelihood health (cumulative): {'n_calls': 0, 'n_tsm_fail': 0, 'n_output_nonfinite': 0, 'n_var_raw_negative': 0, 'n_var_raw_nonfinite': 0, 'n_var_total_clipped': 0}
2026-02-17 08:28:10 INFO debug.logger:       [TMCMC] Stage 4/30 starting...
2026-02-17 08:28:10 INFO core.tmcmc:       [TMCMC] Stage 4: β=0.1282 → 0.1482 (Δ=0.020000), ESS=500.0/500.0 (actual=487.0), logL range=[-17341.64, -17082.21], log_w range=5.19, w[min,max]=[6.57e-05,1.18e-02]
2026-02-17 08:28:10 INFO debug.logger:       [TMCMC] Resample degeneracy: unique=523/1000 (unique_ratio=0.523)
2026-02-17 08:28:10 INFO debug.logger:       [TMCMC] Proposal cov stats: trace(cov_base)=1.00e-05, trace(cov)=3.85e-05, scale=5.01e-07, nugget=1.00e-08, tempered_scale=1.91e+00, adapt_scale=2.00x, cond(cov)=4.30e+00
2026-02-18 07:22:33 INFO debug.logger:       [TMCMC] Post-mutation diversity: unique≈999/1000 (unique_ratio≈0.999)
2026-02-18 07:22:33 INFO debug.logger:       [TMCMC] Stage 4: β=0.1482 (+0.0200)
2026-02-18 07:22:33 INFO debug.logger:       [TMCMC] Likelihood health (cumulative): {'n_calls': 0, 'n_tsm_fail': 0, 'n_output_nonfinite': 0, 'n_var_raw_negative': 0, 'n_var_raw_nonfinite': 0, 'n_var_total_clipped': 0}
2026-02-18 07:22:33 INFO debug.logger:       [TMCMC] Stage 5/30 starting...
2026-02-18 07:22:33 INFO core.tmcmc:       [TMCMC] Stage 5: β=0.1482 → 0.1682 (Δ=0.020000), ESS=500.0/500.0 (actual=293.0), logL range=[-17303.26, -16925.48], log_w range=7.56, w[min,max]=[8.15e-06,1.56e-02]
2026-02-18 07:22:33 INFO debug.logger:       [TMCMC] Resample degeneracy: unique=441/1000 (unique_ratio=0.441)
2026-02-18 07:22:33 INFO debug.logger:       [TMCMC] Proposal cov stats: trace(cov_base)=4.96e-05, trace(cov)=1.67e-04, scale=2.48e-06, nugget=1.00e-08, tempered_scale=1.68e+00, adapt_scale=2.00x, cond(cov)=1.13e+01
2026-02-19 06:17:14 INFO debug.logger:       [TMCMC] Post-mutation diversity: unique≈996/1000 (unique_ratio≈0.996)
2026-02-19 06:17:14 INFO debug.logger:       [TMCMC] Stage 5: β=0.1682 (+0.0200)
2026-02-19 06:17:14 INFO debug.logger:       [TMCMC] Likelihood health (cumulative): {'n_calls': 0, 'n_tsm_fail': 0, 'n_output_nonfinite': 0, 'n_var_raw_negative': 0, 'n_var_raw_nonfinite': 0, 'n_var_total_clipped': 0}
2026-02-19 06:17:14 INFO debug.logger:       [TMCMC] Stage 6/30 starting...
2026-02-19 06:17:14 INFO core.tmcmc:       [TMCMC] Stage 6: β=0.1682 → 0.1882 (Δ=0.020000), ESS=500.0/500.0 (actual=192.6), logL range=[-17165.30, -16698.40], log_w range=9.34, w[min,max]=[2.45e-06,2.78e-02]
2026-02-19 06:17:14 INFO debug.logger:       [TMCMC] Resample degeneracy: unique=375/1000 (unique_ratio=0.375)
2026-02-19 06:17:14 INFO debug.logger:       [TMCMC] Proposal cov stats: trace(cov_base)=2.20e-04, trace(cov)=6.63e-04, scale=1.10e-05, nugget=1.00e-08, tempered_scale=1.50e+00, adapt_scale=2.00x, cond(cov)=3.53e+01
2026-02-20 05:12:46 INFO debug.logger:       [TMCMC] Post-mutation diversity: unique≈998/1000 (unique_ratio≈0.998)
2026-02-20 05:12:46 INFO debug.logger:       [TMCMC] Stage 6: β=0.1882 (+0.0200)
2026-02-20 05:12:46 INFO debug.logger:       [TMCMC] Likelihood health (cumulative): {'n_calls': 0, 'n_tsm_fail': 0, 'n_output_nonfinite': 0, 'n_var_raw_negative': 0, 'n_var_raw_nonfinite': 0, 'n_var_total_clipped': 0}
2026-02-20 05:12:46 INFO debug.logger:       [TMCMC] Stage 7/30 starting...
2026-02-20 05:12:46 INFO core.tmcmc:       [TMCMC] Stage 7: β=0.1882 → 0.2082 (Δ=0.020000), ESS=500.0/500.0 (actual=71.2), logL range=[-17010.43, -16402.96], log_w range=12.15, w[min,max]=[4.55e-07,8.59e-02]
2026-02-20 05:12:46 INFO debug.logger:       [TMCMC] Resample degeneracy: unique=324/1000 (unique_ratio=0.324)
2026-02-20 05:12:46 INFO debug.logger:       [TMCMC] Proposal cov stats: trace(cov_base)=8.11e-04, trace(cov)=2.20e-03, scale=4.05e-05, nugget=1.00e-08, tempered_scale=1.36e+00, adapt_scale=2.00x, cond(cov)=6.84e+01
2026-02-21 01:21:41 INFO debug.logger:       [TMCMC] Post-mutation diversity: unique≈986/1000 (unique_ratio≈0.986)
2026-02-21 01:21:41 INFO debug.logger:       [TMCMC] Stage 7: β=0.2082 (+0.0200)
2026-02-21 01:21:41 INFO debug.logger:       [TMCMC] Likelihood health (cumulative): {'n_calls': 0, 'n_tsm_fail': 0, 'n_output_nonfinite': 0, 'n_var_raw_negative': 0, 'n_var_raw_nonfinite': 0, 'n_var_total_clipped': 0}
2026-02-21 01:21:41 INFO debug.logger:       [TMCMC] Stage 8/30 starting...
2026-02-21 01:21:41 INFO core.tmcmc:       [TMCMC] Stage 8: β=0.2082 → 0.2282 (Δ=0.020000), ESS=500.0/500.0 (actual=2.3), logL range=[-16760.82, -15927.99], log_w range=16.66, w[min,max]=[3.85e-08,6.59e-01]
2026-02-21 01:21:41 INFO debug.logger:       [TMCMC] Resample degeneracy: unique=151/1000 (unique_ratio=0.151)
2026-02-21 01:21:41 INFO debug.logger:       [TMCMC] Proposal cov stats: trace(cov_base)=1.30e-03, trace(cov)=3.23e-03, scale=6.50e-05, nugget=1.01e-08, tempered_scale=1.24e+00, adapt_scale=2.00x, cond(cov)=6.30e+02
2026-02-21 16:39:10 INFO debug.logger:       [TMCMC] Post-mutation diversity: unique≈976/1000 (unique_ratio≈0.976)
2026-02-21 16:39:10 INFO debug.logger:       [TMCMC] Stage 8: β=0.2282 (+0.0200)
2026-02-21 16:39:10 INFO debug.logger:       [TMCMC] Likelihood health (cumulative): {'n_calls': 0, 'n_tsm_fail': 0, 'n_output_nonfinite': 0, 'n_var_raw_negative': 0, 'n_var_raw_nonfinite': 0, 'n_var_total_clipped': 0}
2026-02-21 16:39:10 INFO debug.logger:       [TMCMC] Stage 9/30 starting...
2026-02-21 16:39:10 INFO core.tmcmc:       [TMCMC] Stage 9: β=0.2282 → 0.2482 (Δ=0.020000), ESS=500.0/500.0 (actual=6.3), logL range=[-16410.59, -15189.83], log_w range=24.42, w[min,max]=[6.67e-12,2.68e-01]
2026-02-21 16:39:10 INFO debug.logger:       [TMCMC] Resample degeneracy: unique=67/1000 (unique_ratio=0.067)
2026-02-21 16:39:10 INFO debug.logger:       [TMCMC] Proposal cov stats: trace(cov_base)=1.95e-03, trace(cov)=4.46e-03, scale=9.77e-05, nugget=1.01e-08, tempered_scale=1.14e+00, adapt_scale=2.00x, cond(cov)=5.38e+03
2026-02-22 07:54:44 INFO debug.logger:       [TMCMC] Post-mutation diversity: unique≈935/1000 (unique_ratio≈0.935)
2026-02-22 07:54:44 INFO debug.logger:       [TMCMC] Stage 9: β=0.2482 (+0.0200)
2026-02-22 07:54:44 INFO debug.logger:       [TMCMC] Likelihood health (cumulative): {'n_calls': 0, 'n_tsm_fail': 0, 'n_output_nonfinite': 0, 'n_var_raw_negative': 0, 'n_var_raw_nonfinite': 0, 'n_var_total_clipped': 0}
2026-02-22 07:54:44 INFO debug.logger:       [TMCMC] Stage 10/30 starting...
2026-02-22 07:54:44 INFO core.tmcmc:       [TMCMC] Stage 10: β=0.2482 → 0.2682 (Δ=0.020000), ESS=500.0/500.0 (actual=37.4), logL range=[-15654.10, -14745.90], log_w range=18.16, w[min,max]=[1.67e-09,1.30e-01]
2026-02-22 07:54:44 INFO debug.logger:       [TMCMC] Resample degeneracy: unique=239/1000 (unique_ratio=0.239)
2026-02-22 07:54:44 INFO debug.logger:       [TMCMC] Proposal cov stats: trace(cov_base)=4.43e-03, trace(cov)=9.36e-03, scale=2.22e-04, nugget=1.02e-08, tempered_scale=1.06e+00, adapt_scale=2.00x, cond(cov)=1.13e+04
2026-02-22 23:09:50 INFO debug.logger:       [TMCMC] Post-mutation diversity: unique≈973/1000 (unique_ratio≈0.973)
2026-02-22 23:09:50 INFO debug.logger:       [TMCMC] Stage 10: β=0.2682 (+0.0200)
2026-02-22 23:09:50 INFO debug.logger:       [TMCMC] Likelihood health (cumulative): {'n_calls': 0, 'n_tsm_fail': 0, 'n_output_nonfinite': 0, 'n_var_raw_negative': 0, 'n_var_raw_nonfinite': 0, 'n_var_total_clipped': 0}
2026-02-22 23:09:50 INFO debug.logger:       [TMCMC] Stage 11/30 starting...
2026-02-22 23:09:50 INFO core.tmcmc:       [TMCMC] Stage 11: β=0.2682 → 0.2882 (Δ=0.020000), ESS=500.0/500.0 (actual=19.8), logL range=[-15204.44, -14357.19], log_w range=16.94, w[min,max]=[8.16e-09,1.87e-01]
2026-02-22 23:09:50 INFO debug.logger:       [TMCMC] Resample degeneracy: unique=198/1000 (unique_ratio=0.198)
2026-02-22 23:09:50 INFO debug.logger:       [TMCMC] Proposal cov stats: trace(cov_base)=8.62e-03, trace(cov)=1.69e-02, scale=4.31e-04, nugget=1.04e-08, tempered_scale=9.83e-01, adapt_scale=2.00x, cond(cov)=7.76e+03
2026-02-23 14:26:57 INFO debug.logger:       [TMCMC] Post-mutation diversity: unique≈949/1000 (unique_ratio≈0.949)
2026-02-23 14:26:57 INFO debug.logger:       [TMCMC] Stage 11: β=0.2882 (+0.0200)
2026-02-23 14:26:57 INFO debug.logger:       [TMCMC] Likelihood health (cumulative): {'n_calls': 0, 'n_tsm_fail': 0, 'n_output_nonfinite': 0, 'n_var_raw_negative': 0, 'n_var_raw_nonfinite': 0, 'n_var_total_clipped': 0}
2026-02-23 14:26:57 INFO debug.logger:       [TMCMC] Stage 12/30 starting...
2026-02-23 14:26:57 INFO core.tmcmc:       [TMCMC] Stage 12: β=0.2882 → 0.3082 (Δ=0.020000), ESS=500.0/500.0 (actual=19.0), logL range=[-14737.28, -13959.08], log_w range=15.56, w[min,max]=[2.54e-08,1.46e-01]
2026-02-23 14:26:57 INFO debug.logger:       [TMCMC] Resample degeneracy: unique=209/1000 (unique_ratio=0.209)
2026-02-23 14:26:57 INFO debug.logger:       [TMCMC] Proposal cov stats: trace(cov_base)=1.64e-02, trace(cov)=3.01e-02, scale=8.19e-04, nugget=1.08e-08, tempered_scale=9.19e-01, adapt_scale=2.00x, cond(cov)=1.79e+04
2026-02-24 05:43:21 INFO debug.logger:       [TMCMC] Post-mutation diversity: unique≈948/1000 (unique_ratio≈0.948)
2026-02-24 05:43:21 INFO debug.logger:       [TMCMC] Stage 12: β=0.3082 (+0.0200)
2026-02-24 05:43:21 INFO debug.logger:       [TMCMC] Likelihood health (cumulative): {'n_calls': 0, 'n_tsm_fail': 0, 'n_output_nonfinite': 0, 'n_var_raw_negative': 0, 'n_var_raw_nonfinite': 0, 'n_var_total_clipped': 0}
2026-02-24 05:43:21 INFO debug.logger:       [TMCMC] Stage 13/30 starting...
2026-02-24 05:43:21 INFO core.tmcmc:       [TMCMC] Stage 13: β=0.3082 → 0.3282 (Δ=0.020000), ESS=500.0/500.0 (actual=42.7), logL range=[-14426.01, -13570.62], log_w range=17.11, w[min,max]=[3.78e-09,1.02e-01]
2026-02-24 05:43:21 INFO debug.logger:       [TMCMC] Resample degeneracy: unique=224/1000 (unique_ratio=0.224)
2026-02-24 05:43:21 INFO debug.logger:       [TMCMC] Proposal cov stats: trace(cov_base)=2.67e-02, trace(cov)=4.62e-02, scale=1.34e-03, nugget=1.13e-08, tempered_scale=8.63e-01, adapt_scale=2.00x, cond(cov)=1.39e+04
2026-02-24 20:58:40 INFO debug.logger:       [TMCMC] Post-mutation diversity: unique≈967/1000 (unique_ratio≈0.967)
2026-02-24 20:58:40 INFO debug.logger:       [TMCMC] Stage 13: β=0.3282 (+0.0200)
2026-02-24 20:58:40 INFO debug.logger:       [TMCMC] Likelihood health (cumulative): {'n_calls': 0, 'n_tsm_fail': 0, 'n_output_nonfinite': 0, 'n_var_raw_negative': 0, 'n_var_raw_nonfinite': 0, 'n_var_total_clipped': 0}
2026-02-24 20:58:40 INFO debug.logger:       [TMCMC] Stage 14/30 starting...
2026-02-24 20:58:40 INFO core.tmcmc:       [TMCMC] Stage 14: β=0.3282 → 0.3482 (Δ=0.020000), ESS=500.0/500.0 (actual=54.7), logL range=[-13976.56, -13278.07], log_w range=13.97, w[min,max]=[6.23e-08,7.26e-02]
2026-02-24 20:58:40 INFO debug.logger:       [TMCMC] Resample degeneracy: unique=261/1000 (unique_ratio=0.261)
2026-02-24 20:58:40 INFO debug.logger:       [TMCMC] Proposal cov stats: trace(cov_base)=4.47e-02, trace(cov)=7.27e-02, scale=2.23e-03, nugget=1.22e-08, tempered_scale=8.13e-01, adapt_scale=2.00x, cond(cov)=1.88e+04
2026-02-25 16:35:57 INFO debug.logger:       [TMCMC] Post-mutation diversity: unique≈944/1000 (unique_ratio≈0.944)
2026-02-25 16:35:57 INFO debug.logger:       [TMCMC] Stage 14: β=0.3482 (+0.0200)
2026-02-25 16:35:57 INFO debug.logger:       [TMCMC] Likelihood health (cumulative): {'n_calls': 0, 'n_tsm_fail': 0, 'n_output_nonfinite': 0, 'n_var_raw_negative': 0, 'n_var_raw_nonfinite': 0, 'n_var_total_clipped': 0}
2026-02-25 16:35:57 INFO debug.logger:       [TMCMC] Stage 15/30 starting...
2026-02-25 16:35:57 INFO core.tmcmc:       [TMCMC] Stage 15: β=0.3482 → 0.3682 (Δ=0.020000), ESS=500.0/500.0 (actual=40.8), logL range=[-13707.13, -12972.61], log_w range=14.69, w[min,max]=[4.54e-08,1.09e-01]
2026-02-25 16:35:57 INFO debug.logger:       [TMCMC] Resample degeneracy: unique=240/1000 (unique_ratio=0.240)
2026-02-25 16:35:57 INFO debug.logger:       [TMCMC] Proposal cov stats: trace(cov_base)=1.11e-01, trace(cov)=1.70e-01, scale=5.53e-03, nugget=1.55e-08, tempered_scale=7.69e-01, adapt_scale=2.00x, cond(cov)=4.79e+04
2026-02-26 15:26:16 INFO debug.logger:       [TMCMC] Post-mutation diversity: unique≈923/1000 (unique_ratio≈0.923)
2026-02-26 15:26:16 INFO debug.logger:       [TMCMC] Stage 15: β=0.3682 (+0.0200)
2026-02-26 15:26:16 INFO debug.logger:       [TMCMC] Likelihood health (cumulative): {'n_calls': 0, 'n_tsm_fail': 0, 'n_output_nonfinite': 0, 'n_var_raw_negative': 0, 'n_var_raw_nonfinite': 0, 'n_var_total_clipped': 0}
2026-02-26 15:26:16 INFO debug.logger:       [TMCMC] Stage 16/30 starting...
2026-02-26 15:26:16 INFO core.tmcmc:       [TMCMC] Stage 16: β=0.3682 → 0.3882 (Δ=0.020000), ESS=500.0/500.0 (actual=50.0), logL range=[-13490.86, -12695.37], log_w range=15.91, w[min,max]=[9.12e-09,7.40e-02]
2026-02-26 15:26:16 INFO debug.logger:       [TMCMC] Resample degeneracy: unique=252/1000 (unique_ratio=0.252)
2026-02-26 15:26:16 INFO debug.logger:       [TMCMC] Proposal cov stats: trace(cov_base)=1.88e-01, trace(cov)=2.74e-01, scale=9.38e-03, nugget=1.94e-08, tempered_scale=7.29e-01, adapt_scale=2.00x, cond(cov)=6.20e+04
2026-02-27 14:16:10 INFO debug.logger:       [TMCMC] Post-mutation diversity: unique≈929/1000 (unique_ratio≈0.929)
2026-02-27 14:16:10 INFO debug.logger:       [TMCMC] Stage 16: β=0.3882 (+0.0200)
2026-02-27 14:16:10 INFO debug.logger:       [TMCMC] Likelihood health (cumulative): {'n_calls': 0, 'n_tsm_fail': 0, 'n_output_nonfinite': 0, 'n_var_raw_negative': 0, 'n_var_raw_nonfinite': 0, 'n_var_total_clipped': 0}
2026-02-27 14:16:10 INFO debug.logger:       [TMCMC] Stage 17/30 starting...
2026-02-27 14:16:10 INFO core.tmcmc:       [TMCMC] Stage 17: β=0.3882 → 0.4082 (Δ=0.020000), ESS=500.0/500.0 (actual=73.7), logL range=[-13071.53, -12436.05], log_w range=12.71, w[min,max]=[1.68e-07,5.57e-02]
2026-02-27 14:16:10 INFO debug.logger:       [TMCMC] Resample degeneracy: unique=276/1000 (unique_ratio=0.276)
2026-02-27 14:16:10 INFO debug.logger:       [TMCMC] Proposal cov stats: trace(cov_base)=2.62e-01, trace(cov)=3.63e-01, scale=1.31e-02, nugget=2.31e-08, tempered_scale=6.94e-01, adapt_scale=2.00x, cond(cov)=7.22e+04
2026-02-28 06:35:38 INFO debug.logger:       [TMCMC] Post-mutation diversity: unique≈915/1000 (unique_ratio≈0.915)
2026-02-28 06:35:38 INFO debug.logger:       [TMCMC] Stage 17: β=0.4082 (+0.0200)
2026-02-28 06:35:38 INFO debug.logger:       [TMCMC] Likelihood health (cumulative): {'n_calls': 0, 'n_tsm_fail': 0, 'n_output_nonfinite': 0, 'n_var_raw_negative': 0, 'n_var_raw_nonfinite': 0, 'n_var_total_clipped': 0}
2026-02-28 06:35:38 INFO debug.logger:       [TMCMC] Stage 18/30 starting...
2026-02-28 06:35:38 INFO core.tmcmc:       [TMCMC] Stage 18: β=0.4082 → 0.4282 (Δ=0.020000), ESS=500.0/500.0 (actual=75.9), logL range=[-12817.78, -12182.70], log_w range=12.70, w[min,max]=[2.00e-07,6.58e-02]
2026-02-28 06:35:38 INFO debug.logger:       [TMCMC] Resample degeneracy: unique=309/1000 (unique_ratio=0.309)
2026-02-28 06:35:38 INFO debug.logger:       [TMCMC] Proposal cov stats: trace(cov_base)=3.40e-01, trace(cov)=4.50e-01, scale=1.70e-02, nugget=2.70e-08, tempered_scale=6.61e-01, adapt_scale=2.00x, cond(cov)=5.67e+04
2026-02-28 21:46:58 INFO debug.logger:       [TMCMC] Post-mutation diversity: unique≈907/1000 (unique_ratio≈0.907)
2026-02-28 21:46:58 INFO debug.logger:       [TMCMC] Stage 18: β=0.4282 (+0.0200)
2026-02-28 21:46:58 INFO debug.logger:       [TMCMC] Likelihood health (cumulative): {'n_calls': 0, 'n_tsm_fail': 0, 'n_output_nonfinite': 0, 'n_var_raw_negative': 0, 'n_var_raw_nonfinite': 0, 'n_var_total_clipped': 0}
2026-02-28 21:46:58 INFO debug.logger:       [TMCMC] Stage 19/30 starting...
2026-02-28 21:46:58 INFO core.tmcmc:       [TMCMC] Stage 19: β=0.4282 → 0.4482 (Δ=0.020000), ESS=500.0/500.0 (actual=18.8), logL range=[-12539.24, -11858.53], log_w range=13.61, w[min,max]=[2.57e-07,2.10e-01]
2026-02-28 21:46:58 INFO debug.logger:       [TMCMC] Resample degeneracy: unique=235/1000 (unique_ratio=0.235)
2026-02-28 21:46:58 INFO debug.logger:       [TMCMC] Proposal cov stats: trace(cov_base)=4.21e-01, trace(cov)=5.32e-01, scale=2.11e-02, nugget=3.11e-08, tempered_scale=6.32e-01, adapt_scale=2.00x, cond(cov)=4.33e+04
