2026-02-17 08:15:00 WARNING __main__: Slack webhook URL is a placeholder. Notifications disabled.
2026-02-17 08:15:00 INFO __main__: Slack notifications disabled (no webhook URL)
2026-02-17 08:15:00 INFO __main__: Output directory: /home/nishioka/IKM_Hiwi/Tmcmc202601/data_5species/_runs/sweep_pg_20260217_081459/dh_hill002_wpg5_wlate3
2026-02-17 08:15:00 INFO __main__: Loading experimental data...
2026-02-17 08:15:00 INFO __main__: Loading Dysbiotic HOBIC data: 6 timepoints, days=[np.int64(1), np.int64(3), np.int64(6), np.int64(10), np.int64(15), np.int64(21)]
2026-02-17 08:15:00 INFO __main__: Auto-calculated day_scale: 0.011310
2026-02-17 08:15:00 INFO __main__: Experimental days: [ 1  3  6 10 15 21]
2026-02-17 08:15:00 INFO __main__: Model indices: [ 113  339  679 1131 1696 2375]
2026-02-17 08:15:00 INFO __main__: Data (absolute volumes):
[[0.018   0.0045  0.423   0.00225 0.00225]
 [0.012   0.004   0.388   0.002   0.002  ]
 [0.0525  0.09    0.6375  0.00375 0.00375]
 [0.0744  0.093   0.465   0.0496  0.0031 ]
 [0.012   0.21    0.21    0.12    0.012  ]
 [0.006   0.21    0.15    0.18    0.108  ]]
2026-02-17 08:15:00 INFO __main__: Checkpointing enabled: saving every 5 stages to /home/nishioka/IKM_Hiwi/Tmcmc202601/data_5species/_runs/sweep_pg_20260217_081459/dh_hill002_wpg5_wlate3/checkpoints
2026-02-17 08:15:00 INFO __main__: Running parameter estimation...
2026-02-17 08:15:00 INFO __main__: Nishioka Algorithm: Retrieving bounds and locked indices for Dysbiotic HOBIC...
2026-02-17 08:15:00 INFO __main__: Nishioka Algorithm: Locking indices [] to 0.0
2026-02-17 08:15:00 INFO __main__: Reduced parameter space to 20 parameters: [0, 1, 2, 3, 4, 5, 6, 7, 8, 9, 10, 11, 12, 13, 14, 15, 16, 17, 18, 19]
2026-02-17 08:15:00 INFO __main__: Using sigma_obs = 0.23209876543209873
2026-02-17 08:15:00 INFO __main__: Data shape: (6, 5)
2026-02-17 08:15:00 INFO __main__: idx_sparse: [ 113  339  679 1131 1696 2375]
2026-02-17 08:15:00 INFO __main__: Weighted likelihood enabled: lambda_pg=5.0, lambda_late=3.0, n_late=2
2026-02-17 08:15:00 INFO __main__: Weight matrix:
[[ 1.  1.  1.  1.  5.]
 [ 1.  1.  1.  1.  5.]
 [ 1.  1.  1.  1.  5.]
 [ 1.  1.  1.  1.  5.]
 [ 3.  3.  3.  3. 15.]
 [ 3.  3.  3.  3. 15.]]
2026-02-17 08:15:00 INFO __main__: Starting TMCMC estimation...
2026-02-17 08:15:00 INFO core.tmcmc: [Dysbiotic_HOBIC] Running 2 TMCMC chains (β tempering + linearization update)...
2026-02-17 08:15:00 INFO core.tmcmc: Chain 1/2
2026-02-17 08:15:00 INFO tmcmc_5species_tsm: TSM5S Linearization Point Updated (# 1)
2026-02-17 08:15:00 INFO core.evaluator: TSM initialized (linearization disabled initially for exploration)
2026-02-17 08:15:00 INFO core.tmcmc: [Chain 1] Initial linearization point set
2026-02-17 08:15:00 INFO core.tmcmc: [Dysbiotic_HOBIC_chain1] Parallelization: n_jobs=12 (effective=12), use_threads=False, n_particles=500
2026-02-17 08:38:03 INFO debug.logger:       [TMCMC] Initial LogL: min=-80.5, max=33.6
2026-02-17 08:38:03 INFO debug.logger:       [TMCMC] Model: Dysbiotic_HOBIC_chain1
2026-02-17 08:38:03 INFO debug.logger:       [TMCMC] Starting TMCMC with 500 particles, 30 stages...
2026-02-17 08:38:03 INFO debug.logger:       [TMCMC] Stage 1/30 starting...
2026-02-17 08:38:03 INFO core.tmcmc:       [TMCMC] Stage 1: β=0.0000 → 0.5000 (Δ=0.500000), ESS=250.0/250.0 (actual=317.2), logL range=[-80.46, 33.55], log_w range=57.01, w[min,max]=[1.47e-27,8.41e-03]
2026-02-17 08:38:03 INFO debug.logger:       [TMCMC] Resample degeneracy: unique=255/500 (unique_ratio=0.510)
2026-02-17 08:38:03 INFO debug.logger:       [TMCMC] Proposal cov stats: trace(cov_base)=1.72e+02, trace(cov)=1.95e+02, scale=8.59e+00, nugget=8.60e-06, tempered_scale=5.66e-01, adapt_scale=2.00x, cond(cov)=4.33e+03
2026-02-17 10:28:56 INFO core.tmcmc: [Dysbiotic_HOBIC_chain1] Mutation Stage 1: 2500 proposals evaluated in parallel (n_jobs=12), 1789 accepted (rate=0.7156), time=6653.74s
2026-02-17 10:28:56 INFO debug.logger:       [TMCMC] Post-mutation diversity: unique≈499/500 (unique_ratio≈0.998)
2026-02-17 10:28:56 INFO debug.logger:       [TMCMC] Stage 1: β=0.5000 (+0.5000)
2026-02-17 10:28:56 INFO debug.logger:       [TMCMC] Likelihood health (cumulative): {'n_calls': 0, 'n_tsm_fail': 0, 'n_output_nonfinite': 0, 'n_var_raw_negative': 0, 'n_var_raw_nonfinite': 0, 'n_var_total_clipped': 0}
2026-02-17 10:28:56 INFO debug.logger:       [TMCMC] Stage 2/30 starting...
2026-02-17 10:28:56 INFO core.tmcmc:       [TMCMC] Stage 2: β=0.5000 → 1.0000 (Δ=0.500000), ESS=437.3/250.0 (actual=437.3), logL range=[27.08, 33.72], log_w range=3.32, w[min,max]=[2.05e-04,5.70e-03]
2026-02-17 10:28:56 INFO debug.logger:       [TMCMC] Resample degeneracy: unique=305/500 (unique_ratio=0.610)
2026-02-17 10:28:56 INFO debug.logger:       [TMCMC] ℹ️  High acceptance rate (0.716), increasing proposal scale: 2.39x
2026-02-17 10:28:56 INFO debug.logger:       [TMCMC] Proposal cov stats: trace(cov_base)=1.87e+02, trace(cov)=1.27e+02, scale=9.37e+00, nugget=9.38e-06, tempered_scale=2.83e-01, adapt_scale=2.39x, cond(cov)=5.11e+03
2026-02-17 12:19:53 INFO debug.logger:       [TMCMC] Post-mutation diversity: unique≈491/500 (unique_ratio≈0.982)
2026-02-17 12:19:53 INFO debug.logger:       [TMCMC] Stage 2: β=1.0000 (+0.5000)
2026-02-17 12:19:53 INFO debug.logger:       [TMCMC] Likelihood health (cumulative): {'n_calls': 0, 'n_tsm_fail': 0, 'n_output_nonfinite': 0, 'n_var_raw_negative': 0, 'n_var_raw_nonfinite': 0, 'n_var_total_clipped': 0}
2026-02-17 12:19:53 INFO debug.logger:       [TMCMC] Stage 3/30 starting...
2026-02-17 12:19:53 INFO core.tmcmc:       [TMCMC] Stage 3: β=1.0000 → 1.0000 (Δ=0.000000), ESS=500.0/250.0 (actual=500.0), logL range=[29.60, 34.18], log_w range=0.00, w[min,max]=[2.00e-03,2.00e-03]
2026-02-17 12:19:53 INFO debug.logger:       [TMCMC] Resample degeneracy: unique=302/500 (unique_ratio=0.604)
2026-02-17 12:19:53 INFO debug.logger:       [TMCMC] ℹ️  High acceptance rate (0.658), increasing proposal scale: 2.19x
2026-02-17 12:19:53 INFO debug.logger:       [TMCMC] Proposal cov stats: trace(cov_base)=1.85e+02, trace(cov)=1.15e+02, scale=9.24e+00, nugget=9.25e-06, tempered_scale=2.83e-01, adapt_scale=2.19x, cond(cov)=5.34e+03
2026-02-17 14:10:24 INFO debug.logger:       [TMCMC] Post-mutation diversity: unique≈489/500 (unique_ratio≈0.978)
2026-02-17 14:10:24 INFO debug.logger:       [TMCMC] Computing ROM errors for 5/500 particles (observation-based update)...
2026-02-17 14:11:15 INFO debug.logger:       [TMCMC] Scale check: logL=[29.60, 31.71, 34.18], log_penalty=[0.0000, 0.0000, 0.0000], log_post=[29.60, 31.71, 34.18], obs_score=[29.60, 31.71, 34.18]
2026-02-17 14:11:15 WARNING debug.logger:       [TMCMC] Observation penalty may be too weak (max_penalty/max_logL_range=0.0000 < 0.01)
2026-02-17 14:11:15 INFO debug.logger:       [TMCMC] Observation-corrected MAP matches standard MAP (no correction effect)
2026-02-17 14:11:15 INFO debug.logger:       [TMCMC] ROM errors: mean=0.000000, min=0.000000, max=0.000000
2026-02-17 14:11:15 INFO debug.logger:       [TMCMC] Posterior MAP-WeightedMean distance: 14.684834, WeightedMean shift (obs-corrected): 0.000000
2026-02-17 14:11:16 WARNING debug.logger:       [TMCMC] Keeping linearization OFF (unstable): ε_ROM(MAP)=0.762100 > 0.050000 (β=1.0000, threshold=0.750)
2026-02-17 14:11:21 WARNING debug.logger:       [TMCMC] ROM error sufficiently small (ε_ROM=0.000000 < 0.01)
2026-02-17 14:11:21 INFO debug.logger:       [TMCMC]    where ε_ROM = || φ̄_ROM(t_obs) − φ̄_FOM(t_obs) ||₂ / || φ̄_FOM(t_obs) ||₂
2026-02-17 14:11:21 INFO debug.logger:       [TMCMC] Stage 3: β=1.0000 (+0.0000)
2026-02-17 14:11:21 INFO debug.logger:       [TMCMC] Likelihood health (cumulative): {'n_calls': 0, 'n_tsm_fail': 0, 'n_output_nonfinite': 0, 'n_var_raw_negative': 0, 'n_var_raw_nonfinite': 0, 'n_var_total_clipped': 0}
2026-02-17 14:11:21 INFO debug.logger:       [TMCMC] ✓ Converged! β reached 1.0
2026-02-17 14:11:21 INFO debug.logger:       [TMCMC] ✅ TMCMC complete! Final β=1.0000
2026-02-17 14:11:21 INFO debug.logger:       [TMCMC] 🎯 MAP (posterior (observation-corrected)): [ 4.24980492  0.06909494  0.64876127  0.83741312  1.69645057  0.63457009
  2.36013191  4.30357239  2.94776334  0.17270406  0.76048972  2.64225057
  7.61905027  1.1212724   0.6499322   0.39841126 -0.43483777  2.50147531
 23.6416223   1.61307389]
2026-02-17 14:11:21 INFO core.tmcmc: [Chain 1] Global MAP updated from 1 chains
2026-02-17 14:11:21 INFO core.tmcmc: Chain 2/2
2026-02-17 14:11:21 INFO core.tmcmc: [Chain 2] Using global MAP from previous chains
2026-02-17 14:11:21 INFO tmcmc_5species_tsm: TSM5S Linearization Point Updated (# 1)
2026-02-17 14:11:21 INFO core.evaluator: TSM initialized (linearization disabled initially for exploration)
2026-02-17 14:11:21 INFO core.tmcmc: [Chain 2] Initial linearization point set
2026-02-17 14:11:21 INFO core.tmcmc: [Dysbiotic_HOBIC_chain2] Parallelization: n_jobs=12 (effective=12), use_threads=False, n_particles=500
2026-02-17 14:33:41 INFO debug.logger:       [TMCMC] Initial LogL: min=-99.5, max=33.8
2026-02-17 14:33:41 INFO debug.logger:       [TMCMC] Model: Dysbiotic_HOBIC_chain2
2026-02-17 14:33:41 INFO debug.logger:       [TMCMC] Starting TMCMC with 500 particles, 30 stages...
2026-02-17 14:33:41 INFO debug.logger:       [TMCMC] Stage 1/30 starting...
2026-02-17 14:33:41 INFO core.tmcmc:       [TMCMC] Stage 1: β=0.0000 → 0.5000 (Δ=0.500000), ESS=250.0/250.0 (actual=286.0), logL range=[-99.52, 33.82], log_w range=66.67, w[min,max]=[1.15e-31,1.04e-02]
2026-02-17 14:33:41 INFO debug.logger:       [TMCMC] Resample degeneracy: unique=259/500 (unique_ratio=0.518)
2026-02-17 14:33:41 INFO debug.logger:       [TMCMC] Proposal cov stats: trace(cov_base)=1.76e+02, trace(cov)=1.99e+02, scale=8.79e+00, nugget=8.80e-06, tempered_scale=5.66e-01, adapt_scale=2.00x, cond(cov)=4.08e+03
2026-02-17 16:23:05 INFO core.tmcmc: [Dysbiotic_HOBIC_chain2] Mutation Stage 1: 2500 proposals evaluated in parallel (n_jobs=12), 1803 accepted (rate=0.7212), time=6564.48s
2026-02-17 16:23:05 INFO debug.logger:       [TMCMC] Post-mutation diversity: unique≈496/500 (unique_ratio≈0.992)
2026-02-17 16:23:05 INFO debug.logger:       [TMCMC] Stage 1: β=0.5000 (+0.5000)
2026-02-17 16:23:05 INFO debug.logger:       [TMCMC] Likelihood health (cumulative): {'n_calls': 0, 'n_tsm_fail': 0, 'n_output_nonfinite': 0, 'n_var_raw_negative': 0, 'n_var_raw_nonfinite': 0, 'n_var_total_clipped': 0}
2026-02-17 16:23:05 INFO debug.logger:       [TMCMC] Stage 2/30 starting...
2026-02-17 16:23:05 INFO core.tmcmc:       [TMCMC] Stage 2: β=0.5000 → 1.0000 (Δ=0.500000), ESS=429.7/250.0 (actual=429.7), logL range=[26.44, 33.96], log_w range=3.76, w[min,max]=[1.52e-04,6.53e-03]
2026-02-17 16:23:05 INFO debug.logger:       [TMCMC] Resample degeneracy: unique=303/500 (unique_ratio=0.606)
2026-02-17 16:23:05 INFO debug.logger:       [TMCMC] ℹ️  High acceptance rate (0.721), increasing proposal scale: 2.40x
2026-02-17 16:23:05 INFO debug.logger:       [TMCMC] Proposal cov stats: trace(cov_base)=1.80e+02, trace(cov)=1.23e+02, scale=9.02e+00, nugget=9.03e-06, tempered_scale=2.83e-01, adapt_scale=2.40x, cond(cov)=4.11e+03
2026-02-17 18:12:42 INFO debug.logger:       [TMCMC] Post-mutation diversity: unique≈495/500 (unique_ratio≈0.990)
2026-02-17 18:12:42 INFO debug.logger:       [TMCMC] Stage 2: β=1.0000 (+0.5000)
2026-02-17 18:12:42 INFO debug.logger:       [TMCMC] Likelihood health (cumulative): {'n_calls': 0, 'n_tsm_fail': 0, 'n_output_nonfinite': 0, 'n_var_raw_negative': 0, 'n_var_raw_nonfinite': 0, 'n_var_total_clipped': 0}
2026-02-17 18:12:42 INFO debug.logger:       [TMCMC] Stage 3/30 starting...
2026-02-17 18:12:42 INFO core.tmcmc:       [TMCMC] Stage 3: β=1.0000 → 1.0000 (Δ=0.000000), ESS=500.0/250.0 (actual=500.0), logL range=[29.47, 34.57], log_w range=0.00, w[min,max]=[2.00e-03,2.00e-03]
2026-02-17 18:12:42 INFO debug.logger:       [TMCMC] Resample degeneracy: unique=321/500 (unique_ratio=0.642)
2026-02-17 18:12:42 INFO debug.logger:       [TMCMC] ℹ️  High acceptance rate (0.656), increasing proposal scale: 2.19x
2026-02-17 18:12:42 INFO debug.logger:       [TMCMC] Proposal cov stats: trace(cov_base)=1.70e+02, trace(cov)=1.05e+02, scale=8.51e+00, nugget=8.52e-06, tempered_scale=2.83e-01, adapt_scale=2.19x, cond(cov)=3.51e+03
2026-02-17 20:02:18 INFO debug.logger:       [TMCMC] Post-mutation diversity: unique≈496/500 (unique_ratio≈0.992)
2026-02-17 20:02:18 INFO debug.logger:       [TMCMC] Computing ROM errors for 5/500 particles (observation-based update)...
2026-02-17 20:03:36 INFO debug.logger:       [TMCMC] Scale check: logL=[29.47, 31.73, 34.57], log_penalty=[0.0000, 0.0000, 0.0000], log_post=[29.47, 31.73, 34.57], obs_score=[29.47, 31.73, 34.57]
2026-02-17 20:03:36 WARNING debug.logger:       [TMCMC] Observation penalty may be too weak (max_penalty/max_logL_range=0.0000 < 0.01)
2026-02-17 20:03:36 INFO debug.logger:       [TMCMC] Observation-corrected MAP matches standard MAP (no correction effect)
2026-02-17 20:03:36 INFO debug.logger:       [TMCMC] ROM errors: mean=0.000000, min=0.000000, max=0.000000
2026-02-17 20:03:36 INFO debug.logger:       [TMCMC] Posterior MAP-WeightedMean distance: 15.336658, WeightedMean shift (obs-corrected): 0.000000
2026-02-17 20:03:37 WARNING debug.logger:       [TMCMC] Keeping linearization OFF (unstable): ε_ROM(MAP)=0.715790 > 0.050000 (β=1.0000, threshold=0.750)
2026-02-17 20:03:54 WARNING debug.logger:       [TMCMC] ROM error sufficiently small (ε_ROM=0.000000 < 0.01)
2026-02-17 20:03:54 INFO debug.logger:       [TMCMC]    where ε_ROM = || φ̄_ROM(t_obs) − φ̄_FOM(t_obs) ||₂ / || φ̄_FOM(t_obs) ||₂
2026-02-17 20:03:54 INFO debug.logger:       [TMCMC] Stage 3: β=1.0000 (+0.0000)
2026-02-17 20:03:54 INFO debug.logger:       [TMCMC] Likelihood health (cumulative): {'n_calls': 0, 'n_tsm_fail': 0, 'n_output_nonfinite': 0, 'n_var_raw_negative': 0, 'n_var_raw_nonfinite': 0, 'n_var_total_clipped': 0}
2026-02-17 20:03:54 INFO debug.logger:       [TMCMC] ✓ Converged! β reached 1.0
2026-02-17 20:03:54 INFO debug.logger:       [TMCMC] ✅ TMCMC complete! Final β=1.0000
2026-02-17 20:03:54 INFO debug.logger:       [TMCMC] 🎯 MAP (posterior (observation-corrected)): [ 4.14423001  1.16813479  2.83975806  2.4102288   1.1070685   1.83064329
  2.78165675  0.59521013  0.90155546  2.71298634  2.43956021  1.20691008
  6.6194704   2.97359483  3.04607933  0.35410337  0.69360596  2.73540379
 22.28574729  0.02948288]
2026-02-17 20:03:54 INFO core.tmcmc: [Chain 2] Global MAP updated from 2 chains
2026-02-17 20:03:54 INFO core.tmcmc: [Dysbiotic_HOBIC] TMCMC Summary:
2026-02-17 20:03:54 INFO core.tmcmc: Converged chains: 2/2
2026-02-17 20:03:54 INFO core.tmcmc: Global MAP: [ 1.83308484  2.01814964  0.16444468  1.33920708  2.76942135  0.0606426
  0.07530325  1.38046605  4.72683516  1.28181034  2.64883567  1.70375088
  7.77342466  1.02357492  4.6095635   0.4694588  -0.15119794  2.67923924
 29.09559662  3.74281087]
2026-02-17 20:03:54 INFO __main__: TMCMC completed in 42534.18 seconds
2026-02-17 20:03:54 INFO __main__: Computing enhanced convergence diagnostics...
2026-02-17 20:03:54 INFO __main__: R-hat max: 1.0108 (target < 1.1)
2026-02-17 20:03:54 INFO __main__: ESS min: 643.8 (target > 100)
2026-02-17 20:03:54 INFO __main__: Convergence (R-hat): True
2026-02-17 20:03:54 INFO __main__: Convergence (ESS): True
2026-02-17 20:03:54 INFO __main__: Computing 95% HDI and credible intervals...
2026-02-17 20:03:54 INFO __main__: HDI computed for all parameters
2026-02-17 20:03:54 INFO __main__: Computing model evidence (marginal likelihood)...
2026-02-17 20:03:54 INFO __main__: Harmonic Mean: log(evidence) = 32.22 ± 0.02
2026-02-17 20:03:54 INFO __main__: Model Evidence: log(p(D)) ≈ 32.22 ± 0.02 (harmonic_mean)
2026-02-17 20:03:54 INFO __main__: Checkpoints cleared after successful completion
2026-02-17 20:03:54 INFO visualization.helpers: Exported diagnostics tables for Dysbiotic_HOBIC to /home/nishioka/IKM_Hiwi/Tmcmc202601/data_5species/_runs/sweep_pg_20260217_081459/dh_hill002_wpg5_wlate3/diagnostics_tables
2026-02-17 20:03:54 INFO __main__: Exported TMCMC diagnostics tables
2026-02-17 20:03:54 INFO __main__: Generating plots...
2026-02-17 20:03:54 INFO __main__: Running simulations for MAP and Mean estimates...
2026-02-17 20:03:59 INFO visualization.plot_manager: Saved figure: TSM_simulation_Dysbiotic_HOBIC_MAP_Fit_with_data.png
2026-02-17 20:03:59 INFO visualization.plot_manager: Saved figure: TSM_simulation_Dysbiotic_HOBIC_Mean_Fit_with_data.png
2026-02-17 20:04:00 INFO visualization.plot_manager: Saved figure: residuals_Dysbiotic_HOBIC_Residuals.png
2026-02-17 20:04:22 INFO visualization.plot_manager: Saved figure: parameter_distributions_Dysbiotic_HOBIC_Params.png
2026-02-17 20:05:24 INFO visualization.plot_manager: Saved figure: corner_plot_Dysbiotic_HOBIC_Corner.png
2026-02-17 20:05:24 INFO __main__: Generating posterior predictive plots (sampling 50 trajectories)...
2026-02-17 20:05:42 INFO visualization.plot_manager: Saved figure: posterior_predictive_Dysbiotic_HOBIC_PosteriorBand.png
2026-02-17 20:05:50 INFO visualization.plot_manager: Saved figure: posterior_predictive_spaghetti_Dysbiotic_HOBIC_PosteriorSpaghetti.png
2026-02-17 20:05:52 INFO visualization.plot_manager: Saved figure: Fig01_TMCMC_beta_schedule_Dysbiotic_HOBIC.png
2026-02-17 20:05:52 INFO __main__: Saved fit metrics to fit_metrics.json
2026-02-17 20:05:52 INFO visualization.plot_manager: Saved manifest: FIGURES_MANIFEST.json (8 figures)
2026-02-17 20:05:52 INFO __main__: Estimation complete. Results saved to /home/nishioka/IKM_Hiwi/Tmcmc202601/data_5species/_runs/sweep_pg_20260217_081459/dh_hill002_wpg5_wlate3

================================================================================
ESTIMATION SUMMARY (Nishioka v2)
================================================================================
Condition: Dysbiotic HOBIC
Elapsed Time: 42534.18s
--------------------------------------------------------------------------------
CONVERGENCE DIAGNOSTICS:
  R-hat max:     1.0108 ✓ (target < 1.1)
  ESS min:       643.8 ✓ (target > 100)
  Overall:       CONVERGED
--------------------------------------------------------------------------------
MODEL EVIDENCE:
  log(p(D)):     32.22 ± 0.02 (harmonic_mean)
  BIC:           69.48
--------------------------------------------------------------------------------
PARAMETER ESTIMATES (with 95% HDI):
--------------------------------------------------------------------------------
Name            MAP       Mean    HDI_low   HDI_high    R-hat      ESS
--------------------------------------------------------------------------------
a11          1.8331     2.4247     0.0159     4.6896    1.003    958.7
a12          2.0181     1.1618    -0.4947     2.7840    0.999   1000.0
a22          0.1644     1.9816     0.0019     4.3317    1.000   1000.0
b1           1.3392     1.5286     0.1607     2.9962    0.999    643.8
b2           2.7694     1.4607     0.0332     2.8713    1.005    847.7
a33          0.0606     2.9363     0.4652     4.9807    0.999   1000.0
a34          0.0753     1.2453    -0.5000     2.8242    1.004    743.6
a44          1.3805     2.6114     0.3319     4.9694    1.000   1000.0
b3           4.7268     2.3541     0.0162     4.7262    1.002    946.4
b4           1.2818     1.4483     0.1051     2.9410    1.005    950.2
a13          2.6488    -0.0267    -2.8666     2.7558    1.000   1000.0
a14          1.7038     1.2182    -0.3327     2.9885    1.011    999.4
a23          7.7734    16.9192     5.9462    28.5887    1.001   1000.0
a24          1.0236     1.2397    -0.4883     2.7884    1.000   1000.0
a55          4.6096     2.4324     0.1560     4.8606    0.999    936.7
b5           0.4695     0.2481     0.0260     0.4946    1.000   1000.0
a15         -0.1512     1.3107    -0.3164     2.9812    1.001   1000.0
a25          2.6792     1.2199    -0.4777     2.8532    1.004   1000.0
a35         29.0956    17.2975     2.3761    29.9989    0.999    898.6
a45          3.7428     8.2950     0.0213    18.2682    0.999    984.1
================================================================================

Results saved to: /home/nishioka/IKM_Hiwi/Tmcmc202601/data_5species/_runs/sweep_pg_20260217_081459/dh_hill002_wpg5_wlate3
================================================================================
