2026-02-17 08:15:00 WARNING __main__: Slack webhook URL is a placeholder. Notifications disabled.
2026-02-17 08:15:00 INFO __main__: Slack notifications disabled (no webhook URL)
2026-02-17 08:15:00 INFO __main__: Output directory: /home/nishioka/IKM_Hiwi/Tmcmc202601/data_5species/_runs/sweep_pg_20260217_081459/dh_hill010_wpg5_wlate3
2026-02-17 08:15:00 INFO __main__: Loading experimental data...
2026-02-17 08:15:00 INFO __main__: Loading Dysbiotic HOBIC data: 6 timepoints, days=[np.int64(1), np.int64(3), np.int64(6), np.int64(10), np.int64(15), np.int64(21)]
2026-02-17 08:15:00 INFO __main__: Auto-calculated day_scale: 0.011310
2026-02-17 08:15:00 INFO __main__: Experimental days: [ 1  3  6 10 15 21]
2026-02-17 08:15:00 INFO __main__: Model indices: [ 113  339  679 1131 1696 2375]
2026-02-17 08:15:00 INFO __main__: Data (absolute volumes):
[[0.018   0.0045  0.423   0.00225 0.00225]
 [0.012   0.004   0.388   0.002   0.002  ]
 [0.0525  0.09    0.6375  0.00375 0.00375]
 [0.0744  0.093   0.465   0.0496  0.0031 ]
 [0.012   0.21    0.21    0.12    0.012  ]
 [0.006   0.21    0.15    0.18    0.108  ]]
2026-02-17 08:15:00 INFO __main__: Checkpointing enabled: saving every 5 stages to /home/nishioka/IKM_Hiwi/Tmcmc202601/data_5species/_runs/sweep_pg_20260217_081459/dh_hill010_wpg5_wlate3/checkpoints
2026-02-17 08:15:00 INFO __main__: Running parameter estimation...
2026-02-17 08:15:00 INFO __main__: Nishioka Algorithm: Retrieving bounds and locked indices for Dysbiotic HOBIC...
2026-02-17 08:15:00 INFO __main__: Nishioka Algorithm: Locking indices [] to 0.0
2026-02-17 08:15:00 INFO __main__: Reduced parameter space to 20 parameters: [0, 1, 2, 3, 4, 5, 6, 7, 8, 9, 10, 11, 12, 13, 14, 15, 16, 17, 18, 19]
2026-02-17 08:15:00 INFO __main__: Using sigma_obs = 0.23209876543209873
2026-02-17 08:15:00 INFO __main__: Data shape: (6, 5)
2026-02-17 08:15:00 INFO __main__: idx_sparse: [ 113  339  679 1131 1696 2375]
2026-02-17 08:15:00 INFO __main__: Weighted likelihood enabled: lambda_pg=5.0, lambda_late=3.0, n_late=2
2026-02-17 08:15:00 INFO __main__: Weight matrix:
[[ 1.  1.  1.  1.  5.]
 [ 1.  1.  1.  1.  5.]
 [ 1.  1.  1.  1.  5.]
 [ 1.  1.  1.  1.  5.]
 [ 3.  3.  3.  3. 15.]
 [ 3.  3.  3.  3. 15.]]
2026-02-17 08:15:00 INFO __main__: Starting TMCMC estimation...
2026-02-17 08:15:00 INFO core.tmcmc: [Dysbiotic_HOBIC] Running 2 TMCMC chains (β tempering + linearization update)...
2026-02-17 08:15:00 INFO core.tmcmc: Chain 1/2
2026-02-17 08:15:00 INFO tmcmc_5species_tsm: TSM5S Linearization Point Updated (# 1)
2026-02-17 08:15:00 INFO core.evaluator: TSM initialized (linearization disabled initially for exploration)
2026-02-17 08:15:00 INFO core.tmcmc: [Chain 1] Initial linearization point set
2026-02-17 08:15:00 INFO core.tmcmc: [Dysbiotic_HOBIC_chain1] Parallelization: n_jobs=12 (effective=12), use_threads=False, n_particles=500
2026-02-17 08:37:59 INFO debug.logger:       [TMCMC] Initial LogL: min=-64.3, max=33.6
2026-02-17 08:37:59 INFO debug.logger:       [TMCMC] Model: Dysbiotic_HOBIC_chain1
2026-02-17 08:37:59 INFO debug.logger:       [TMCMC] Starting TMCMC with 500 particles, 30 stages...
2026-02-17 08:37:59 INFO debug.logger:       [TMCMC] Stage 1/30 starting...
2026-02-17 08:37:59 INFO core.tmcmc:       [TMCMC] Stage 1: β=0.0000 → 0.5000 (Δ=0.500000), ESS=250.0/250.0 (actual=346.8), logL range=[-64.25, 33.58], log_w range=48.92, w[min,max]=[4.30e-24,7.56e-03]
2026-02-17 08:37:59 INFO debug.logger:       [TMCMC] Resample degeneracy: unique=268/500 (unique_ratio=0.536)
2026-02-17 08:37:59 INFO debug.logger:       [TMCMC] Proposal cov stats: trace(cov_base)=1.78e+02, trace(cov)=2.01e+02, scale=8.89e+00, nugget=8.90e-06, tempered_scale=5.66e-01, adapt_scale=2.00x, cond(cov)=4.21e+03
2026-02-17 10:29:15 INFO core.tmcmc: [Dysbiotic_HOBIC_chain1] Mutation Stage 1: 2500 proposals evaluated in parallel (n_jobs=12), 1803 accepted (rate=0.7212), time=6676.77s
2026-02-17 10:29:15 INFO debug.logger:       [TMCMC] Post-mutation diversity: unique≈500/500 (unique_ratio≈1.000)
2026-02-17 10:29:15 INFO debug.logger:       [TMCMC] Stage 1: β=0.5000 (+0.5000)
2026-02-17 10:29:15 INFO debug.logger:       [TMCMC] Likelihood health (cumulative): {'n_calls': 0, 'n_tsm_fail': 0, 'n_output_nonfinite': 0, 'n_var_raw_negative': 0, 'n_var_raw_nonfinite': 0, 'n_var_total_clipped': 0}
2026-02-17 10:29:15 INFO debug.logger:       [TMCMC] Stage 2/30 starting...
2026-02-17 10:29:15 INFO core.tmcmc:       [TMCMC] Stage 2: β=0.5000 → 0.9724 (Δ=0.472358), ESS=250.0/250.0 (actual=250.0), logL range=[29.25, 37.54], log_w range=3.92, w[min,max]=[5.13e-04,2.58e-02]
2026-02-17 10:29:15 INFO debug.logger:       [TMCMC] Resample degeneracy: unique=280/500 (unique_ratio=0.560)
2026-02-17 10:29:16 INFO debug.logger:       [TMCMC] ℹ️  High acceptance rate (0.721), increasing proposal scale: 2.40x
2026-02-17 10:29:16 INFO debug.logger:       [TMCMC] Proposal cov stats: trace(cov_base)=1.80e+02, trace(cov)=1.26e+02, scale=8.99e+00, nugget=9.00e-06, tempered_scale=2.91e-01, adapt_scale=2.40x, cond(cov)=4.63e+03
2026-02-17 12:20:07 INFO debug.logger:       [TMCMC] Post-mutation diversity: unique≈461/500 (unique_ratio≈0.922)
2026-02-17 12:20:07 INFO debug.logger:       [TMCMC] Stage 2: β=0.9724 (+0.4724)
2026-02-17 12:20:07 INFO debug.logger:       [TMCMC] Likelihood health (cumulative): {'n_calls': 0, 'n_tsm_fail': 0, 'n_output_nonfinite': 0, 'n_var_raw_negative': 0, 'n_var_raw_nonfinite': 0, 'n_var_total_clipped': 0}
2026-02-17 12:20:07 INFO debug.logger:       [TMCMC] Stage 3/30 starting...
2026-02-17 12:20:07 INFO core.tmcmc:       [TMCMC] Stage 3: β=0.9724 → 1.0000 (Δ=0.027642), ESS=498.7/250.0 (actual=498.7), logL range=[29.72, 38.32], log_w range=0.24, w[min,max]=[1.83e-03,2.33e-03]
2026-02-17 12:20:07 INFO debug.logger:       [TMCMC] Resample degeneracy: unique=301/500 (unique_ratio=0.602)
2026-02-17 12:20:07 INFO debug.logger:       [TMCMC] Proposal cov stats: trace(cov_base)=1.76e+02, trace(cov)=9.98e+01, scale=8.81e+00, nugget=8.82e-06, tempered_scale=2.83e-01, adapt_scale=2.00x, cond(cov)=5.40e+03
2026-02-17 14:10:49 INFO debug.logger:       [TMCMC] Post-mutation diversity: unique≈464/500 (unique_ratio≈0.928)
2026-02-17 14:10:49 INFO debug.logger:       [TMCMC] Computing ROM errors for 5/500 particles (observation-based update)...
2026-02-17 14:11:23 INFO debug.logger:       [TMCMC] Scale check: logL=[29.72, 32.05, 38.32], log_penalty=[0.0000, 0.0000, 0.0000], log_post=[29.72, 32.05, 38.32], obs_score=[29.72, 32.05, 38.32]
2026-02-17 14:11:23 WARNING debug.logger:       [TMCMC] Observation penalty may be too weak (max_penalty/max_logL_range=0.0000 < 0.01)
2026-02-17 14:11:23 INFO debug.logger:       [TMCMC] Observation-corrected MAP matches standard MAP (no correction effect)
2026-02-17 14:11:23 INFO debug.logger:       [TMCMC] ROM errors: mean=0.000000, min=0.000000, max=0.000000
2026-02-17 14:11:23 INFO debug.logger:       [TMCMC] Posterior MAP-WeightedMean distance: 16.756695, WeightedMean shift (obs-corrected): 0.000000
2026-02-17 14:11:24 WARNING debug.logger:       [TMCMC] Keeping linearization OFF (unstable): ε_ROM(MAP)=0.660531 > 0.050000 (β=1.0000, threshold=0.750)
2026-02-17 14:11:32 WARNING debug.logger:       [TMCMC] ROM error sufficiently small (ε_ROM=0.000000 < 0.01)
2026-02-17 14:11:32 INFO debug.logger:       [TMCMC]    where ε_ROM = || φ̄_ROM(t_obs) − φ̄_FOM(t_obs) ||₂ / || φ̄_FOM(t_obs) ||₂
2026-02-17 14:11:32 INFO debug.logger:       [TMCMC] Stage 3: β=1.0000 (+0.0276)
2026-02-17 14:11:32 INFO debug.logger:       [TMCMC] Likelihood health (cumulative): {'n_calls': 0, 'n_tsm_fail': 0, 'n_output_nonfinite': 0, 'n_var_raw_negative': 0, 'n_var_raw_nonfinite': 0, 'n_var_total_clipped': 0}
2026-02-17 14:11:32 INFO debug.logger:       [TMCMC] Stage 4/30 starting...
2026-02-17 14:11:32 INFO core.tmcmc:       [TMCMC] Stage 4: β=1.0000 → 1.0000 (Δ=0.000000), ESS=500.0/250.0 (actual=500.0), logL range=[30.09, 40.45], log_w range=0.00, w[min,max]=[2.00e-03,2.00e-03]
2026-02-17 14:11:32 INFO debug.logger:       [TMCMC] Resample degeneracy: unique=319/500 (unique_ratio=0.638)
2026-02-17 14:11:32 INFO debug.logger:       [TMCMC] Proposal cov stats: trace(cov_base)=1.88e+02, trace(cov)=1.07e+02, scale=9.42e+00, nugget=9.43e-06, tempered_scale=2.83e-01, adapt_scale=2.00x, cond(cov)=6.05e+03
2026-02-17 15:07:27 INFO debug.logger:       [TMCMC] Post-mutation diversity: unique≈480/500 (unique_ratio≈0.960)
2026-02-17 15:07:27 INFO debug.logger:       [TMCMC] Stage 4: β=1.0000 (+0.0000)
2026-02-17 15:07:27 INFO debug.logger:       [TMCMC] Likelihood health (cumulative): {'n_calls': 0, 'n_tsm_fail': 0, 'n_output_nonfinite': 0, 'n_var_raw_negative': 0, 'n_var_raw_nonfinite': 0, 'n_var_total_clipped': 0}
2026-02-17 15:07:27 INFO debug.logger:       [TMCMC] ✓ Converged! β reached 1.0
2026-02-17 15:07:27 INFO debug.logger:       [TMCMC] ✅ TMCMC complete! Final β=1.0000
2026-02-17 15:07:27 INFO debug.logger:       [TMCMC] 🎯 MAP (posterior (observation-corrected)): [ 2.08910335  2.65049584  1.91474812  0.86605272  2.5512653   0.16935584
  1.14815698  2.81359414  1.30042078  0.72726923  1.64872031  0.49237895
  2.45681752 -0.31372996  1.63186762  0.06674574 -0.18271621  0.03347739
 29.98714135  4.77254919]
2026-02-17 15:07:27 INFO core.tmcmc: [Chain 1] Global MAP updated from 1 chains
2026-02-17 15:07:27 INFO core.tmcmc: Chain 2/2
2026-02-17 15:07:27 INFO core.tmcmc: [Chain 2] Using global MAP from previous chains
2026-02-17 15:07:27 INFO tmcmc_5species_tsm: TSM5S Linearization Point Updated (# 1)
2026-02-17 15:07:27 INFO core.evaluator: TSM initialized (linearization disabled initially for exploration)
2026-02-17 15:07:27 INFO core.tmcmc: [Chain 2] Initial linearization point set
2026-02-17 15:07:28 INFO core.tmcmc: [Dysbiotic_HOBIC_chain2] Parallelization: n_jobs=12 (effective=12), use_threads=False, n_particles=500
2026-02-17 15:29:40 INFO debug.logger:       [TMCMC] Initial LogL: min=-57.3, max=34.9
2026-02-17 15:29:40 INFO debug.logger:       [TMCMC] Model: Dysbiotic_HOBIC_chain2
2026-02-17 15:29:40 INFO debug.logger:       [TMCMC] Starting TMCMC with 500 particles, 30 stages...
2026-02-17 15:29:40 INFO debug.logger:       [TMCMC] Stage 1/30 starting...
2026-02-17 15:29:40 INFO core.tmcmc:       [TMCMC] Stage 1: β=0.0000 → 0.5000 (Δ=0.500000), ESS=250.0/250.0 (actual=289.6), logL range=[-57.34, 34.88], log_w range=46.11, w[min,max]=[1.32e-22,1.41e-02]
2026-02-17 15:29:40 INFO debug.logger:       [TMCMC] Resample degeneracy: unique=259/500 (unique_ratio=0.518)
2026-02-17 15:29:40 INFO debug.logger:       [TMCMC] Proposal cov stats: trace(cov_base)=1.89e+02, trace(cov)=2.14e+02, scale=9.43e+00, nugget=9.44e-06, tempered_scale=5.66e-01, adapt_scale=2.00x, cond(cov)=4.49e+03
2026-02-17 17:21:29 INFO core.tmcmc: [Dysbiotic_HOBIC_chain2] Mutation Stage 1: 2500 proposals evaluated in parallel (n_jobs=12), 1662 accepted (rate=0.6648), time=6708.82s
2026-02-17 17:21:29 INFO debug.logger:       [TMCMC] Post-mutation diversity: unique≈492/500 (unique_ratio≈0.984)
2026-02-17 17:21:29 INFO debug.logger:       [TMCMC] Stage 1: β=0.5000 (+0.5000)
2026-02-17 17:21:29 INFO debug.logger:       [TMCMC] Likelihood health (cumulative): {'n_calls': 0, 'n_tsm_fail': 0, 'n_output_nonfinite': 0, 'n_var_raw_negative': 0, 'n_var_raw_nonfinite': 0, 'n_var_total_clipped': 0}
2026-02-17 17:21:29 INFO debug.logger:       [TMCMC] Stage 2/30 starting...
2026-02-17 17:21:29 INFO core.tmcmc:       [TMCMC] Stage 2: β=0.5000 → 1.0000 (Δ=0.500000), ESS=271.9/250.0 (actual=271.9), logL range=[27.44, 37.22], log_w range=4.89, w[min,max]=[1.85e-04,2.45e-02]
2026-02-17 17:21:29 INFO debug.logger:       [TMCMC] Resample degeneracy: unique=278/500 (unique_ratio=0.556)
2026-02-17 17:21:29 INFO debug.logger:       [TMCMC] ℹ️  High acceptance rate (0.665), increasing proposal scale: 2.22x
2026-02-17 17:21:29 INFO debug.logger:       [TMCMC] Proposal cov stats: trace(cov_base)=1.87e+02, trace(cov)=1.17e+02, scale=9.34e+00, nugget=9.35e-06, tempered_scale=2.83e-01, adapt_scale=2.22x, cond(cov)=4.91e+03
2026-02-17 19:12:48 INFO debug.logger:       [TMCMC] Post-mutation diversity: unique≈471/500 (unique_ratio≈0.942)
2026-02-17 19:12:48 INFO debug.logger:       [TMCMC] Stage 2: β=1.0000 (+0.5000)
2026-02-17 19:12:48 INFO debug.logger:       [TMCMC] Likelihood health (cumulative): {'n_calls': 0, 'n_tsm_fail': 0, 'n_output_nonfinite': 0, 'n_var_raw_negative': 0, 'n_var_raw_nonfinite': 0, 'n_var_total_clipped': 0}
2026-02-17 19:12:48 INFO debug.logger:       [TMCMC] Stage 3/30 starting...
2026-02-17 19:12:48 INFO core.tmcmc:       [TMCMC] Stage 3: β=1.0000 → 1.0000 (Δ=0.000000), ESS=500.0/250.0 (actual=500.0), logL range=[29.17, 37.39], log_w range=0.00, w[min,max]=[2.00e-03,2.00e-03]
2026-02-17 19:12:48 INFO debug.logger:       [TMCMC] Resample degeneracy: unique=321/500 (unique_ratio=0.642)
2026-02-17 19:12:48 INFO debug.logger:       [TMCMC] Proposal cov stats: trace(cov_base)=1.82e+02, trace(cov)=1.03e+02, scale=9.12e+00, nugget=9.13e-06, tempered_scale=2.83e-01, adapt_scale=2.00x, cond(cov)=5.13e+03
2026-02-17 20:38:52 INFO debug.logger:       [TMCMC] Post-mutation diversity: unique≈482/500 (unique_ratio≈0.964)
2026-02-17 20:38:52 INFO debug.logger:       [TMCMC] Computing ROM errors for 5/500 particles (observation-based update)...
2026-02-17 20:39:14 INFO debug.logger:       [TMCMC] Scale check: logL=[29.17, 32.63, 37.39], log_penalty=[0.0000, 0.0000, 0.0000], log_post=[29.17, 32.63, 37.39], obs_score=[29.17, 32.63, 37.39]
2026-02-17 20:39:14 WARNING debug.logger:       [TMCMC] Observation penalty may be too weak (max_penalty/max_logL_range=0.0000 < 0.01)
2026-02-17 20:39:14 INFO debug.logger:       [TMCMC] Observation-corrected MAP matches standard MAP (no correction effect)
2026-02-17 20:39:14 INFO debug.logger:       [TMCMC] ROM errors: mean=0.000000, min=0.000000, max=0.000000
2026-02-17 20:39:14 INFO debug.logger:       [TMCMC] Posterior MAP-WeightedMean distance: 10.511738, WeightedMean shift (obs-corrected): 0.000000
2026-02-17 20:39:14 WARNING debug.logger:       [TMCMC] Keeping linearization OFF (unstable): ε_ROM(MAP)=0.633084 > 0.050000 (β=1.0000, threshold=0.750)
2026-02-17 20:39:18 WARNING debug.logger:       [TMCMC] ROM error sufficiently small (ε_ROM=0.000000 < 0.01)
2026-02-17 20:39:18 INFO debug.logger:       [TMCMC]    where ε_ROM = || φ̄_ROM(t_obs) − φ̄_FOM(t_obs) ||₂ / || φ̄_FOM(t_obs) ||₂
2026-02-17 20:39:18 INFO debug.logger:       [TMCMC] Stage 3: β=1.0000 (+0.0000)
2026-02-17 20:39:18 INFO debug.logger:       [TMCMC] Likelihood health (cumulative): {'n_calls': 0, 'n_tsm_fail': 0, 'n_output_nonfinite': 0, 'n_var_raw_negative': 0, 'n_var_raw_nonfinite': 0, 'n_var_total_clipped': 0}
2026-02-17 20:39:18 INFO debug.logger:       [TMCMC] ✓ Converged! β reached 1.0
2026-02-17 20:39:18 INFO debug.logger:       [TMCMC] ✅ TMCMC complete! Final β=1.0000
2026-02-17 20:39:18 INFO debug.logger:       [TMCMC] 🎯 MAP (posterior (observation-corrected)): [ 0.74909055  2.43503025  0.05185721  0.94334802  1.04036196  0.27488811
 -0.28186443  2.45169886  4.9468133   0.21711811  2.68574053  1.5047663
  3.73694853 -0.2363383   1.56744168  0.2567204   0.63023454  2.65250832
 21.29201128  9.13584049]
2026-02-17 20:39:18 INFO core.tmcmc: [Chain 2] Global MAP updated from 2 chains
2026-02-17 20:39:18 INFO core.tmcmc: [Dysbiotic_HOBIC] TMCMC Summary:
2026-02-17 20:39:18 INFO core.tmcmc: Converged chains: 2/2
2026-02-17 20:39:18 INFO core.tmcmc: Global MAP: [ 1.43018996e+00  2.78226246e+00  2.14610919e+00  2.52118459e-03
  2.88064852e+00  2.80625282e-01 -2.71903474e-01  1.13451272e+00
  4.33050746e+00  6.83790671e-01  1.47506323e+00  2.80621444e+00
  1.41858132e+00  2.97817278e+00  6.08498510e-01  1.52356029e-01
  3.75640944e-01 -1.72023580e-01  2.79153866e+01  4.64277073e+00]
2026-02-17 20:39:18 INFO __main__: TMCMC completed in 44657.66 seconds
2026-02-17 20:39:18 INFO __main__: Computing enhanced convergence diagnostics...
2026-02-17 20:39:18 INFO __main__: R-hat max: 1.0126 (target < 1.1)
2026-02-17 20:39:18 INFO __main__: ESS min: 814.8 (target > 100)
2026-02-17 20:39:18 INFO __main__: Convergence (R-hat): True
2026-02-17 20:39:18 INFO __main__: Convergence (ESS): True
2026-02-17 20:39:18 INFO __main__: Computing 95% HDI and credible intervals...
2026-02-17 20:39:18 INFO __main__: HDI computed for all parameters
2026-02-17 20:39:18 INFO __main__: Computing model evidence (marginal likelihood)...
2026-02-17 20:39:18 INFO __main__: Harmonic Mean: log(evidence) = 33.93 ± 0.07
2026-02-17 20:39:18 INFO __main__: Model Evidence: log(p(D)) ≈ 33.93 ± 0.07 (harmonic_mean)
2026-02-17 20:39:18 INFO __main__: Checkpoints cleared after successful completion
2026-02-17 20:39:18 INFO visualization.helpers: Exported diagnostics tables for Dysbiotic_HOBIC to /home/nishioka/IKM_Hiwi/Tmcmc202601/data_5species/_runs/sweep_pg_20260217_081459/dh_hill010_wpg5_wlate3/diagnostics_tables
2026-02-17 20:39:18 INFO __main__: Exported TMCMC diagnostics tables
2026-02-17 20:39:18 INFO __main__: Generating plots...
2026-02-17 20:39:18 INFO __main__: Running simulations for MAP and Mean estimates...
2026-02-17 20:39:18 INFO visualization.plot_manager: Saved figure: TSM_simulation_Dysbiotic_HOBIC_MAP_Fit_with_data.png
2026-02-17 20:39:19 INFO visualization.plot_manager: Saved figure: TSM_simulation_Dysbiotic_HOBIC_Mean_Fit_with_data.png
2026-02-17 20:39:19 INFO visualization.plot_manager: Saved figure: residuals_Dysbiotic_HOBIC_Residuals.png
2026-02-17 20:39:23 INFO visualization.plot_manager: Saved figure: parameter_distributions_Dysbiotic_HOBIC_Params.png
2026-02-17 20:39:41 INFO visualization.plot_manager: Saved figure: corner_plot_Dysbiotic_HOBIC_Corner.png
2026-02-17 20:39:41 INFO __main__: Generating posterior predictive plots (sampling 50 trajectories)...
2026-02-17 20:39:46 INFO visualization.plot_manager: Saved figure: posterior_predictive_Dysbiotic_HOBIC_PosteriorBand.png
2026-02-17 20:39:52 INFO visualization.plot_manager: Saved figure: posterior_predictive_spaghetti_Dysbiotic_HOBIC_PosteriorSpaghetti.png
2026-02-17 20:39:52 INFO visualization.plot_manager: Saved figure: Fig01_TMCMC_beta_schedule_Dysbiotic_HOBIC.png
2026-02-17 20:39:52 INFO __main__: Saved fit metrics to fit_metrics.json
2026-02-17 20:39:52 INFO visualization.plot_manager: Saved manifest: FIGURES_MANIFEST.json (8 figures)
2026-02-17 20:39:52 INFO __main__: Estimation complete. Results saved to /home/nishioka/IKM_Hiwi/Tmcmc202601/data_5species/_runs/sweep_pg_20260217_081459/dh_hill010_wpg5_wlate3

================================================================================
ESTIMATION SUMMARY (Nishioka v2)
================================================================================
Condition: Dysbiotic HOBIC
Elapsed Time: 44657.66s
--------------------------------------------------------------------------------
CONVERGENCE DIAGNOSTICS:
  R-hat max:     1.0126 ✓ (target < 1.1)
  ESS min:       814.8 ✓ (target > 100)
  Overall:       CONVERGED
--------------------------------------------------------------------------------
MODEL EVIDENCE:
  log(p(D)):     33.93 ± 0.07 (harmonic_mean)
  BIC:           55.17
--------------------------------------------------------------------------------
PARAMETER ESTIMATES (with 95% HDI):
--------------------------------------------------------------------------------
Name            MAP       Mean    HDI_low   HDI_high    R-hat      ESS
--------------------------------------------------------------------------------
a11          1.4302     2.3929     0.1179     4.8308    1.000   1000.0
a12          2.7823     1.4448    -0.2769     2.9950    1.002    937.4
a22          2.1461     1.7505     0.0063     4.0603    1.001   1000.0
b1           0.0025     1.4695     0.1262     2.9533    0.999   1000.0
b2           2.8806     1.5186     0.1178     2.9667    1.009    891.5
a33          0.2806     2.1058     0.0018     4.6627    1.000   1000.0
a34         -0.2719     1.1926    -0.4483     2.8222    1.004    879.1
a44          1.1345     2.4186     0.0608     4.7400    1.000    990.6
b3           4.3305     2.5484     0.2512     4.9856    1.005   1000.0
b4           0.6838     1.4866     0.0458     2.8607    1.005   1000.0
a13          1.4751     0.2242    -2.7778     2.9194    1.002    910.1
a14          2.8062     1.2107    -0.4932     2.8062    1.013    938.2
a23          1.4186    11.0893     1.7786    27.8196    1.000    906.8
a24          2.9782     1.2736    -0.3362     2.9620    0.999   1000.0
a55          0.6085     2.5078     0.1520     4.9121    1.002    901.3
b5           0.1524     0.2549     0.0149     0.4867    0.999   1000.0
a15          0.3756     1.1439    -0.4746     2.7840    1.002    814.8
a25         -0.1720     1.3569    -0.3060     2.9652    1.006   1000.0
a35         27.9154    17.4286     2.3042    29.9447    0.999    961.0
a45          4.6428     7.3588     0.0042    18.2724    1.001   1000.0
================================================================================

Results saved to: /home/nishioka/IKM_Hiwi/Tmcmc202601/data_5species/_runs/sweep_pg_20260217_081459/dh_hill010_wpg5_wlate3
================================================================================
