2026-02-08 00:23:37 INFO __main__: Output directory: _runs/Commensal_Static_20260208_002100
2026-02-08 00:23:37 INFO __main__: Loading experimental data...
2026-02-08 00:23:37 INFO __main__: Loading Commensal Static data: 6 timepoints, days=[1, 3, 6, 10, 15, 21]
2026-02-08 00:23:37 INFO __main__: Data normalized to species fractions (sum=1 per timepoint)
2026-02-08 00:23:37 INFO __main__: Filtering data to start from day 3: 5 timepoints remaining
2026-02-08 00:23:37 INFO __main__: Using experimental initial conditions (Day 3):
2026-02-08 00:23:37 INFO __main__:   Values: [0.70707071 0.08080808 0.2020202  0.00505051 0.00505051]
2026-02-08 00:23:37 INFO __main__:   Normalized phi: [0.70707071 0.08080808 0.2020202  0.00505051 0.00505051]
2026-02-08 00:23:37 INFO __main__: Auto-calculated day_scale: 0.011310
2026-02-08 00:23:37 INFO __main__: Experimental days: [ 3  6 10 15 21]
2026-02-08 00:23:37 INFO __main__: Model indices: [ 339  679 1131 1696 2375]
2026-02-08 00:23:37 INFO __main__: Data (absolute volumes):
[[0.70707071 0.08080808 0.2020202  0.00505051 0.00505051]
 [0.74257426 0.04950495 0.1980198  0.0049505  0.0049505 ]
 [0.66037736 0.09433962 0.23584906 0.00471698 0.00471698]
 [0.36538462 0.24038462 0.38461538 0.00480769 0.00480769]
 [0.34653465 0.34653465 0.2970297  0.0049505  0.0049505 ]]
2026-02-08 00:23:37 INFO __main__: Running parameter estimation...
2026-02-08 00:23:37 INFO __main__: Using per-species initial conditions: [0.70707071 0.08080808 0.2020202  0.00505051 0.00505051]
2026-02-08 00:23:37 INFO __main__: Using sigma_obs = 0.34542314335060437
2026-02-08 00:23:37 INFO __main__: Data shape: (5, 5)
2026-02-08 00:23:37 INFO __main__: idx_sparse: [ 339  679 1131 1696 2375]
2026-02-08 00:23:37 INFO __main__: Starting TMCMC estimation...
2026-02-08 00:23:37 INFO core.tmcmc: [Commensal_Static] Running 2 TMCMC chains (β tempering + linearization update)...
2026-02-08 00:23:37 INFO core.tmcmc: Chain 1/2
2026-02-08 00:23:37 INFO tmcmc_5species_tsm: TSM5S Linearization Point Updated (# 1)
2026-02-08 00:23:37 INFO core.evaluator: TSM initialized (linearization disabled initially for exploration)
2026-02-08 00:23:37 INFO core.tmcmc: [Chain 1] Initial linearization point set
2026-02-08 00:23:37 INFO core.tmcmc: [Commensal_Static_chain1] Parallelization: n_jobs=12 (effective=12), use_threads=False, n_particles=1000
2026-02-08 00:31:13 INFO debug.logger:       [TMCMC] Initial LogL: min=-13.6, max=3.1
2026-02-08 00:31:13 INFO debug.logger:       [TMCMC] Model: Commensal_Static_chain1
2026-02-08 00:31:13 INFO debug.logger:       [TMCMC] Starting TMCMC with 1000 particles, 30 stages...
2026-02-08 00:31:13 INFO debug.logger:       [TMCMC] Stage 1/30 starting...
2026-02-08 00:31:13 INFO core.tmcmc:       [TMCMC] Stage 1: β=0.0000 → 0.5000 (Δ=0.500000), ESS=500.0/500.0 (actual=512.4), logL range=[-13.63, 3.06], log_w range=8.35, w[min,max]=[1.21e-06,5.11e-03]
2026-02-08 00:31:13 INFO debug.logger:       [TMCMC] Resample degeneracy: unique=498/1000 (unique_ratio=0.498)
2026-02-08 00:31:13 INFO debug.logger:       [TMCMC] Proposal cov stats: trace(cov_base)=1.44e+01, trace(cov)=1.64e+01, scale=7.22e-01, nugget=7.32e-07, tempered_scale=5.66e-01, adapt_scale=2.00x, cond(cov)=3.18e+00
2026-02-08 14:43:06 INFO core.tmcmc: [Commensal_Static_chain1] Mutation Stage 1: 5000 proposals evaluated in parallel (n_jobs=12), 3031 accepted (rate=0.6062), time=51112.71s
2026-02-08 14:43:06 INFO debug.logger:       [TMCMC] Post-mutation diversity: unique≈1000/1000 (unique_ratio≈1.000)
2026-02-08 14:43:06 INFO debug.logger:       [TMCMC] Stage 1: β=0.5000 (+0.5000)
2026-02-08 14:43:06 INFO debug.logger:       [TMCMC] Likelihood health (cumulative): {'n_calls': 0, 'n_tsm_fail': 0, 'n_output_nonfinite': 0, 'n_var_raw_negative': 0, 'n_var_raw_nonfinite': 0, 'n_var_total_clipped': 0}
2026-02-08 14:43:06 INFO debug.logger:       [TMCMC] Stage 2/30 starting...
2026-02-08 14:43:06 INFO core.tmcmc:       [TMCMC] Stage 2: β=0.5000 → 1.0000 (Δ=0.500000), ESS=755.4/500.0 (actual=755.4), logL range=[-9.09, 3.06], log_w range=6.08, w[min,max]=[5.78e-06,2.52e-03]
2026-02-08 14:43:06 INFO debug.logger:       [TMCMC] Resample degeneracy: unique=581/1000 (unique_ratio=0.581)
2026-02-08 14:43:06 INFO debug.logger:       [TMCMC] ℹ️  High acceptance rate (0.606), increasing proposal scale: 2.02x
2026-02-08 14:43:06 INFO debug.logger:       [TMCMC] Proposal cov stats: trace(cov_base)=1.42e+01, trace(cov)=8.10e+00, scale=7.08e-01, nugget=7.18e-07, tempered_scale=2.83e-01, adapt_scale=2.02x, cond(cov)=5.25e+00
2026-02-09 04:55:46 INFO debug.logger:       [TMCMC] Post-mutation diversity: unique≈996/1000 (unique_ratio≈0.996)
2026-02-09 04:55:46 INFO debug.logger:       [TMCMC] Stage 2: β=1.0000 (+0.5000)
2026-02-09 04:55:46 INFO debug.logger:       [TMCMC] Likelihood health (cumulative): {'n_calls': 0, 'n_tsm_fail': 0, 'n_output_nonfinite': 0, 'n_var_raw_negative': 0, 'n_var_raw_nonfinite': 0, 'n_var_total_clipped': 0}
2026-02-09 04:55:46 INFO debug.logger:       [TMCMC] Stage 3/30 starting...
2026-02-09 04:55:46 INFO core.tmcmc:       [TMCMC] Stage 3: β=1.0000 → 1.0000 (Δ=0.000000), ESS=1000.0/500.0 (actual=1000.0), logL range=[-2.46, 3.24], log_w range=0.00, w[min,max]=[1.00e-03,1.00e-03]
2026-02-09 04:55:46 INFO debug.logger:       [TMCMC] Resample degeneracy: unique=641/1000 (unique_ratio=0.641)
2026-02-09 04:55:46 INFO debug.logger:       [TMCMC] Proposal cov stats: trace(cov_base)=1.39e+01, trace(cov)=7.88e+00, scale=6.96e-01, nugget=7.06e-07, tempered_scale=2.83e-01, adapt_scale=2.00x, cond(cov)=6.78e+00
2026-02-09 19:15:07 INFO debug.logger:       [TMCMC] Post-mutation diversity: unique≈1000/1000 (unique_ratio≈1.000)
2026-02-09 19:15:07 INFO debug.logger:       [TMCMC] Computing ROM errors for 5/1000 particles (observation-based update)...
2026-02-09 19:15:25 INFO debug.logger:       [TMCMC] Scale check: logL=[-2.46, 2.00, 3.24], log_penalty=[0.0000, 0.0000, 0.0000], log_post=[-2.46, 2.00, 3.24], obs_score=[-2.46, 2.00, 3.24]
2026-02-09 19:15:25 WARNING debug.logger:       [TMCMC] Observation penalty may be too weak (max_penalty/max_logL_range=0.0000 < 0.01)
2026-02-09 19:15:25 INFO debug.logger:       [TMCMC] Observation-corrected MAP matches standard MAP (no correction effect)
2026-02-09 19:15:25 INFO debug.logger:       [TMCMC] ROM errors: mean=0.000000, min=0.000000, max=0.000000
2026-02-09 19:15:25 INFO debug.logger:       [TMCMC] Posterior MAP-WeightedMean distance: 3.514934, WeightedMean shift (obs-corrected): 0.000000
2026-02-09 19:15:25 WARNING debug.logger:       [TMCMC] Keeping linearization OFF (unstable): ε_ROM(MAP)=0.478541 > 0.050000 (β=1.0000, threshold=0.750)
2026-02-09 19:15:27 WARNING debug.logger:       [TMCMC] ROM error sufficiently small (ε_ROM=0.000000 < 0.01)
2026-02-09 19:15:27 INFO debug.logger:       [TMCMC]    where ε_ROM = || φ̄_ROM(t_obs) − φ̄_FOM(t_obs) ||₂ / || φ̄_FOM(t_obs) ||₂
2026-02-09 19:15:27 INFO debug.logger:       [TMCMC] Stage 3: β=1.0000 (+0.0000)
2026-02-09 19:15:27 INFO debug.logger:       [TMCMC] Likelihood health (cumulative): {'n_calls': 0, 'n_tsm_fail': 0, 'n_output_nonfinite': 0, 'n_var_raw_negative': 0, 'n_var_raw_nonfinite': 0, 'n_var_total_clipped': 0}
2026-02-09 19:15:27 INFO debug.logger:       [TMCMC] ✓ Converged! β reached 1.0
2026-02-09 19:15:27 INFO debug.logger:       [TMCMC] ✅ TMCMC complete! Final β=1.0000
2026-02-09 19:15:27 INFO debug.logger:       [TMCMC] 🎯 MAP (posterior (observation-corrected)): [2.14018328 2.17060777 2.80851945 1.13341142 2.63648119 2.07104869
 1.27270678 1.47987597 0.59617283 1.84585791 2.25981355 2.14721315
 2.87465903 1.21263901 1.00752413 2.07437644 1.71687614 1.32615491
 2.87778725 2.90376838]
2026-02-09 19:15:27 INFO core.tmcmc: [Chain 1] Global MAP updated from 1 chains
2026-02-09 19:15:27 INFO core.tmcmc: Chain 2/2
2026-02-09 19:15:27 INFO core.tmcmc: [Chain 2] Using global MAP from previous chains
2026-02-09 19:15:27 INFO tmcmc_5species_tsm: TSM5S Linearization Point Updated (# 1)
2026-02-09 19:15:27 INFO core.evaluator: TSM initialized (linearization disabled initially for exploration)
2026-02-09 19:15:27 INFO core.tmcmc: [Chain 2] Initial linearization point set
2026-02-09 19:15:27 INFO core.tmcmc: [Commensal_Static_chain2] Parallelization: n_jobs=12 (effective=12), use_threads=False, n_particles=1000
2026-02-09 22:11:24 INFO debug.logger:       [TMCMC] Initial LogL: min=-14.0, max=2.9
2026-02-09 22:11:24 INFO debug.logger:       [TMCMC] Model: Commensal_Static_chain2
2026-02-09 22:11:24 INFO debug.logger:       [TMCMC] Starting TMCMC with 1000 particles, 30 stages...
2026-02-09 22:11:24 INFO debug.logger:       [TMCMC] Stage 1/30 starting...
2026-02-09 22:11:24 INFO core.tmcmc:       [TMCMC] Stage 1: β=0.0000 → 0.5000 (Δ=0.500000), ESS=500.0/500.0 (actual=505.6), logL range=[-13.95, 2.88], log_w range=8.42, w[min,max]=[1.03e-06,4.67e-03]
2026-02-09 22:11:24 INFO debug.logger:       [TMCMC] Resample degeneracy: unique=473/1000 (unique_ratio=0.473)
2026-02-09 22:11:24 INFO debug.logger:       [TMCMC] Proposal cov stats: trace(cov_base)=1.45e+01, trace(cov)=1.65e+01, scale=7.26e-01, nugget=7.36e-07, tempered_scale=5.66e-01, adapt_scale=2.00x, cond(cov)=3.36e+00
2026-02-10 12:39:08 INFO core.tmcmc: [Commensal_Static_chain2] Mutation Stage 1: 5000 proposals evaluated in parallel (n_jobs=12), 3039 accepted (rate=0.6078), time=52063.92s
2026-02-10 12:39:08 INFO debug.logger:       [TMCMC] Post-mutation diversity: unique≈999/1000 (unique_ratio≈0.999)
2026-02-10 12:39:08 INFO debug.logger:       [TMCMC] Stage 1: β=0.5000 (+0.5000)
2026-02-10 12:39:08 INFO debug.logger:       [TMCMC] Likelihood health (cumulative): {'n_calls': 0, 'n_tsm_fail': 0, 'n_output_nonfinite': 0, 'n_var_raw_negative': 0, 'n_var_raw_nonfinite': 0, 'n_var_total_clipped': 0}
2026-02-10 12:39:08 INFO debug.logger:       [TMCMC] Stage 2/30 starting...
2026-02-10 12:39:08 INFO core.tmcmc:       [TMCMC] Stage 2: β=0.5000 → 1.0000 (Δ=0.500000), ESS=762.7/500.0 (actual=762.7), logL range=[-6.94, 3.15], log_w range=5.04, w[min,max]=[1.66e-05,2.57e-03]
2026-02-10 12:39:08 INFO debug.logger:       [TMCMC] Resample degeneracy: unique=579/1000 (unique_ratio=0.579)
2026-02-10 12:39:08 INFO debug.logger:       [TMCMC] ℹ️  High acceptance rate (0.608), increasing proposal scale: 2.03x
2026-02-10 12:39:08 INFO debug.logger:       [TMCMC] Proposal cov stats: trace(cov_base)=1.39e+01, trace(cov)=7.95e+00, scale=6.93e-01, nugget=7.03e-07, tempered_scale=2.83e-01, adapt_scale=2.03x, cond(cov)=5.79e+00
2026-02-11 02:53:02 INFO debug.logger:       [TMCMC] Post-mutation diversity: unique≈995/1000 (unique_ratio≈0.995)
2026-02-11 02:53:02 INFO debug.logger:       [TMCMC] Stage 2: β=1.0000 (+0.5000)
2026-02-11 02:53:02 INFO debug.logger:       [TMCMC] Likelihood health (cumulative): {'n_calls': 0, 'n_tsm_fail': 0, 'n_output_nonfinite': 0, 'n_var_raw_negative': 0, 'n_var_raw_nonfinite': 0, 'n_var_total_clipped': 0}
2026-02-11 02:53:02 INFO debug.logger:       [TMCMC] Stage 3/30 starting...
2026-02-11 02:53:02 INFO core.tmcmc:       [TMCMC] Stage 3: β=1.0000 → 1.0000 (Δ=0.000000), ESS=1000.0/500.0 (actual=1000.0), logL range=[-4.12, 3.26], log_w range=0.00, w[min,max]=[1.00e-03,1.00e-03]
2026-02-11 02:53:02 INFO debug.logger:       [TMCMC] Resample degeneracy: unique=629/1000 (unique_ratio=0.629)
2026-02-11 02:53:02 INFO debug.logger:       [TMCMC] Proposal cov stats: trace(cov_base)=1.42e+01, trace(cov)=8.04e+00, scale=7.09e-01, nugget=7.19e-07, tempered_scale=2.83e-01, adapt_scale=2.00x, cond(cov)=6.83e+00
2026-02-11 17:05:48 INFO debug.logger:       [TMCMC] Post-mutation diversity: unique≈998/1000 (unique_ratio≈0.998)
2026-02-11 17:05:48 INFO debug.logger:       [TMCMC] Computing ROM errors for 5/1000 particles (observation-based update)...
2026-02-11 17:06:03 INFO debug.logger:       [TMCMC] Scale check: logL=[-4.12, 2.02, 3.26], log_penalty=[0.0000, 0.0000, 0.0000], log_post=[-4.12, 2.02, 3.26], obs_score=[-4.12, 2.02, 3.26]
2026-02-11 17:06:03 WARNING debug.logger:       [TMCMC] Observation penalty may be too weak (max_penalty/max_logL_range=0.0000 < 0.01)
2026-02-11 17:06:03 INFO debug.logger:       [TMCMC] Observation-corrected MAP matches standard MAP (no correction effect)
2026-02-11 17:06:03 INFO debug.logger:       [TMCMC] ROM errors: mean=0.000000, min=0.000000, max=0.000000
2026-02-11 17:06:03 INFO debug.logger:       [TMCMC] Posterior MAP-WeightedMean distance: 3.769892, WeightedMean shift (obs-corrected): 0.000000
2026-02-11 17:06:03 WARNING debug.logger:       [TMCMC] Keeping linearization OFF (unstable): ε_ROM(MAP)=0.397374 > 0.050000 (β=1.0000, threshold=0.750)
2026-02-11 17:06:06 WARNING debug.logger:       [TMCMC] ROM error sufficiently small (ε_ROM=0.000000 < 0.01)
2026-02-11 17:06:06 INFO debug.logger:       [TMCMC]    where ε_ROM = || φ̄_ROM(t_obs) − φ̄_FOM(t_obs) ||₂ / || φ̄_FOM(t_obs) ||₂
2026-02-11 17:06:06 INFO debug.logger:       [TMCMC] Stage 3: β=1.0000 (+0.0000)
2026-02-11 17:06:06 INFO debug.logger:       [TMCMC] Likelihood health (cumulative): {'n_calls': 0, 'n_tsm_fail': 0, 'n_output_nonfinite': 0, 'n_var_raw_negative': 0, 'n_var_raw_nonfinite': 0, 'n_var_total_clipped': 0}
2026-02-11 17:06:06 INFO debug.logger:       [TMCMC] ✓ Converged! β reached 1.0
2026-02-11 17:06:06 INFO debug.logger:       [TMCMC] ✅ TMCMC complete! Final β=1.0000
2026-02-11 17:06:06 INFO debug.logger:       [TMCMC] 🎯 MAP (posterior (observation-corrected)): [1.31340559 1.29454535 2.75695355 0.05799118 0.52159891 0.55857088
 0.58776006 0.64215833 2.48565388 1.44279879 2.03464639 1.40752155
 2.17866654 0.40480003 2.12908078 2.62022311 0.21712113 1.61456202
 1.80160542 0.52055092]
2026-02-11 17:06:06 INFO core.tmcmc: [Chain 2] Global MAP updated from 2 chains
2026-02-11 17:06:06 INFO core.tmcmc: [Commensal_Static] TMCMC Summary:
2026-02-11 17:06:06 INFO core.tmcmc: Converged chains: 2/2
2026-02-11 17:06:06 INFO core.tmcmc: Global MAP: [1.53623664 1.38805563 1.91979542 2.15048377 2.23167418 1.02967743
 1.04176567 1.6237973  2.75443715 0.59350356 1.84741982 1.42712888
 2.6944939  1.07175066 2.62187114 1.8829405  0.79708393 2.01532742
 1.36562514 2.78825751]
2026-02-11 17:06:06 INFO __main__: TMCMC completed in 319348.17 seconds
2026-02-11 17:06:06 INFO visualization.helpers: Exported diagnostics tables for Commensal_Static to _runs/Commensal_Static_20260208_002100/diagnostics_tables
2026-02-11 17:06:06 INFO __main__: Exported TMCMC diagnostics tables
2026-02-11 17:06:06 INFO __main__: Generating plots...
2026-02-11 17:06:06 INFO __main__: Running simulations for MAP and Mean estimates...
2026-02-11 17:06:06 INFO visualization.plot_manager: Saved figure: TSM_simulation_Commensal_Static_MAP_Fit_with_data.png
2026-02-11 17:06:06 INFO visualization.plot_manager: Saved figure: TSM_simulation_Commensal_Static_Mean_Fit_with_data.png
2026-02-11 17:06:07 INFO visualization.plot_manager: Saved figure: residuals_Commensal_Static_Residuals.png
2026-02-11 17:06:10 INFO visualization.plot_manager: Saved figure: parameter_distributions_Commensal_Static_Params.png
2026-02-11 17:06:24 INFO visualization.plot_manager: Saved figure: corner_plot_Commensal_Static_Corner.png
2026-02-11 17:06:24 INFO __main__: Generating posterior predictive plots (sampling 50 trajectories)...
2026-02-11 17:06:30 INFO visualization.plot_manager: Saved figure: posterior_predictive_Commensal_Static_PosteriorBand.png
2026-02-11 17:06:34 INFO visualization.plot_manager: Saved figure: posterior_predictive_spaghetti_Commensal_Static_PosteriorSpaghetti.png
2026-02-11 17:06:35 INFO visualization.plot_manager: Saved figure: Fig01_TMCMC_beta_schedule_Commensal_Static.png
2026-02-11 17:06:35 INFO __main__: Saved fit metrics to fit_metrics.json
2026-02-11 17:06:35 INFO visualization.plot_manager: Saved manifest: FIGURES_MANIFEST.json (8 figures)
2026-02-11 17:06:35 INFO __main__: Estimation complete. Results saved to _runs/Commensal_Static_20260208_002100

============================================================
ESTIMATION SUMMARY
  a11: 1.5362
  a12: 1.3881
  a22: 1.9198
  b1: 2.1505
  b2: 2.2317
  a33: 1.0297
  a34: 1.0418
  a44: 1.6238
  b3: 2.7544
  b4: 0.5935
  a13: 1.8474
  a14: 1.4271
  a23: 2.6945
  a24: 1.0718
  a55: 2.6219
  b5: 1.8829
  a15: 0.7971
  a25: 2.0153
  a35: 1.3656
  a45: 2.7883
============================================================
