2026-02-08 00:21:33 INFO __main__: Output directory: _runs/Dysbiotic_HOBIC_20260208_002100
2026-02-08 00:21:33 INFO __main__: Loading experimental data...
2026-02-08 00:21:33 INFO __main__: Loading Dysbiotic HOBIC data: 6 timepoints, days=[1, 3, 6, 10, 15, 21]
2026-02-08 00:21:33 INFO __main__: Data normalized to species fractions (sum=1 per timepoint)
2026-02-08 00:21:33 INFO __main__: Using experimental initial conditions (Day 1):
2026-02-08 00:21:33 INFO __main__:   Values: [0.04  0.01  0.94  0.005 0.005]
2026-02-08 00:21:33 INFO __main__:   Normalized phi: [0.04  0.01  0.94  0.005 0.005]
2026-02-08 00:21:33 INFO __main__: Auto-calculated day_scale: 0.011310
2026-02-08 00:21:33 INFO __main__: Experimental days: [ 1  3  6 10 15 21]
2026-02-08 00:21:33 INFO __main__: Model indices: [ 113  339  679 1131 1696 2375]
2026-02-08 00:21:33 INFO __main__: Data (absolute volumes):
[[0.04       0.01       0.94       0.005      0.005     ]
 [0.02941176 0.00980392 0.95098039 0.00490196 0.00490196]
 [0.06666667 0.11428571 0.80952381 0.0047619  0.0047619 ]
 [0.10859729 0.13574661 0.67873303 0.07239819 0.00452489]
 [0.0212766  0.37234043 0.37234043 0.21276596 0.0212766 ]
 [0.00917431 0.32110092 0.2293578  0.27522936 0.16513761]]
2026-02-08 00:21:33 INFO __main__: Running parameter estimation...
2026-02-08 00:21:33 INFO __main__: Using per-species initial conditions: [0.04  0.01  0.94  0.005 0.005]
2026-02-08 00:21:33 INFO __main__: Using sigma_obs = 0.4071908165475416
2026-02-08 00:21:33 INFO __main__: Data shape: (6, 5)
2026-02-08 00:21:33 INFO __main__: idx_sparse: [ 113  339  679 1131 1696 2375]
2026-02-08 00:21:33 INFO __main__: Starting TMCMC estimation...
2026-02-08 00:21:33 INFO core.tmcmc: [Commensal_Static] Running 2 TMCMC chains (β tempering + linearization update)...
2026-02-08 00:21:33 INFO core.tmcmc: Chain 1/2
2026-02-08 00:21:33 INFO tmcmc_5species_tsm: TSM5S Linearization Point Updated (# 1)
2026-02-08 00:21:33 INFO core.evaluator: TSM initialized (linearization disabled initially for exploration)
2026-02-08 00:21:33 INFO core.tmcmc: [Chain 1] Initial linearization point set
2026-02-08 00:21:33 INFO core.tmcmc: [Commensal_Static_chain1] Parallelization: n_jobs=12 (effective=12), use_threads=False, n_particles=1000
2026-02-08 00:30:36 INFO debug.logger:       [TMCMC] Initial LogL: min=-11.2, max=-1.2
2026-02-08 00:30:36 INFO debug.logger:       [TMCMC] Model: Commensal_Static_chain1
2026-02-08 00:30:36 INFO debug.logger:       [TMCMC] Starting TMCMC with 1000 particles, 30 stages...
2026-02-08 00:30:36 INFO debug.logger:       [TMCMC] Stage 1/30 starting...
2026-02-08 00:30:36 INFO core.tmcmc:       [TMCMC] Stage 1: β=0.0000 → 0.5000 (Δ=0.500000), ESS=500.0/500.0 (actual=719.1), logL range=[-11.21, -1.23], log_w range=4.99, w[min,max]=[2.20e-05,3.24e-03]
2026-02-08 00:30:36 INFO debug.logger:       [TMCMC] Resample degeneracy: unique=559/1000 (unique_ratio=0.559)
2026-02-08 00:30:36 INFO debug.logger:       [TMCMC] Proposal cov stats: trace(cov_base)=1.44e+01, trace(cov)=1.63e+01, scale=7.18e-01, nugget=7.28e-07, tempered_scale=5.66e-01, adapt_scale=2.00x, cond(cov)=2.45e+00
2026-02-08 15:55:32 INFO core.tmcmc: [Commensal_Static_chain1] Mutation Stage 1: 5000 proposals evaluated in parallel (n_jobs=12), 3587 accepted (rate=0.7174), time=55495.71s
2026-02-08 15:55:32 INFO debug.logger:       [TMCMC] Post-mutation diversity: unique≈1000/1000 (unique_ratio≈1.000)
2026-02-08 15:55:32 INFO debug.logger:       [TMCMC] Stage 1: β=0.5000 (+0.5000)
2026-02-08 15:55:32 INFO debug.logger:       [TMCMC] Likelihood health (cumulative): {'n_calls': 0, 'n_tsm_fail': 0, 'n_output_nonfinite': 0, 'n_var_raw_negative': 0, 'n_var_raw_nonfinite': 0, 'n_var_total_clipped': 0}
2026-02-08 15:55:32 INFO debug.logger:       [TMCMC] Stage 2/30 starting...
2026-02-08 15:55:32 INFO core.tmcmc:       [TMCMC] Stage 2: β=0.5000 → 1.0000 (Δ=0.500000), ESS=842.1/500.0 (actual=842.1), logL range=[-7.79, -1.12], log_w range=3.34, w[min,max]=[8.44e-05,2.37e-03]
2026-02-08 15:55:32 INFO debug.logger:       [TMCMC] Resample degeneracy: unique=594/1000 (unique_ratio=0.594)
2026-02-08 15:55:32 INFO debug.logger:       [TMCMC] ℹ️  High acceptance rate (0.717), increasing proposal scale: 2.39x
2026-02-08 15:55:32 INFO debug.logger:       [TMCMC] Proposal cov stats: trace(cov_base)=1.46e+01, trace(cov)=9.91e+00, scale=7.31e-01, nugget=7.41e-07, tempered_scale=2.83e-01, adapt_scale=2.39x, cond(cov)=4.16e+00
2026-02-09 07:19:15 INFO debug.logger:       [TMCMC] Post-mutation diversity: unique≈998/1000 (unique_ratio≈0.998)
2026-02-09 07:19:15 INFO debug.logger:       [TMCMC] Stage 2: β=1.0000 (+0.5000)
2026-02-09 07:19:15 INFO debug.logger:       [TMCMC] Likelihood health (cumulative): {'n_calls': 0, 'n_tsm_fail': 0, 'n_output_nonfinite': 0, 'n_var_raw_negative': 0, 'n_var_raw_nonfinite': 0, 'n_var_total_clipped': 0}
2026-02-09 07:19:15 INFO debug.logger:       [TMCMC] Stage 3/30 starting...
2026-02-09 07:19:15 INFO core.tmcmc:       [TMCMC] Stage 3: β=1.0000 → 1.0000 (Δ=0.000000), ESS=1000.0/500.0 (actual=1000.0), logL range=[-6.85, -1.06], log_w range=0.00, w[min,max]=[1.00e-03,1.00e-03]
2026-02-09 07:19:15 INFO debug.logger:       [TMCMC] Resample degeneracy: unique=641/1000 (unique_ratio=0.641)
2026-02-09 07:19:15 INFO debug.logger:       [TMCMC] ℹ️  High acceptance rate (0.618), increasing proposal scale: 2.06x
2026-02-09 07:19:15 INFO debug.logger:       [TMCMC] Proposal cov stats: trace(cov_base)=1.41e+01, trace(cov)=8.23e+00, scale=7.06e-01, nugget=7.16e-07, tempered_scale=2.83e-01, adapt_scale=2.06x, cond(cov)=4.81e+00
2026-02-09 22:43:20 INFO debug.logger:       [TMCMC] Post-mutation diversity: unique≈999/1000 (unique_ratio≈0.999)
2026-02-09 22:43:20 INFO debug.logger:       [TMCMC] Computing ROM errors for 5/1000 particles (observation-based update)...
2026-02-09 22:43:38 INFO debug.logger:       [TMCMC] Scale check: logL=[-6.85, -2.48, -1.06], log_penalty=[0.0000, 0.0000, 0.0000], log_post=[-6.85, -2.48, -1.06], obs_score=[-6.85, -2.48, -1.06]
2026-02-09 22:43:38 WARNING debug.logger:       [TMCMC] Observation penalty may be too weak (max_penalty/max_logL_range=0.0000 < 0.01)
2026-02-09 22:43:38 INFO debug.logger:       [TMCMC] Observation-corrected MAP matches standard MAP (no correction effect)
2026-02-09 22:43:38 INFO debug.logger:       [TMCMC] ROM errors: mean=0.000000, min=0.000000, max=0.000000
2026-02-09 22:43:38 INFO debug.logger:       [TMCMC] Posterior MAP-WeightedMean distance: 3.806654, WeightedMean shift (obs-corrected): 0.000000
2026-02-09 22:43:38 WARNING debug.logger:       [TMCMC] Keeping linearization OFF (unstable): ε_ROM(MAP)=0.425465 > 0.050000 (β=1.0000, threshold=0.750)
2026-02-09 22:43:41 WARNING debug.logger:       [TMCMC] ROM error sufficiently small (ε_ROM=0.000000 < 0.01)
2026-02-09 22:43:41 INFO debug.logger:       [TMCMC]    where ε_ROM = || φ̄_ROM(t_obs) − φ̄_FOM(t_obs) ||₂ / || φ̄_FOM(t_obs) ||₂
2026-02-09 22:43:41 INFO debug.logger:       [TMCMC] Stage 3: β=1.0000 (+0.0000)
2026-02-09 22:43:41 INFO debug.logger:       [TMCMC] Likelihood health (cumulative): {'n_calls': 0, 'n_tsm_fail': 0, 'n_output_nonfinite': 0, 'n_var_raw_negative': 0, 'n_var_raw_nonfinite': 0, 'n_var_total_clipped': 0}
2026-02-09 22:43:41 INFO debug.logger:       [TMCMC] ✓ Converged! β reached 1.0
2026-02-09 22:43:41 INFO debug.logger:       [TMCMC] ✅ TMCMC complete! Final β=1.0000
2026-02-09 22:43:41 INFO debug.logger:       [TMCMC] 🎯 MAP (posterior (observation-corrected)): [1.51596722 0.31295234 1.02502242 0.41706008 0.38434255 0.86176663
 0.39230442 2.44763587 0.32718167 0.14330944 0.69049612 0.75646985
 1.29211147 2.44040182 0.44301418 1.63478989 1.43613934 1.09279314
 0.44444714 1.53447429]
2026-02-09 22:43:41 INFO core.tmcmc: [Chain 1] Global MAP updated from 1 chains
2026-02-09 22:43:41 INFO core.tmcmc: Chain 2/2
2026-02-09 22:43:41 INFO core.tmcmc: [Chain 2] Using global MAP from previous chains
2026-02-09 22:43:41 INFO tmcmc_5species_tsm: TSM5S Linearization Point Updated (# 1)
2026-02-09 22:43:41 INFO core.evaluator: TSM initialized (linearization disabled initially for exploration)
2026-02-09 22:43:41 INFO core.tmcmc: [Chain 2] Initial linearization point set
2026-02-09 22:43:41 INFO core.tmcmc: [Commensal_Static_chain2] Parallelization: n_jobs=12 (effective=12), use_threads=False, n_particles=1000
2026-02-10 01:49:42 INFO debug.logger:       [TMCMC] Initial LogL: min=-12.7, max=-1.4
2026-02-10 01:49:42 INFO debug.logger:       [TMCMC] Model: Commensal_Static_chain2
2026-02-10 01:49:42 INFO debug.logger:       [TMCMC] Starting TMCMC with 1000 particles, 30 stages...
2026-02-10 01:49:42 INFO debug.logger:       [TMCMC] Stage 1/30 starting...
2026-02-10 01:49:42 INFO core.tmcmc:       [TMCMC] Stage 1: β=0.0000 → 0.5000 (Δ=0.500000), ESS=500.0/500.0 (actual=726.1), logL range=[-12.75, -1.42], log_w range=5.66, w[min,max]=[1.03e-05,2.96e-03]
2026-02-10 01:49:42 INFO debug.logger:       [TMCMC] Resample degeneracy: unique=573/1000 (unique_ratio=0.573)
2026-02-10 01:49:42 INFO debug.logger:       [TMCMC] Proposal cov stats: trace(cov_base)=1.47e+01, trace(cov)=1.66e+01, scale=7.35e-01, nugget=7.45e-07, tempered_scale=5.66e-01, adapt_scale=2.00x, cond(cov)=2.79e+00
2026-02-10 17:27:39 INFO core.tmcmc: [Commensal_Static_chain2] Mutation Stage 1: 5000 proposals evaluated in parallel (n_jobs=12), 3606 accepted (rate=0.7212), time=56276.63s
2026-02-10 17:27:39 INFO debug.logger:       [TMCMC] Post-mutation diversity: unique≈1000/1000 (unique_ratio≈1.000)
2026-02-10 17:27:39 INFO debug.logger:       [TMCMC] Stage 1: β=0.5000 (+0.5000)
2026-02-10 17:27:39 INFO debug.logger:       [TMCMC] Likelihood health (cumulative): {'n_calls': 0, 'n_tsm_fail': 0, 'n_output_nonfinite': 0, 'n_var_raw_negative': 0, 'n_var_raw_nonfinite': 0, 'n_var_total_clipped': 0}
2026-02-10 17:27:39 INFO debug.logger:       [TMCMC] Stage 2/30 starting...
2026-02-10 17:27:39 INFO core.tmcmc:       [TMCMC] Stage 2: β=0.5000 → 1.0000 (Δ=0.500000), ESS=840.7/500.0 (actual=840.7), logL range=[-8.01, -1.12], log_w range=3.44, w[min,max]=[7.66e-05,2.40e-03]
2026-02-10 17:27:39 INFO debug.logger:       [TMCMC] Resample degeneracy: unique=607/1000 (unique_ratio=0.607)
2026-02-10 17:27:39 INFO debug.logger:       [TMCMC] ℹ️  High acceptance rate (0.721), increasing proposal scale: 2.40x
2026-02-10 17:27:39 INFO debug.logger:       [TMCMC] Proposal cov stats: trace(cov_base)=1.43e+01, trace(cov)=9.76e+00, scale=7.17e-01, nugget=7.27e-07, tempered_scale=2.83e-01, adapt_scale=2.40x, cond(cov)=4.69e+00
2026-02-11 08:53:13 INFO debug.logger:       [TMCMC] Post-mutation diversity: unique≈995/1000 (unique_ratio≈0.995)
2026-02-11 08:53:13 INFO debug.logger:       [TMCMC] Stage 2: β=1.0000 (+0.5000)
2026-02-11 08:53:13 INFO debug.logger:       [TMCMC] Likelihood health (cumulative): {'n_calls': 0, 'n_tsm_fail': 0, 'n_output_nonfinite': 0, 'n_var_raw_negative': 0, 'n_var_raw_nonfinite': 0, 'n_var_total_clipped': 0}
2026-02-11 08:53:13 INFO debug.logger:       [TMCMC] Stage 3/30 starting...
2026-02-11 08:53:13 INFO core.tmcmc:       [TMCMC] Stage 3: β=1.0000 → 1.0000 (Δ=0.000000), ESS=1000.0/500.0 (actual=1000.0), logL range=[-6.86, -1.03], log_w range=0.00, w[min,max]=[1.00e-03,1.00e-03]
2026-02-11 08:53:13 INFO debug.logger:       [TMCMC] Resample degeneracy: unique=629/1000 (unique_ratio=0.629)
2026-02-11 08:53:13 INFO debug.logger:       [TMCMC] Proposal cov stats: trace(cov_base)=1.45e+01, trace(cov)=8.19e+00, scale=7.23e-01, nugget=7.33e-07, tempered_scale=2.83e-01, adapt_scale=2.00x, cond(cov)=4.59e+00
2026-02-11 21:12:18 INFO debug.logger:       [TMCMC] Post-mutation diversity: unique≈1000/1000 (unique_ratio≈1.000)
2026-02-11 21:12:18 INFO debug.logger:       [TMCMC] Computing ROM errors for 5/1000 particles (observation-based update)...
2026-02-11 21:12:35 INFO debug.logger:       [TMCMC] Scale check: logL=[-6.86, -2.44, -1.03], log_penalty=[0.0000, 0.0000, 0.0000], log_post=[-6.86, -2.44, -1.03], obs_score=[-6.86, -2.44, -1.03]
2026-02-11 21:12:35 WARNING debug.logger:       [TMCMC] Observation penalty may be too weak (max_penalty/max_logL_range=0.0000 < 0.01)
2026-02-11 21:12:35 INFO debug.logger:       [TMCMC] Observation-corrected MAP matches standard MAP (no correction effect)
2026-02-11 21:12:35 INFO debug.logger:       [TMCMC] ROM errors: mean=0.000000, min=0.000000, max=0.000000
2026-02-11 21:12:35 INFO debug.logger:       [TMCMC] Posterior MAP-WeightedMean distance: 3.867730, WeightedMean shift (obs-corrected): 0.000000
2026-02-11 21:12:35 WARNING debug.logger:       [TMCMC] Keeping linearization OFF (unstable): ε_ROM(MAP)=0.431959 > 0.050000 (β=1.0000, threshold=0.750)
2026-02-11 21:12:38 WARNING debug.logger:       [TMCMC] ROM error sufficiently small (ε_ROM=0.000000 < 0.01)
2026-02-11 21:12:38 INFO debug.logger:       [TMCMC]    where ε_ROM = || φ̄_ROM(t_obs) − φ̄_FOM(t_obs) ||₂ / || φ̄_FOM(t_obs) ||₂
2026-02-11 21:12:38 INFO debug.logger:       [TMCMC] Stage 3: β=1.0000 (+0.0000)
2026-02-11 21:12:38 INFO debug.logger:       [TMCMC] Likelihood health (cumulative): {'n_calls': 0, 'n_tsm_fail': 0, 'n_output_nonfinite': 0, 'n_var_raw_negative': 0, 'n_var_raw_nonfinite': 0, 'n_var_total_clipped': 0}
2026-02-11 21:12:38 INFO debug.logger:       [TMCMC] ✓ Converged! β reached 1.0
2026-02-11 21:12:38 INFO debug.logger:       [TMCMC] ✅ TMCMC complete! Final β=1.0000
2026-02-11 21:12:38 INFO debug.logger:       [TMCMC] 🎯 MAP (posterior (observation-corrected)): [0.22139403 1.11957137 1.45982245 2.76317786 2.73072014 1.05693753
 1.01565156 2.20384967 2.89487353 0.56146822 0.08157818 1.54084187
 1.3379833  2.26295777 1.25379272 1.4291197  0.48814787 1.1985545
 0.14278469 0.48630607]
2026-02-11 21:12:38 INFO core.tmcmc: [Chain 2] Global MAP updated from 2 chains
2026-02-11 21:12:38 INFO core.tmcmc: [Commensal_Static] TMCMC Summary:
2026-02-11 21:12:38 INFO core.tmcmc: Converged chains: 2/2
2026-02-11 21:12:38 INFO core.tmcmc: Global MAP: [1.88589946 1.11785346 1.42055627 2.5230245  0.73719691 0.99006722
 0.76161043 2.18137459 0.89621144 2.38706546 0.25368892 0.01916338
 1.2950193  2.12303607 0.41959435 0.71896949 2.38510301 1.72397663
 0.79397277 1.08405537]
2026-02-11 21:12:38 INFO __main__: TMCMC completed in 334264.98 seconds
2026-02-11 21:12:38 INFO visualization.helpers: Exported diagnostics tables for Dysbiotic_HOBIC to _runs/Dysbiotic_HOBIC_20260208_002100/diagnostics_tables
2026-02-11 21:12:38 INFO __main__: Exported TMCMC diagnostics tables
2026-02-11 21:12:38 INFO __main__: Generating plots...
2026-02-11 21:12:38 INFO __main__: Running simulations for MAP and Mean estimates...
2026-02-11 21:12:38 INFO visualization.plot_manager: Saved figure: TSM_simulation_Dysbiotic_HOBIC_MAP_Fit_with_data.png
2026-02-11 21:12:39 INFO visualization.plot_manager: Saved figure: TSM_simulation_Dysbiotic_HOBIC_Mean_Fit_with_data.png
2026-02-11 21:12:39 INFO visualization.plot_manager: Saved figure: residuals_Dysbiotic_HOBIC_Residuals.png
2026-02-11 21:12:43 INFO visualization.plot_manager: Saved figure: parameter_distributions_Dysbiotic_HOBIC_Params.png
2026-02-11 21:12:58 INFO visualization.plot_manager: Saved figure: corner_plot_Dysbiotic_HOBIC_Corner.png
2026-02-11 21:12:58 INFO __main__: Generating posterior predictive plots (sampling 50 trajectories)...
2026-02-11 21:13:05 INFO visualization.plot_manager: Saved figure: posterior_predictive_Dysbiotic_HOBIC_PosteriorBand.png
2026-02-11 21:13:10 INFO visualization.plot_manager: Saved figure: posterior_predictive_spaghetti_Dysbiotic_HOBIC_PosteriorSpaghetti.png
2026-02-11 21:13:10 INFO visualization.plot_manager: Saved figure: Fig01_TMCMC_beta_schedule_Dysbiotic_HOBIC.png
2026-02-11 21:13:10 INFO __main__: Saved fit metrics to fit_metrics.json
2026-02-11 21:13:10 INFO visualization.plot_manager: Saved manifest: FIGURES_MANIFEST.json (8 figures)
2026-02-11 21:13:10 INFO __main__: Estimation complete. Results saved to _runs/Dysbiotic_HOBIC_20260208_002100

============================================================
ESTIMATION SUMMARY
  a11: 1.8859
  a12: 1.1179
  a22: 1.4206
  b1: 2.5230
  b2: 0.7372
  a33: 0.9901
  a34: 0.7616
  a44: 2.1814
  b3: 0.8962
  b4: 2.3871
  a13: 0.2537
  a14: 0.0192
  a23: 1.2950
  a24: 2.1230
  a55: 0.4196
  b5: 0.7190
  a15: 2.3851
  a25: 1.7240
  a35: 0.7940
  a45: 1.0841
============================================================
