2026-02-07 20:40:18 INFO __main__: Output directory: _runs/Dysbiotic_Static_20260207_203752
2026-02-07 20:40:18 INFO __main__: Loading experimental data...
2026-02-07 20:40:18 INFO __main__: Loading Dysbiotic Static data: 6 timepoints, days=[1, 3, 6, 10, 15, 21]
2026-02-07 20:40:18 INFO __main__: Data normalized to species fractions (sum=1 per timepoint)
2026-02-07 20:40:18 INFO __main__: Using experimental initial conditions (Day 1):
2026-02-07 20:40:18 INFO __main__:   Values: [0.15306122 0.08163265 0.6122449  0.05102041 0.10204082]
2026-02-07 20:40:18 INFO __main__:   Normalized phi: [0.15306122 0.08163265 0.6122449  0.05102041 0.10204082]
2026-02-07 20:40:18 INFO __main__: Auto-calculated day_scale: 0.011310
2026-02-07 20:40:18 INFO __main__: Experimental days: [ 1  3  6 10 15 21]
2026-02-07 20:40:18 INFO __main__: Model indices: [ 113  339  679 1131 1696 2375]
2026-02-07 20:40:18 INFO __main__: Data (absolute volumes):
[[0.15306122 0.08163265 0.6122449  0.05102041 0.10204082]
 [0.02409639 0.06024096 0.74698795 0.07228916 0.09638554]
 [0.01941748 0.04854369 0.60194175 0.11650485 0.21359223]
 [0.00961538 0.00961538 0.57692308 0.13461538 0.26923077]
 [0.01098901 0.05494505 0.49450549 0.21978022 0.21978022]
 [0.00952381 0.13333333 0.36190476 0.20952381 0.28571429]]
2026-02-07 20:40:18 INFO __main__: Running parameter estimation...
2026-02-07 20:40:18 INFO __main__: Using per-species initial conditions: [0.15306122 0.08163265 0.6122449  0.05102041 0.10204082]
2026-02-07 20:40:18 INFO __main__: Using sigma_obs = 0.5742176284811944
2026-02-07 20:40:18 INFO __main__: Data shape: (6, 5)
2026-02-07 20:40:18 INFO __main__: idx_sparse: [ 113  339  679 1131 1696 2375]
2026-02-07 20:40:18 INFO __main__: Starting TMCMC estimation...
2026-02-07 20:40:18 INFO core.tmcmc: [Commensal_Static] Running 2 TMCMC chains (β tempering + linearization update)...
2026-02-07 20:40:18 INFO core.tmcmc: Chain 1/2
2026-02-07 20:40:18 INFO tmcmc_5species_tsm: TSM5S Linearization Point Updated (# 1)
2026-02-07 20:40:18 INFO core.evaluator: TSM initialized (linearization disabled initially for exploration)
2026-02-07 20:40:18 INFO core.tmcmc: [Chain 1] Initial linearization point set
2026-02-07 20:40:18 INFO core.tmcmc: [Commensal_Static_chain1] Parallelization: n_jobs=12 (effective=12), use_threads=False, n_particles=1000
2026-02-07 20:48:55 INFO debug.logger:       [TMCMC] Initial LogL: min=-16.9, max=-11.1
2026-02-07 20:48:55 INFO debug.logger:       [TMCMC] Model: Commensal_Static_chain1
2026-02-07 20:48:55 INFO debug.logger:       [TMCMC] Starting TMCMC with 1000 particles, 30 stages...
2026-02-07 20:48:55 INFO debug.logger:       [TMCMC] Stage 1/30 starting...
2026-02-07 20:48:55 INFO core.tmcmc:       [TMCMC] Stage 1: β=0.0000 → 0.5000 (Δ=0.500000), ESS=658.3/500.0 (actual=845.9), logL range=[-16.86, -11.09], log_w range=2.88, w[min,max]=[1.10e-04,1.97e-03]
2026-02-07 20:48:55 INFO debug.logger:       [TMCMC] Resample degeneracy: unique=611/1000 (unique_ratio=0.611)
2026-02-07 20:48:55 INFO debug.logger:       [TMCMC] Proposal cov stats: trace(cov_base)=1.45e+01, trace(cov)=1.64e+01, scale=7.24e-01, nugget=7.34e-07, tempered_scale=5.66e-01, adapt_scale=2.00x, cond(cov)=1.93e+00
2026-02-08 08:40:59 INFO core.tmcmc: [Commensal_Static_chain1] Mutation Stage 1: 5000 proposals evaluated in parallel (n_jobs=12), 4059 accepted (rate=0.8118), time=42724.55s
2026-02-08 08:40:59 INFO debug.logger:       [TMCMC] Post-mutation diversity: unique≈1000/1000 (unique_ratio≈1.000)
2026-02-08 08:40:59 INFO debug.logger:       [TMCMC] Stage 1: β=0.5000 (+0.5000)
2026-02-08 08:40:59 INFO debug.logger:       [TMCMC] Likelihood health (cumulative): {'n_calls': 0, 'n_tsm_fail': 0, 'n_output_nonfinite': 0, 'n_var_raw_negative': 0, 'n_var_raw_nonfinite': 0, 'n_var_total_clipped': 0}
2026-02-08 08:40:59 INFO debug.logger:       [TMCMC] Stage 2/30 starting...
2026-02-08 08:40:59 INFO core.tmcmc:       [TMCMC] Stage 2: β=0.5000 → 1.0000 (Δ=0.500000), ESS=908.7/500.0 (actual=908.7), logL range=[-15.99, -11.06], log_w range=2.47, w[min,max]=[1.42e-04,1.67e-03]
2026-02-08 08:40:59 INFO debug.logger:       [TMCMC] Resample degeneracy: unique=602/1000 (unique_ratio=0.602)
2026-02-08 08:40:59 INFO debug.logger:       [TMCMC] ℹ️  High acceptance rate (0.812), increasing proposal scale: 2.71x
2026-02-08 08:40:59 INFO debug.logger:       [TMCMC] Proposal cov stats: trace(cov_base)=1.43e+01, trace(cov)=1.10e+01, scale=7.17e-01, nugget=7.27e-07, tempered_scale=2.83e-01, adapt_scale=2.71x, cond(cov)=2.84e+00
2026-02-09 00:19:02 INFO debug.logger:       [TMCMC] Post-mutation diversity: unique≈1000/1000 (unique_ratio≈1.000)
2026-02-09 00:19:02 INFO debug.logger:       [TMCMC] Stage 2: β=1.0000 (+0.5000)
2026-02-09 00:19:02 INFO debug.logger:       [TMCMC] Likelihood health (cumulative): {'n_calls': 0, 'n_tsm_fail': 0, 'n_output_nonfinite': 0, 'n_var_raw_negative': 0, 'n_var_raw_nonfinite': 0, 'n_var_total_clipped': 0}
2026-02-09 00:19:02 INFO debug.logger:       [TMCMC] Stage 3/30 starting...
2026-02-09 00:19:02 INFO core.tmcmc:       [TMCMC] Stage 3: β=1.0000 → 1.0000 (Δ=0.000000), ESS=1000.0/500.0 (actual=1000.0), logL range=[-15.28, -11.03], log_w range=0.00, w[min,max]=[1.00e-03,1.00e-03]
2026-02-09 00:19:02 INFO debug.logger:       [TMCMC] Resample degeneracy: unique=641/1000 (unique_ratio=0.641)
2026-02-09 00:19:02 INFO debug.logger:       [TMCMC] ℹ️  High acceptance rate (0.726), increasing proposal scale: 2.42x
2026-02-09 00:19:02 INFO debug.logger:       [TMCMC] Proposal cov stats: trace(cov_base)=1.45e+01, trace(cov)=9.96e+00, scale=7.27e-01, nugget=7.37e-07, tempered_scale=2.83e-01, adapt_scale=2.42x, cond(cov)=3.15e+00
2026-02-09 15:54:42 INFO debug.logger:       [TMCMC] Post-mutation diversity: unique≈1000/1000 (unique_ratio≈1.000)
2026-02-09 15:54:42 INFO debug.logger:       [TMCMC] Computing ROM errors for 5/1000 particles (observation-based update)...
2026-02-09 15:54:59 INFO debug.logger:       [TMCMC] Scale check: logL=[-15.28, -11.85, -11.03], log_penalty=[0.0000, 0.0000, 0.0000], log_post=[-15.28, -11.85, -11.03], obs_score=[-15.28, -11.85, -11.03]
2026-02-09 15:54:59 WARNING debug.logger:       [TMCMC] Observation penalty may be too weak (max_penalty/max_logL_range=0.0000 < 0.01)
2026-02-09 15:54:59 INFO debug.logger:       [TMCMC] Observation-corrected MAP matches standard MAP (no correction effect)
2026-02-09 15:54:59 INFO debug.logger:       [TMCMC] ROM errors: mean=0.000000, min=0.000000, max=0.000000
2026-02-09 15:54:59 INFO debug.logger:       [TMCMC] Posterior MAP-WeightedMean distance: 3.699437, WeightedMean shift (obs-corrected): 0.000000
2026-02-09 15:54:59 WARNING debug.logger:       [TMCMC] Keeping linearization OFF (unstable): ε_ROM(MAP)=0.303580 > 0.050000 (β=1.0000, threshold=0.750)
2026-02-09 15:55:02 WARNING debug.logger:       [TMCMC] ROM error sufficiently small (ε_ROM=0.000000 < 0.01)
2026-02-09 15:55:02 INFO debug.logger:       [TMCMC]    where ε_ROM = || φ̄_ROM(t_obs) − φ̄_FOM(t_obs) ||₂ / || φ̄_FOM(t_obs) ||₂
2026-02-09 15:55:02 INFO debug.logger:       [TMCMC] Stage 3: β=1.0000 (+0.0000)
2026-02-09 15:55:02 INFO debug.logger:       [TMCMC] Likelihood health (cumulative): {'n_calls': 0, 'n_tsm_fail': 0, 'n_output_nonfinite': 0, 'n_var_raw_negative': 0, 'n_var_raw_nonfinite': 0, 'n_var_total_clipped': 0}
2026-02-09 15:55:02 INFO debug.logger:       [TMCMC] ✓ Converged! β reached 1.0
2026-02-09 15:55:02 INFO debug.logger:       [TMCMC] ✅ TMCMC complete! Final β=1.0000
2026-02-09 15:55:02 INFO debug.logger:       [TMCMC] 🎯 MAP (posterior (observation-corrected)): [2.63448299 2.35987873 0.19262433 0.88915624 0.65861989 1.62035312
 1.72416829 0.01667275 1.2268911  2.17519447 0.88446521 1.58499763
 1.78226499 0.06627254 2.07089071 0.35625148 1.41298012 0.82937615
 1.56870055 2.7133731 ]
2026-02-09 15:55:02 INFO core.tmcmc: [Chain 1] Global MAP updated from 1 chains
2026-02-09 15:55:02 INFO core.tmcmc: Chain 2/2
2026-02-09 15:55:02 INFO core.tmcmc: [Chain 2] Using global MAP from previous chains
2026-02-09 15:55:02 INFO tmcmc_5species_tsm: TSM5S Linearization Point Updated (# 1)
2026-02-09 15:55:02 INFO core.evaluator: TSM initialized (linearization disabled initially for exploration)
2026-02-09 15:55:02 INFO core.tmcmc: [Chain 2] Initial linearization point set
2026-02-09 15:55:02 INFO core.tmcmc: [Commensal_Static_chain2] Parallelization: n_jobs=12 (effective=12), use_threads=False, n_particles=1000
2026-02-09 19:03:18 INFO debug.logger:       [TMCMC] Initial LogL: min=-17.2, max=-11.0
2026-02-09 19:03:18 INFO debug.logger:       [TMCMC] Model: Commensal_Static_chain2
2026-02-09 19:03:18 INFO debug.logger:       [TMCMC] Starting TMCMC with 1000 particles, 30 stages...
2026-02-09 19:03:18 INFO debug.logger:       [TMCMC] Stage 1/30 starting...
2026-02-09 19:03:18 INFO core.tmcmc:       [TMCMC] Stage 1: β=0.0000 → 0.5000 (Δ=0.500000), ESS=638.8/500.0 (actual=835.6), logL range=[-17.24, -11.03], log_w range=3.10, w[min,max]=[9.23e-05,2.06e-03]
2026-02-09 19:03:18 INFO debug.logger:       [TMCMC] Resample degeneracy: unique=591/1000 (unique_ratio=0.591)
2026-02-09 19:03:18 INFO debug.logger:       [TMCMC] Proposal cov stats: trace(cov_base)=1.48e+01, trace(cov)=1.68e+01, scale=7.40e-01, nugget=7.50e-07, tempered_scale=5.66e-01, adapt_scale=2.00x, cond(cov)=2.22e+00
2026-02-10 10:42:13 INFO core.tmcmc: [Commensal_Static_chain2] Mutation Stage 1: 5000 proposals evaluated in parallel (n_jobs=12), 4043 accepted (rate=0.8086), time=56335.08s
2026-02-10 10:42:13 INFO debug.logger:       [TMCMC] Post-mutation diversity: unique≈1000/1000 (unique_ratio≈1.000)
2026-02-10 10:42:13 INFO debug.logger:       [TMCMC] Stage 1: β=0.5000 (+0.5000)
2026-02-10 10:42:13 INFO debug.logger:       [TMCMC] Likelihood health (cumulative): {'n_calls': 0, 'n_tsm_fail': 0, 'n_output_nonfinite': 0, 'n_var_raw_negative': 0, 'n_var_raw_nonfinite': 0, 'n_var_total_clipped': 0}
2026-02-10 10:42:13 INFO debug.logger:       [TMCMC] Stage 2/30 starting...
2026-02-10 10:42:13 INFO core.tmcmc:       [TMCMC] Stage 2: β=0.5000 → 1.0000 (Δ=0.500000), ESS=920.2/500.0 (actual=920.2), logL range=[-16.30, -11.11], log_w range=2.59, w[min,max]=[1.19e-04,1.59e-03]
2026-02-10 10:42:13 INFO debug.logger:       [TMCMC] Resample degeneracy: unique=643/1000 (unique_ratio=0.643)
2026-02-10 10:42:13 INFO debug.logger:       [TMCMC] ℹ️  High acceptance rate (0.809), increasing proposal scale: 2.70x
2026-02-10 10:42:13 INFO debug.logger:       [TMCMC] Proposal cov stats: trace(cov_base)=1.48e+01, trace(cov)=1.13e+01, scale=7.38e-01, nugget=7.48e-07, tempered_scale=2.83e-01, adapt_scale=2.70x, cond(cov)=2.89e+00
2026-02-11 02:28:56 INFO debug.logger:       [TMCMC] Post-mutation diversity: unique≈1000/1000 (unique_ratio≈1.000)
2026-02-11 02:28:56 INFO debug.logger:       [TMCMC] Stage 2: β=1.0000 (+0.5000)
2026-02-11 02:28:56 INFO debug.logger:       [TMCMC] Likelihood health (cumulative): {'n_calls': 0, 'n_tsm_fail': 0, 'n_output_nonfinite': 0, 'n_var_raw_negative': 0, 'n_var_raw_nonfinite': 0, 'n_var_total_clipped': 0}
2026-02-11 02:28:56 INFO debug.logger:       [TMCMC] Stage 3/30 starting...
2026-02-11 02:28:56 INFO core.tmcmc:       [TMCMC] Stage 3: β=1.0000 → 1.0000 (Δ=0.000000), ESS=1000.0/500.0 (actual=1000.0), logL range=[-15.04, -11.05], log_w range=0.00, w[min,max]=[1.00e-03,1.00e-03]
2026-02-11 02:28:56 INFO debug.logger:       [TMCMC] Resample degeneracy: unique=629/1000 (unique_ratio=0.629)
2026-02-11 02:28:56 INFO debug.logger:       [TMCMC] ℹ️  High acceptance rate (0.723), increasing proposal scale: 2.41x
2026-02-11 02:28:56 INFO debug.logger:       [TMCMC] Proposal cov stats: trace(cov_base)=1.44e+01, trace(cov)=9.86e+00, scale=7.22e-01, nugget=7.32e-07, tempered_scale=2.83e-01, adapt_scale=2.41x, cond(cov)=3.63e+00
2026-02-11 18:07:20 INFO debug.logger:       [TMCMC] Post-mutation diversity: unique≈1000/1000 (unique_ratio≈1.000)
2026-02-11 18:07:20 INFO debug.logger:       [TMCMC] Computing ROM errors for 5/1000 particles (observation-based update)...
2026-02-11 18:07:37 INFO debug.logger:       [TMCMC] Scale check: logL=[-15.04, -11.84, -11.05], log_penalty=[0.0000, 0.0000, 0.0000], log_post=[-15.04, -11.84, -11.05], obs_score=[-15.04, -11.84, -11.05]
2026-02-11 18:07:37 WARNING debug.logger:       [TMCMC] Observation penalty may be too weak (max_penalty/max_logL_range=0.0000 < 0.01)
2026-02-11 18:07:37 INFO debug.logger:       [TMCMC] Observation-corrected MAP matches standard MAP (no correction effect)
2026-02-11 18:07:37 INFO debug.logger:       [TMCMC] ROM errors: mean=0.000000, min=0.000000, max=0.000000
2026-02-11 18:07:37 INFO debug.logger:       [TMCMC] Posterior MAP-WeightedMean distance: 3.985430, WeightedMean shift (obs-corrected): 0.000000
2026-02-11 18:07:37 WARNING debug.logger:       [TMCMC] Keeping linearization OFF (unstable): ε_ROM(MAP)=0.387021 > 0.050000 (β=1.0000, threshold=0.750)
2026-02-11 18:07:40 WARNING debug.logger:       [TMCMC] ROM error sufficiently small (ε_ROM=0.000000 < 0.01)
2026-02-11 18:07:40 INFO debug.logger:       [TMCMC]    where ε_ROM = || φ̄_ROM(t_obs) − φ̄_FOM(t_obs) ||₂ / || φ̄_FOM(t_obs) ||₂
2026-02-11 18:07:40 INFO debug.logger:       [TMCMC] Stage 3: β=1.0000 (+0.0000)
2026-02-11 18:07:40 INFO debug.logger:       [TMCMC] Likelihood health (cumulative): {'n_calls': 0, 'n_tsm_fail': 0, 'n_output_nonfinite': 0, 'n_var_raw_negative': 0, 'n_var_raw_nonfinite': 0, 'n_var_total_clipped': 0}
2026-02-11 18:07:40 INFO debug.logger:       [TMCMC] ✓ Converged! β reached 1.0
2026-02-11 18:07:40 INFO debug.logger:       [TMCMC] ✅ TMCMC complete! Final β=1.0000
2026-02-11 18:07:40 INFO debug.logger:       [TMCMC] 🎯 MAP (posterior (observation-corrected)): [0.71150457 2.61731306 1.69394591 2.32502346 0.90127097 1.63497485
 2.4321418  0.3890081  1.69099975 2.34608272 2.27149113 0.0810657
 1.05477676 2.49257083 0.19836001 0.92974451 0.71075987 0.59196545
 2.67161323 2.92575613]
2026-02-11 18:07:40 INFO core.tmcmc: [Chain 2] Global MAP updated from 2 chains
2026-02-11 18:07:40 INFO core.tmcmc: [Commensal_Static] TMCMC Summary:
2026-02-11 18:07:40 INFO core.tmcmc: Converged chains: 2/2
2026-02-11 18:07:40 INFO core.tmcmc: Global MAP: [1.55955478 0.3246851  0.99858043 0.48475195 2.68007631 2.19177778
 2.50247554 1.94310035 2.35247702 2.09938336 1.47265487 0.15867885
 0.97886052 2.61593963 2.951558   1.54444917 2.69924741 2.84244973
 2.03010892 2.16454887]
2026-02-11 18:07:40 INFO __main__: TMCMC completed in 336442.27 seconds
2026-02-11 18:07:40 INFO visualization.helpers: Exported diagnostics tables for Dysbiotic_Static to _runs/Dysbiotic_Static_20260207_203752/diagnostics_tables
2026-02-11 18:07:40 INFO __main__: Exported TMCMC diagnostics tables
2026-02-11 18:07:40 INFO __main__: Generating plots...
2026-02-11 18:07:40 INFO __main__: Running simulations for MAP and Mean estimates...
2026-02-11 18:07:41 INFO visualization.plot_manager: Saved figure: TSM_simulation_Dysbiotic_Static_MAP_Fit_with_data.png
2026-02-11 18:07:41 INFO visualization.plot_manager: Saved figure: TSM_simulation_Dysbiotic_Static_Mean_Fit_with_data.png
2026-02-11 18:07:41 INFO visualization.plot_manager: Saved figure: residuals_Dysbiotic_Static_Residuals.png
2026-02-11 18:07:45 INFO visualization.plot_manager: Saved figure: parameter_distributions_Dysbiotic_Static_Params.png
2026-02-11 18:08:00 INFO visualization.plot_manager: Saved figure: corner_plot_Dysbiotic_Static_Corner.png
2026-02-11 18:08:00 INFO __main__: Generating posterior predictive plots (sampling 50 trajectories)...
2026-02-11 18:08:07 INFO visualization.plot_manager: Saved figure: posterior_predictive_Dysbiotic_Static_PosteriorBand.png
2026-02-11 18:08:12 INFO visualization.plot_manager: Saved figure: posterior_predictive_spaghetti_Dysbiotic_Static_PosteriorSpaghetti.png
2026-02-11 18:08:12 INFO visualization.plot_manager: Saved figure: Fig01_TMCMC_beta_schedule_Dysbiotic_Static.png
2026-02-11 18:08:12 INFO __main__: Saved fit metrics to fit_metrics.json
2026-02-11 18:08:12 INFO visualization.plot_manager: Saved manifest: FIGURES_MANIFEST.json (8 figures)
2026-02-11 18:08:12 INFO __main__: Estimation complete. Results saved to _runs/Dysbiotic_Static_20260207_203752

============================================================
ESTIMATION SUMMARY
  a11: 1.5596
  a12: 0.3247
  a22: 0.9986
  b1: 0.4848
  b2: 2.6801
  a33: 2.1918
  a34: 2.5025
  a44: 1.9431
  b3: 2.3525
  b4: 2.0994
  a13: 1.4727
  a14: 0.1587
  a23: 0.9789
  a24: 2.6159
  a55: 2.9516
  b5: 1.5444
  a15: 2.6992
  a25: 2.8424
  a35: 2.0301
  a45: 2.1645
============================================================
