2026-02-26 02:00:43 INFO __main__: ============================================================
2026-02-26 02:00:43 INFO __main__: BATCH PROCESSING MODE
2026-02-26 02:00:43 INFO __main__: ============================================================
2026-02-26 02:00:43 INFO __main__: Starting batch estimation for 4 conditions...
2026-02-26 02:00:43 INFO __main__: Conditions: [('Commensal', 'Static'), ('Commensal', 'HOBIC'), ('Dysbiotic', 'Static'), ('Dysbiotic', 'HOBIC')]
2026-02-26 02:00:43 INFO __main__: Mode: SEQUENTIAL
2026-02-26 02:00:43 INFO __main__: 
============================================================
2026-02-26 02:00:43 INFO __main__: [1/4] Running: Commensal_Static
2026-02-26 02:00:43 INFO __main__: ============================================================
2026-02-26 02:00:43 INFO __main__: Loading Commensal Static data: 6 timepoints, days=[np.int64(1), np.int64(3), np.int64(6), np.int64(10), np.int64(15), np.int64(21)]
2026-02-26 02:00:43 INFO __main__: Data normalized to species fractions (sum=1 per timepoint)
2026-02-26 02:00:43 INFO __main__: Auto-calculated day_scale: 0.011310
2026-02-26 02:00:43 INFO __main__: Using per-species initial conditions: [0.17560976 0.00487805 0.8097561  0.00487805 0.00487805]
2026-02-26 02:00:43 INFO __main__: Nishioka Algorithm: Retrieving bounds and locked indices for Commensal Static...
2026-02-26 02:00:43 INFO __main__: Nishioka Algorithm: Locking indices [9, 15, 6, 7, 11, 13, 14, 16, 17, 18, 19] to 0.0
2026-02-26 02:00:43 INFO __main__: Reduced parameter space to 9 parameters: [0, 1, 2, 3, 4, 5, 8, 10, 12]
2026-02-26 02:00:43 INFO __main__: Re-applying locks to theta_base to ensure locked parameters [9, 15, 6, 7, 11, 13, 14, 16, 17, 18, 19] remain 0.0
2026-02-26 02:00:43 INFO __main__: Using sigma_obs = 0.34542314335060437
2026-02-26 02:00:43 INFO __main__: Data shape: (6, 5)
2026-02-26 02:00:43 INFO __main__: idx_sparse: [ 113  339  679 1131 1696 2375]
2026-02-26 02:00:43 INFO __main__: Weighted likelihood enabled: lambda_pg=2.0, lambda_late=1.5, n_late=2
2026-02-26 02:00:43 INFO __main__: Weight matrix:
[[1.  1.  1.  1.  2. ]
 [1.  1.  1.  1.  2. ]
 [1.  1.  1.  1.  2. ]
 [1.  1.  1.  1.  2. ]
 [1.5 1.5 1.5 1.5 3. ]
 [1.5 1.5 1.5 1.5 3. ]]
INFO:2026-02-26 02:00:44,867:jax._src.xla_bridge:834: Unable to initialize backend 'tpu': INTERNAL: Failed to open libtpu.so: libtpu.so: cannot open shared object file: No such file or directory
2026-02-26 02:00:44 INFO jax._src.xla_bridge: Unable to initialize backend 'tpu': INTERNAL: Failed to open libtpu.so: libtpu.so: cannot open shared object file: No such file or directory
2026-02-26 02:00:47 INFO __main__: DeepONet surrogate loaded from /home/nishioka/IKM_Hiwi/Tmcmc202601/deeponet/checkpoints_Commensal_Static
2026-02-26 02:00:47 INFO __main__: Starting TMCMC estimation...
2026-02-26 02:00:47 INFO core.tmcmc: [Commensal_Static] Running 2 TMCMC chains (β tempering + linearization update)...
2026-02-26 02:00:47 INFO core.tmcmc: Chain 1/2
2026-02-26 02:00:47 INFO core.tmcmc: [Chain 1] Initial linearization point set
2026-02-26 02:00:48 INFO core.tmcmc: [Commensal_Static_chain1] Parallelization: n_jobs=1 (effective=1), use_threads=False, n_particles=1000
2026-02-26 02:00:48 INFO debug.logger:       [TMCMC] Initial LogL: min=-2.4, max=-1.4
2026-02-26 02:00:48 INFO debug.logger:       [TMCMC] Model: Commensal_Static_chain1
2026-02-26 02:00:48 INFO debug.logger:       [TMCMC] Starting TMCMC with 1000 particles, 30 stages...
2026-02-26 02:00:48 INFO debug.logger:       [TMCMC] Stage 1/30 starting...
2026-02-26 02:00:48 INFO core.tmcmc:       [TMCMC] Stage 1: β=0.0000 → 0.5000 (Δ=0.500000), ESS=979.8/500.0 (actual=995.1), logL range=[-2.40, -1.40], log_w range=0.50, w[min,max]=[8.07e-04,1.33e-03]
2026-02-26 02:00:48 INFO debug.logger:       [TMCMC] Resample degeneracy: unique=632/1000 (unique_ratio=0.632)
2026-02-26 02:00:48 INFO debug.logger:       [TMCMC] Proposal cov stats: trace(cov_base)=6.62e+00, trace(cov)=7.50e+00, scale=3.31e-01, nugget=3.41e-07, tempered_scale=5.66e-01, adapt_scale=2.00x, cond(cov)=3.04e+06
2026-02-26 02:00:54 INFO core.tmcmc: [Commensal_Static_chain1] Mutation Stage 1: 5000 proposals evaluated in parallel (n_jobs=11), 4845 accepted (rate=0.9690), time=6.20s
2026-02-26 02:00:54 INFO debug.logger:       [TMCMC] Post-mutation diversity: unique≈1000/1000 (unique_ratio≈1.000)
2026-02-26 02:00:54 INFO debug.logger:       [TMCMC] Stage 1: β=0.5000 (+0.5000)
2026-02-26 02:00:54 INFO debug.logger:       [TMCMC] Likelihood health (cumulative): {'n_calls': 6000, 'n_tsm_fail': 0, 'n_output_nonfinite': 0, 'n_var_raw_negative': 0, 'n_var_raw_nonfinite': 0, 'n_var_total_clipped': 0}
2026-02-26 02:00:54 INFO debug.logger:       [TMCMC] Stage 2/30 starting...
2026-02-26 02:00:54 INFO core.tmcmc:       [TMCMC] Stage 2: β=0.5000 → 1.0000 (Δ=0.500000), ESS=995.3/500.0 (actual=995.3), logL range=[-2.38, -1.46], log_w range=0.46, w[min,max]=[8.11e-04,1.29e-03]
2026-02-26 02:00:55 INFO debug.logger:       [TMCMC] Resample degeneracy: unique=630/1000 (unique_ratio=0.630)
2026-02-26 02:00:55 INFO debug.logger:       [TMCMC] ℹ️  High acceptance rate (0.969), increasing proposal scale: 3.23x
2026-02-26 02:00:55 INFO debug.logger:       [TMCMC] Proposal cov stats: trace(cov_base)=6.52e+00, trace(cov)=5.97e+00, scale=3.26e-01, nugget=3.36e-07, tempered_scale=2.83e-01, adapt_scale=3.23x, cond(cov)=2.42e+06
2026-02-26 02:01:01 INFO debug.logger:       [TMCMC] Post-mutation diversity: unique≈1000/1000 (unique_ratio≈1.000)
2026-02-26 02:01:01 INFO debug.logger:       [TMCMC] Stage 2: β=1.0000 (+0.5000)
2026-02-26 02:01:01 INFO debug.logger:       [TMCMC] Likelihood health (cumulative): {'n_calls': 11000, 'n_tsm_fail': 0, 'n_output_nonfinite': 0, 'n_var_raw_negative': 0, 'n_var_raw_nonfinite': 0, 'n_var_total_clipped': 0}
2026-02-26 02:01:01 INFO debug.logger:       [TMCMC] Stage 3/30 starting...
2026-02-26 02:01:01 INFO core.tmcmc:       [TMCMC] Stage 3: β=1.0000 → 1.0000 (Δ=0.000000), ESS=1000.0/500.0 (actual=1000.0), logL range=[-2.36, -1.44], log_w range=0.00, w[min,max]=[1.00e-03,1.00e-03]
2026-02-26 02:01:01 INFO debug.logger:       [TMCMC] Resample degeneracy: unique=641/1000 (unique_ratio=0.641)
2026-02-26 02:01:01 INFO debug.logger:       [TMCMC] ℹ️  High acceptance rate (0.947), increasing proposal scale: 3.16x
2026-02-26 02:01:01 INFO debug.logger:       [TMCMC] Proposal cov stats: trace(cov_base)=6.66e+00, trace(cov)=5.95e+00, scale=3.33e-01, nugget=3.43e-07, tempered_scale=2.83e-01, adapt_scale=3.16x, cond(cov)=2.35e+06
2026-02-26 02:01:07 INFO debug.logger:       [TMCMC] Post-mutation diversity: unique≈1000/1000 (unique_ratio≈1.000)
2026-02-26 02:01:07 INFO debug.logger:       [TMCMC] Computing ROM errors for 5/1000 particles (observation-based update)...
2026-02-26 02:01:07 INFO debug.logger:       [TMCMC] Scale check: logL=[-2.36, -1.98, -1.44], log_penalty=[0.0000, 0.0000, 0.0000], log_post=[-2.36, -1.98, -1.44], obs_score=[-2.36, -1.98, -1.44]
2026-02-26 02:01:07 WARNING debug.logger:       [TMCMC] Observation penalty may be too weak (max_penalty/max_logL_range=0.0000 < 0.01)
2026-02-26 02:01:07 INFO debug.logger:       [TMCMC] Observation-corrected MAP matches standard MAP (no correction effect)
2026-02-26 02:01:07 INFO debug.logger:       [TMCMC] ROM errors: mean=0.000000, min=0.000000, max=0.000000
2026-02-26 02:01:07 INFO debug.logger:       [TMCMC] Posterior MAP-WeightedMean distance: 3.111148, WeightedMean shift (obs-corrected): 0.000000
2026-02-26 02:01:07 INFO debug.logger:       [TMCMC] ✅ Linearization enabled at β=1.0000 (threshold=0.750) with ε_ROM(MAP)=0.000000 <= 0.050000
2026-02-26 02:01:07 WARNING debug.logger:       [TMCMC] ROM error sufficiently small (ε_ROM=0.000000 < 0.01)
2026-02-26 02:01:07 INFO debug.logger:       [TMCMC]    where ε_ROM = || φ̄_ROM(t_obs) − φ̄_FOM(t_obs) ||₂ / || φ̄_FOM(t_obs) ||₂
2026-02-26 02:01:07 INFO debug.logger:       [TMCMC] Stage 3: β=1.0000 (+0.0000)
2026-02-26 02:01:07 INFO debug.logger:       [TMCMC] Likelihood health (cumulative): {'n_calls': 16000, 'n_tsm_fail': 0, 'n_output_nonfinite': 0, 'n_var_raw_negative': 0, 'n_var_raw_nonfinite': 0, 'n_var_total_clipped': 0}
2026-02-26 02:01:07 INFO debug.logger:       [TMCMC] ✓ Converged! β reached 1.0
2026-02-26 02:01:07 INFO debug.logger:       [TMCMC] ✅ TMCMC complete! Final β=1.0000
2026-02-26 02:01:07 INFO debug.logger:       [TMCMC] 🎯 MAP (posterior (observation-corrected)): [1.96177355 0.51963819 0.15512339 0.44697609 0.01778801 1.29608846
 0.         0.         2.88696186 0.         1.97537163 0.
 0.35645891 0.         0.         0.         0.         0.
 0.         0.        ]
2026-02-26 02:01:07 INFO debug.logger:       [TMCMC] 📊 Log model evidence: -1.9686
2026-02-26 02:01:07 INFO core.tmcmc: [Chain 1] Global MAP updated from 1 chains
2026-02-26 02:01:07 INFO core.tmcmc: Chain 2/2
2026-02-26 02:01:07 INFO core.tmcmc: [Chain 2] Using global MAP from previous chains
2026-02-26 02:01:07 INFO core.tmcmc: [Chain 2] Initial linearization point set
2026-02-26 02:01:07 INFO core.tmcmc: [Commensal_Static_chain2] Parallelization: n_jobs=1 (effective=1), use_threads=False, n_particles=1000
2026-02-26 02:01:08 INFO debug.logger:       [TMCMC] Initial LogL: min=-2.4, max=-1.5
2026-02-26 02:01:08 INFO debug.logger:       [TMCMC] Model: Commensal_Static_chain2
2026-02-26 02:01:08 INFO debug.logger:       [TMCMC] Starting TMCMC with 1000 particles, 30 stages...
2026-02-26 02:01:08 INFO debug.logger:       [TMCMC] Stage 1/30 starting...
2026-02-26 02:01:08 INFO core.tmcmc:       [TMCMC] Stage 1: β=0.0000 → 0.5000 (Δ=0.500000), ESS=980.3/500.0 (actual=995.2), logL range=[-2.42, -1.51], log_w range=0.45, w[min,max]=[8.02e-04,1.26e-03]
2026-02-26 02:01:08 INFO debug.logger:       [TMCMC] Resample degeneracy: unique=614/1000 (unique_ratio=0.614)
2026-02-26 02:01:08 INFO debug.logger:       [TMCMC] Proposal cov stats: trace(cov_base)=6.64e+00, trace(cov)=7.53e+00, scale=3.32e-01, nugget=3.42e-07, tempered_scale=5.66e-01, adapt_scale=2.00x, cond(cov)=2.97e+06
2026-02-26 02:01:12 INFO core.tmcmc: [Commensal_Static_chain2] Mutation Stage 1: 5000 proposals evaluated in parallel (n_jobs=11), 4829 accepted (rate=0.9658), time=4.77s
2026-02-26 02:01:12 INFO debug.logger:       [TMCMC] Post-mutation diversity: unique≈1000/1000 (unique_ratio≈1.000)
2026-02-26 02:01:13 INFO debug.logger:       [TMCMC] Stage 1: β=0.5000 (+0.5000)
2026-02-26 02:01:13 INFO debug.logger:       [TMCMC] Likelihood health (cumulative): {'n_calls': 6000, 'n_tsm_fail': 0, 'n_output_nonfinite': 0, 'n_var_raw_negative': 0, 'n_var_raw_nonfinite': 0, 'n_var_total_clipped': 0}
2026-02-26 02:01:13 INFO debug.logger:       [TMCMC] Stage 2/30 starting...
2026-02-26 02:01:13 INFO core.tmcmc:       [TMCMC] Stage 2: β=0.5000 → 1.0000 (Δ=0.500000), ESS=995.2/500.0 (actual=995.2), logL range=[-2.44, -1.42], log_w range=0.51, w[min,max]=[7.89e-04,1.31e-03]
2026-02-26 02:01:13 INFO debug.logger:       [TMCMC] Resample degeneracy: unique=646/1000 (unique_ratio=0.646)
2026-02-26 02:01:13 INFO debug.logger:       [TMCMC] ℹ️  High acceptance rate (0.966), increasing proposal scale: 3.22x
2026-02-26 02:01:13 INFO debug.logger:       [TMCMC] Proposal cov stats: trace(cov_base)=6.60e+00, trace(cov)=6.02e+00, scale=3.30e-01, nugget=3.40e-07, tempered_scale=2.83e-01, adapt_scale=3.22x, cond(cov)=2.31e+06
2026-02-26 02:01:18 INFO debug.logger:       [TMCMC] Post-mutation diversity: unique≈1000/1000 (unique_ratio≈1.000)
2026-02-26 02:01:18 INFO debug.logger:       [TMCMC] Stage 2: β=1.0000 (+0.5000)
2026-02-26 02:01:18 INFO debug.logger:       [TMCMC] Likelihood health (cumulative): {'n_calls': 11000, 'n_tsm_fail': 0, 'n_output_nonfinite': 0, 'n_var_raw_negative': 0, 'n_var_raw_nonfinite': 0, 'n_var_total_clipped': 0}
2026-02-26 02:01:18 INFO debug.logger:       [TMCMC] Stage 3/30 starting...
2026-02-26 02:01:18 INFO core.tmcmc:       [TMCMC] Stage 3: β=1.0000 → 1.0000 (Δ=0.000000), ESS=1000.0/500.0 (actual=1000.0), logL range=[-2.42, -1.36], log_w range=0.00, w[min,max]=[1.00e-03,1.00e-03]
2026-02-26 02:01:18 INFO debug.logger:       [TMCMC] Resample degeneracy: unique=629/1000 (unique_ratio=0.629)
2026-02-26 02:01:18 INFO debug.logger:       [TMCMC] ℹ️  High acceptance rate (0.941), increasing proposal scale: 3.14x
2026-02-26 02:01:18 INFO debug.logger:       [TMCMC] Proposal cov stats: trace(cov_base)=6.69e+00, trace(cov)=5.94e+00, scale=3.35e-01, nugget=3.45e-07, tempered_scale=2.83e-01, adapt_scale=3.14x, cond(cov)=2.39e+06
2026-02-26 02:01:24 INFO debug.logger:       [TMCMC] Post-mutation diversity: unique≈1000/1000 (unique_ratio≈1.000)
2026-02-26 02:01:24 INFO debug.logger:       [TMCMC] Computing ROM errors for 5/1000 particles (observation-based update)...
2026-02-26 02:01:24 INFO debug.logger:       [TMCMC] Scale check: logL=[-2.42, -1.97, -1.36], log_penalty=[0.0000, 0.0000, 0.0000], log_post=[-2.42, -1.97, -1.36], obs_score=[-2.42, -1.97, -1.36]
2026-02-26 02:01:24 WARNING debug.logger:       [TMCMC] Observation penalty may be too weak (max_penalty/max_logL_range=0.0000 < 0.01)
2026-02-26 02:01:24 INFO debug.logger:       [TMCMC] Observation-corrected MAP matches standard MAP (no correction effect)
2026-02-26 02:01:24 INFO debug.logger:       [TMCMC] ROM errors: mean=0.000000, min=0.000000, max=0.000000
2026-02-26 02:01:24 INFO debug.logger:       [TMCMC] Posterior MAP-WeightedMean distance: 2.945368, WeightedMean shift (obs-corrected): 0.000000
2026-02-26 02:01:24 INFO debug.logger:       [TMCMC] ✅ Linearization enabled at β=1.0000 (threshold=0.750) with ε_ROM(MAP)=0.000000 <= 0.050000
2026-02-26 02:01:24 WARNING debug.logger:       [TMCMC] ROM error sufficiently small (ε_ROM=0.000000 < 0.01)
2026-02-26 02:01:24 INFO debug.logger:       [TMCMC]    where ε_ROM = || φ̄_ROM(t_obs) − φ̄_FOM(t_obs) ||₂ / || φ̄_FOM(t_obs) ||₂
2026-02-26 02:01:24 INFO debug.logger:       [TMCMC] Stage 3: β=1.0000 (+0.0000)
2026-02-26 02:01:24 INFO debug.logger:       [TMCMC] Likelihood health (cumulative): {'n_calls': 16000, 'n_tsm_fail': 0, 'n_output_nonfinite': 0, 'n_var_raw_negative': 0, 'n_var_raw_nonfinite': 0, 'n_var_total_clipped': 0}
2026-02-26 02:01:24 INFO debug.logger:       [TMCMC] ✓ Converged! β reached 1.0
2026-02-26 02:01:24 INFO debug.logger:       [TMCMC] ✅ TMCMC complete! Final β=1.0000
2026-02-26 02:01:24 INFO debug.logger:       [TMCMC] 🎯 MAP (posterior (observation-corrected)): [ 1.74900795  1.94834405 -0.03536865  0.91505194  0.03082401  1.81557243
  0.          0.          1.30552929  0.          1.14323701  0.
 -0.32559417  0.          0.          0.          0.          0.
  0.          0.        ]
2026-02-26 02:01:24 INFO debug.logger:       [TMCMC] 📊 Log model evidence: -1.9706
2026-02-26 02:01:24 INFO core.tmcmc: [Chain 2] Global MAP updated from 2 chains
2026-02-26 02:01:24 INFO core.tmcmc: [Commensal_Static] TMCMC Summary:
2026-02-26 02:01:24 INFO core.tmcmc: Converged chains: 2/2
2026-02-26 02:01:24 INFO core.tmcmc: Global MAP: [1.96128172 0.54828652 0.22786816 0.83211692 0.01491305 1.85639528
 0.         0.         2.81420965 0.         1.23251949 0.
 0.75409932 0.         0.         0.         0.         0.
 0.         0.        ]
2026-02-26 02:01:24 INFO __main__: TMCMC completed in 36.39 seconds
2026-02-26 02:01:24 INFO __main__: Computing enhanced convergence diagnostics...
/home/nishioka/IKM_Hiwi/Tmcmc202601/data_5species/main/estimate_reduced_nishioka.py:282: RuntimeWarning: invalid value encountered in divide
  acf = acf / acf[0]  # Normalize
2026-02-26 02:01:24 INFO __main__: R-hat max: 1.0001 (target < 1.1)
2026-02-26 02:01:24 INFO __main__: ESS min: 1823.4 (target > 100)
2026-02-26 02:01:24 INFO __main__: Convergence (R-hat): True
2026-02-26 02:01:24 INFO __main__: Convergence (ESS): False
2026-02-26 02:01:24 INFO __main__: Computing 95% HDI and credible intervals...
2026-02-26 02:01:24 INFO __main__: HDI computed for all parameters
2026-02-26 02:01:24 INFO __main__: [Commensal_Static] Completed. LogL_max=-1.41
2026-02-26 02:01:24 INFO __main__: 
============================================================
2026-02-26 02:01:24 INFO __main__: [2/4] Running: Commensal_HOBIC
2026-02-26 02:01:24 INFO __main__: ============================================================
2026-02-26 02:01:24 INFO __main__: Loading Commensal HOBIC data: 6 timepoints, days=[np.int64(1), np.int64(3), np.int64(6), np.int64(10), np.int64(15), np.int64(21)]
2026-02-26 02:01:24 INFO __main__: Data normalized to species fractions (sum=1 per timepoint)
2026-02-26 02:01:24 INFO __main__: Auto-calculated day_scale: 0.011310
2026-02-26 02:01:24 INFO __main__: Using per-species initial conditions: [0.74626866 0.04975124 0.09950249 0.09950249 0.00497512]
2026-02-26 02:01:24 INFO __main__: Nishioka Algorithm: Retrieving bounds and locked indices for Commensal HOBIC...
2026-02-26 02:01:24 INFO __main__: Nishioka Algorithm: Locking indices [6, 12, 13, 16, 17, 15, 18] to 0.0
2026-02-26 02:01:24 INFO __main__: Reduced parameter space to 13 parameters: [0, 1, 2, 3, 4, 5, 7, 8, 9, 10, 11, 14, 19]
2026-02-26 02:01:24 INFO __main__: Re-applying locks to theta_base to ensure locked parameters [6, 12, 13, 16, 17, 15, 18] remain 0.0
2026-02-26 02:01:24 INFO __main__: Using sigma_obs = 0.48491790759832
2026-02-26 02:01:24 INFO __main__: Data shape: (6, 5)
2026-02-26 02:01:24 INFO __main__: idx_sparse: [ 113  339  679 1131 1696 2375]
2026-02-26 02:01:24 INFO __main__: Weighted likelihood enabled: lambda_pg=2.0, lambda_late=1.5, n_late=2
2026-02-26 02:01:24 INFO __main__: Weight matrix:
[[1.  1.  1.  1.  2. ]
 [1.  1.  1.  1.  2. ]
 [1.  1.  1.  1.  2. ]
 [1.  1.  1.  1.  2. ]
 [1.5 1.5 1.5 1.5 3. ]
 [1.5 1.5 1.5 1.5 3. ]]
2026-02-26 02:01:24 INFO __main__: DeepONet surrogate loaded from /home/nishioka/IKM_Hiwi/Tmcmc202601/deeponet/checkpoints_Commensal_HOBIC
2026-02-26 02:01:24 INFO __main__: Starting TMCMC estimation...
2026-02-26 02:01:24 INFO core.tmcmc: [Commensal_HOBIC] Running 2 TMCMC chains (β tempering + linearization update)...
2026-02-26 02:01:24 INFO core.tmcmc: Chain 1/2
2026-02-26 02:01:24 INFO core.tmcmc: [Chain 1] Initial linearization point set
2026-02-26 02:01:24 INFO core.tmcmc: [Commensal_HOBIC_chain1] Parallelization: n_jobs=1 (effective=1), use_threads=False, n_particles=1000
2026-02-26 02:01:25 INFO debug.logger:       [TMCMC] Initial LogL: min=-13.0, max=-12.4
2026-02-26 02:01:25 INFO debug.logger:       [TMCMC] Model: Commensal_HOBIC_chain1
2026-02-26 02:01:25 INFO debug.logger:       [TMCMC] Starting TMCMC with 1000 particles, 30 stages...
2026-02-26 02:01:25 INFO debug.logger:       [TMCMC] Stage 1/30 starting...
2026-02-26 02:01:25 INFO core.tmcmc:       [TMCMC] Stage 1: β=0.0000 → 0.5000 (Δ=0.500000), ESS=995.3/500.0 (actual=998.8), logL range=[-12.99, -12.45], log_w range=0.27, w[min,max]=[8.47e-04,1.11e-03]
2026-02-26 02:01:25 INFO debug.logger:       [TMCMC] Resample degeneracy: unique=617/1000 (unique_ratio=0.617)
2026-02-26 02:01:25 INFO debug.logger:       [TMCMC] Proposal cov stats: trace(cov_base)=1.25e+01, trace(cov)=1.41e+01, scale=6.23e-01, nugget=6.33e-07, tempered_scale=5.66e-01, adapt_scale=2.00x, cond(cov)=1.30e+07
2026-02-26 02:01:31 INFO core.tmcmc: [Commensal_HOBIC_chain1] Mutation Stage 1: 5000 proposals evaluated in parallel (n_jobs=11), 4917 accepted (rate=0.9834), time=5.83s
2026-02-26 02:01:31 INFO debug.logger:       [TMCMC] Post-mutation diversity: unique≈1000/1000 (unique_ratio≈1.000)
2026-02-26 02:01:31 INFO debug.logger:       [TMCMC] Stage 1: β=0.5000 (+0.5000)
2026-02-26 02:01:31 INFO debug.logger:       [TMCMC] Likelihood health (cumulative): {'n_calls': 6000, 'n_tsm_fail': 0, 'n_output_nonfinite': 0, 'n_var_raw_negative': 0, 'n_var_raw_nonfinite': 0, 'n_var_total_clipped': 0}
2026-02-26 02:01:31 INFO debug.logger:       [TMCMC] Stage 2/30 starting...
2026-02-26 02:01:31 INFO core.tmcmc:       [TMCMC] Stage 2: β=0.5000 → 1.0000 (Δ=0.500000), ESS=998.7/500.0 (actual=998.7), logL range=[-12.97, -12.41], log_w range=0.28, w[min,max]=[8.56e-04,1.13e-03]
2026-02-26 02:01:31 INFO debug.logger:       [TMCMC] Resample degeneracy: unique=630/1000 (unique_ratio=0.630)
2026-02-26 02:01:31 INFO debug.logger:       [TMCMC] ℹ️  High acceptance rate (0.983), increasing proposal scale: 3.28x
2026-02-26 02:01:31 INFO debug.logger:       [TMCMC] Proposal cov stats: trace(cov_base)=1.25e+01, trace(cov)=1.16e+01, scale=6.24e-01, nugget=6.34e-07, tempered_scale=2.83e-01, adapt_scale=3.28x, cond(cov)=1.07e+07
2026-02-26 02:01:36 INFO debug.logger:       [TMCMC] Post-mutation diversity: unique≈1000/1000 (unique_ratio≈1.000)
2026-02-26 02:01:36 INFO debug.logger:       [TMCMC] Stage 2: β=1.0000 (+0.5000)
2026-02-26 02:01:36 INFO debug.logger:       [TMCMC] Likelihood health (cumulative): {'n_calls': 11000, 'n_tsm_fail': 0, 'n_output_nonfinite': 0, 'n_var_raw_negative': 0, 'n_var_raw_nonfinite': 0, 'n_var_total_clipped': 0}
2026-02-26 02:01:36 INFO debug.logger:       [TMCMC] Stage 3/30 starting...
2026-02-26 02:01:36 INFO core.tmcmc:       [TMCMC] Stage 3: β=1.0000 → 1.0000 (Δ=0.000000), ESS=1000.0/500.0 (actual=1000.0), logL range=[-12.89, -12.39], log_w range=0.00, w[min,max]=[1.00e-03,1.00e-03]
2026-02-26 02:01:36 INFO debug.logger:       [TMCMC] Resample degeneracy: unique=642/1000 (unique_ratio=0.642)
2026-02-26 02:01:36 INFO debug.logger:       [TMCMC] ℹ️  High acceptance rate (0.968), increasing proposal scale: 3.23x
2026-02-26 02:01:36 INFO debug.logger:       [TMCMC] Proposal cov stats: trace(cov_base)=1.23e+01, trace(cov)=1.12e+01, scale=6.15e-01, nugget=6.25e-07, tempered_scale=2.83e-01, adapt_scale=3.23x, cond(cov)=1.04e+07
2026-02-26 02:01:41 INFO debug.logger:       [TMCMC] Post-mutation diversity: unique≈1000/1000 (unique_ratio≈1.000)
2026-02-26 02:01:41 INFO debug.logger:       [TMCMC] Computing ROM errors for 5/1000 particles (observation-based update)...
2026-02-26 02:01:41 INFO debug.logger:       [TMCMC] Scale check: logL=[-12.89, -12.66, -12.39], log_penalty=[0.0000, 0.0000, 0.0000], log_post=[-12.89, -12.66, -12.39], obs_score=[-12.89, -12.66, -12.39]
2026-02-26 02:01:41 WARNING debug.logger:       [TMCMC] Observation penalty may be too weak (max_penalty/max_logL_range=0.0000 < 0.01)
2026-02-26 02:01:41 INFO debug.logger:       [TMCMC] Observation-corrected MAP matches standard MAP (no correction effect)
2026-02-26 02:01:41 INFO debug.logger:       [TMCMC] ROM errors: mean=0.000000, min=0.000000, max=0.000000
2026-02-26 02:01:41 INFO debug.logger:       [TMCMC] Posterior MAP-WeightedMean distance: 5.255009, WeightedMean shift (obs-corrected): 0.000000
2026-02-26 02:01:41 INFO debug.logger:       [TMCMC] ✅ Linearization enabled at β=1.0000 (threshold=0.750) with ε_ROM(MAP)=0.000000 <= 0.050000
2026-02-26 02:01:41 WARNING debug.logger:       [TMCMC] ROM error sufficiently small (ε_ROM=0.000000 < 0.01)
2026-02-26 02:01:41 INFO debug.logger:       [TMCMC]    where ε_ROM = || φ̄_ROM(t_obs) − φ̄_FOM(t_obs) ||₂ / || φ̄_FOM(t_obs) ||₂
2026-02-26 02:01:41 INFO debug.logger:       [TMCMC] Stage 3: β=1.0000 (+0.0000)
2026-02-26 02:01:41 INFO debug.logger:       [TMCMC] Likelihood health (cumulative): {'n_calls': 16000, 'n_tsm_fail': 0, 'n_output_nonfinite': 0, 'n_var_raw_negative': 0, 'n_var_raw_nonfinite': 0, 'n_var_total_clipped': 0}
2026-02-26 02:01:41 INFO debug.logger:       [TMCMC] ✓ Converged! β reached 1.0
2026-02-26 02:01:41 INFO debug.logger:       [TMCMC] ✅ TMCMC complete! Final β=1.0000
2026-02-26 02:01:41 INFO debug.logger:       [TMCMC] 🎯 MAP (posterior (observation-corrected)): [-0.17447054  0.89608947 -0.32901905  1.1403682   0.07168193  0.16301931
  0.         -0.47390469  2.7200609   2.67695015  0.98522861 -0.82261294
  0.          0.          0.97348018  0.          0.          0.
  0.         -0.76414174]
2026-02-26 02:01:41 INFO debug.logger:       [TMCMC] 📊 Log model evidence: -12.6608
2026-02-26 02:01:41 INFO core.tmcmc: [Chain 1] Global MAP updated from 1 chains
2026-02-26 02:01:41 INFO core.tmcmc: Chain 2/2
2026-02-26 02:01:41 INFO core.tmcmc: [Chain 2] Using global MAP from previous chains
2026-02-26 02:01:41 INFO core.tmcmc: [Chain 2] Initial linearization point set
2026-02-26 02:01:41 INFO core.tmcmc: [Commensal_HOBIC_chain2] Parallelization: n_jobs=1 (effective=1), use_threads=False, n_particles=1000
2026-02-26 02:01:42 INFO debug.logger:       [TMCMC] Initial LogL: min=-12.9, max=-12.4
2026-02-26 02:01:42 INFO debug.logger:       [TMCMC] Model: Commensal_HOBIC_chain2
2026-02-26 02:01:42 INFO debug.logger:       [TMCMC] Starting TMCMC with 1000 particles, 30 stages...
2026-02-26 02:01:42 INFO debug.logger:       [TMCMC] Stage 1/30 starting...
2026-02-26 02:01:42 INFO core.tmcmc:       [TMCMC] Stage 1: β=0.0000 → 0.5000 (Δ=0.500000), ESS=994.9/500.0 (actual=998.7), logL range=[-12.94, -12.45], log_w range=0.25, w[min,max]=[8.71e-04,1.11e-03]
2026-02-26 02:01:42 INFO debug.logger:       [TMCMC] Resample degeneracy: unique=628/1000 (unique_ratio=0.628)
2026-02-26 02:01:42 INFO debug.logger:       [TMCMC] Proposal cov stats: trace(cov_base)=1.21e+01, trace(cov)=1.37e+01, scale=6.07e-01, nugget=6.17e-07, tempered_scale=5.66e-01, adapt_scale=2.00x, cond(cov)=1.26e+07
2026-02-26 02:01:47 INFO core.tmcmc: [Commensal_HOBIC_chain2] Mutation Stage 1: 5000 proposals evaluated in parallel (n_jobs=11), 4920 accepted (rate=0.9840), time=4.82s
2026-02-26 02:01:47 INFO debug.logger:       [TMCMC] Post-mutation diversity: unique≈1000/1000 (unique_ratio≈1.000)
2026-02-26 02:01:47 INFO debug.logger:       [TMCMC] Stage 1: β=0.5000 (+0.5000)
2026-02-26 02:01:47 INFO debug.logger:       [TMCMC] Likelihood health (cumulative): {'n_calls': 6000, 'n_tsm_fail': 0, 'n_output_nonfinite': 0, 'n_var_raw_negative': 0, 'n_var_raw_nonfinite': 0, 'n_var_total_clipped': 0}
2026-02-26 02:01:47 INFO debug.logger:       [TMCMC] Stage 2/30 starting...
2026-02-26 02:01:47 INFO core.tmcmc:       [TMCMC] Stage 2: β=0.5000 → 1.0000 (Δ=0.500000), ESS=998.7/500.0 (actual=998.7), logL range=[-12.96, -12.44], log_w range=0.26, w[min,max]=[8.63e-04,1.12e-03]
2026-02-26 02:01:47 INFO debug.logger:       [TMCMC] Resample degeneracy: unique=631/1000 (unique_ratio=0.631)
2026-02-26 02:01:47 INFO debug.logger:       [TMCMC] ℹ️  High acceptance rate (0.984), increasing proposal scale: 3.28x
2026-02-26 02:01:47 INFO debug.logger:       [TMCMC] Proposal cov stats: trace(cov_base)=1.19e+01, trace(cov)=1.11e+01, scale=5.95e-01, nugget=6.05e-07, tempered_scale=2.83e-01, adapt_scale=3.28x, cond(cov)=1.02e+07
2026-02-26 02:01:52 INFO debug.logger:       [TMCMC] Post-mutation diversity: unique≈1000/1000 (unique_ratio≈1.000)
2026-02-26 02:01:52 INFO debug.logger:       [TMCMC] Stage 2: β=1.0000 (+0.5000)
2026-02-26 02:01:52 INFO debug.logger:       [TMCMC] Likelihood health (cumulative): {'n_calls': 11000, 'n_tsm_fail': 0, 'n_output_nonfinite': 0, 'n_var_raw_negative': 0, 'n_var_raw_nonfinite': 0, 'n_var_total_clipped': 0}
2026-02-26 02:01:52 INFO debug.logger:       [TMCMC] Stage 3/30 starting...
2026-02-26 02:01:52 INFO core.tmcmc:       [TMCMC] Stage 3: β=1.0000 → 1.0000 (Δ=0.000000), ESS=1000.0/500.0 (actual=1000.0), logL range=[-12.94, -12.36], log_w range=0.00, w[min,max]=[1.00e-03,1.00e-03]
2026-02-26 02:01:52 INFO debug.logger:       [TMCMC] Resample degeneracy: unique=636/1000 (unique_ratio=0.636)
2026-02-26 02:01:52 INFO debug.logger:       [TMCMC] ℹ️  High acceptance rate (0.970), increasing proposal scale: 3.23x
2026-02-26 02:01:52 INFO debug.logger:       [TMCMC] Proposal cov stats: trace(cov_base)=1.22e+01, trace(cov)=1.12e+01, scale=6.11e-01, nugget=6.21e-07, tempered_scale=2.83e-01, adapt_scale=3.23x, cond(cov)=1.03e+07
2026-02-26 02:01:57 INFO debug.logger:       [TMCMC] Post-mutation diversity: unique≈1000/1000 (unique_ratio≈1.000)
2026-02-26 02:01:57 INFO debug.logger:       [TMCMC] Computing ROM errors for 5/1000 particles (observation-based update)...
2026-02-26 02:01:57 INFO debug.logger:       [TMCMC] Scale check: logL=[-12.94, -12.65, -12.36], log_penalty=[0.0000, 0.0000, 0.0000], log_post=[-12.94, -12.65, -12.36], obs_score=[-12.94, -12.65, -12.36]
2026-02-26 02:01:57 WARNING debug.logger:       [TMCMC] Observation penalty may be too weak (max_penalty/max_logL_range=0.0000 < 0.01)
2026-02-26 02:01:57 INFO debug.logger:       [TMCMC] Observation-corrected MAP matches standard MAP (no correction effect)
2026-02-26 02:01:57 INFO debug.logger:       [TMCMC] ROM errors: mean=0.000000, min=0.000000, max=0.000000
2026-02-26 02:01:57 INFO debug.logger:       [TMCMC] Posterior MAP-WeightedMean distance: 4.883546, WeightedMean shift (obs-corrected): 0.000000
2026-02-26 02:01:57 INFO debug.logger:       [TMCMC] ✅ Linearization enabled at β=1.0000 (threshold=0.750) with ε_ROM(MAP)=0.000000 <= 0.050000
2026-02-26 02:01:57 WARNING debug.logger:       [TMCMC] ROM error sufficiently small (ε_ROM=0.000000 < 0.01)
2026-02-26 02:01:57 INFO debug.logger:       [TMCMC]    where ε_ROM = || φ̄_ROM(t_obs) − φ̄_FOM(t_obs) ||₂ / || φ̄_FOM(t_obs) ||₂
2026-02-26 02:01:57 INFO debug.logger:       [TMCMC] Stage 3: β=1.0000 (+0.0000)
2026-02-26 02:01:57 INFO debug.logger:       [TMCMC] Likelihood health (cumulative): {'n_calls': 16000, 'n_tsm_fail': 0, 'n_output_nonfinite': 0, 'n_var_raw_negative': 0, 'n_var_raw_nonfinite': 0, 'n_var_total_clipped': 0}
2026-02-26 02:01:57 INFO debug.logger:       [TMCMC] ✓ Converged! β reached 1.0
2026-02-26 02:01:57 INFO debug.logger:       [TMCMC] ✅ TMCMC complete! Final β=1.0000
2026-02-26 02:01:57 INFO debug.logger:       [TMCMC] 🎯 MAP (posterior (observation-corrected)): [ 0.82827911  0.9362684  -0.88361727  1.51020281  0.21341892 -0.79943428
  0.         -0.4041231   0.15480494  2.85747114  0.58757022 -0.77395299
  0.          0.          0.24634132  0.          0.          0.
  0.          0.34677576]
2026-02-26 02:01:57 INFO debug.logger:       [TMCMC] 📊 Log model evidence: -12.6635
2026-02-26 02:01:57 INFO core.tmcmc: [Chain 2] Global MAP updated from 2 chains
2026-02-26 02:01:57 INFO core.tmcmc: [Commensal_HOBIC] TMCMC Summary:
2026-02-26 02:01:57 INFO core.tmcmc: Converged chains: 2/2
2026-02-26 02:01:57 INFO core.tmcmc: Global MAP: [ 0.63083314  0.96192153 -0.12307402  1.77703181  0.03202273  0.96449167
  0.          0.88474408  1.30899059  2.38860025  0.21508604 -0.75323225
  0.          0.          0.77469539  0.          0.          0.
  0.         -0.33913642]
2026-02-26 02:01:57 INFO __main__: TMCMC completed in 32.98 seconds
2026-02-26 02:01:57 INFO __main__: Computing enhanced convergence diagnostics...
/home/nishioka/IKM_Hiwi/Tmcmc202601/data_5species/main/estimate_reduced_nishioka.py:282: RuntimeWarning: invalid value encountered in divide
  acf = acf / acf[0]  # Normalize
2026-02-26 02:01:57 INFO __main__: R-hat max: 1.0021 (target < 1.1)
2026-02-26 02:01:57 INFO __main__: ESS min: 1909.8 (target > 100)
2026-02-26 02:01:57 INFO __main__: Convergence (R-hat): True
2026-02-26 02:01:57 INFO __main__: Convergence (ESS): False
2026-02-26 02:01:57 INFO __main__: Computing 95% HDI and credible intervals...
2026-02-26 02:01:57 INFO __main__: HDI computed for all parameters
2026-02-26 02:01:57 INFO __main__: [Commensal_HOBIC] Completed. LogL_max=-12.43
2026-02-26 02:01:57 INFO __main__: 
============================================================
2026-02-26 02:01:57 INFO __main__: [3/4] Running: Dysbiotic_Static
2026-02-26 02:01:57 INFO __main__: ============================================================
2026-02-26 02:01:57 INFO __main__: Loading Dysbiotic Static data: 6 timepoints, days=[np.int64(1), np.int64(3), np.int64(6), np.int64(10), np.int64(15), np.int64(21)]
2026-02-26 02:01:57 INFO __main__: Data normalized to species fractions (sum=1 per timepoint)
2026-02-26 02:01:57 INFO __main__: Auto-calculated day_scale: 0.011310
2026-02-26 02:01:57 INFO __main__: Using per-species initial conditions: [0.15306122 0.08163265 0.6122449  0.05102041 0.10204082]
2026-02-26 02:01:57 INFO __main__: Nishioka Algorithm: Retrieving bounds and locked indices for Dysbiotic Static...
2026-02-26 02:01:57 INFO __main__: Nishioka Algorithm: Locking indices [6, 12, 13, 16, 17] to 0.0
2026-02-26 02:01:57 INFO __main__: Reduced parameter space to 15 parameters: [0, 1, 2, 3, 4, 5, 7, 8, 9, 10, 11, 14, 15, 18, 19]
2026-02-26 02:01:57 INFO __main__: Re-applying locks to theta_base to ensure locked parameters [6, 12, 13, 16, 17] remain 0.0
2026-02-26 02:01:57 INFO __main__: Using sigma_obs = 0.5742176284811944
2026-02-26 02:01:57 INFO __main__: Data shape: (6, 5)
2026-02-26 02:01:57 INFO __main__: idx_sparse: [ 113  339  679 1131 1696 2375]
2026-02-26 02:01:57 INFO __main__: Weighted likelihood enabled: lambda_pg=2.0, lambda_late=1.5, n_late=2
2026-02-26 02:01:57 INFO __main__: Weight matrix:
[[1.  1.  1.  1.  2. ]
 [1.  1.  1.  1.  2. ]
 [1.  1.  1.  1.  2. ]
 [1.  1.  1.  1.  2. ]
 [1.5 1.5 1.5 1.5 3. ]
 [1.5 1.5 1.5 1.5 3. ]]
2026-02-26 02:01:58 INFO __main__: DeepONet surrogate loaded from /home/nishioka/IKM_Hiwi/Tmcmc202601/deeponet/checkpoints_Dysbiotic_Static
2026-02-26 02:01:58 INFO __main__: Starting TMCMC estimation...
2026-02-26 02:01:58 INFO core.tmcmc: [Dysbiotic_Static] Running 2 TMCMC chains (β tempering + linearization update)...
2026-02-26 02:01:58 INFO core.tmcmc: Chain 1/2
2026-02-26 02:01:58 INFO core.tmcmc: [Chain 1] Initial linearization point set
2026-02-26 02:01:58 INFO core.tmcmc: [Dysbiotic_Static_chain1] Parallelization: n_jobs=1 (effective=1), use_threads=False, n_particles=1000
2026-02-26 02:01:58 INFO debug.logger:       [TMCMC] Initial LogL: min=-20.0, max=-17.2
2026-02-26 02:01:58 INFO debug.logger:       [TMCMC] Model: Dysbiotic_Static_chain1
2026-02-26 02:01:58 INFO debug.logger:       [TMCMC] Starting TMCMC with 1000 particles, 30 stages...
2026-02-26 02:01:58 INFO debug.logger:       [TMCMC] Stage 1/30 starting...
2026-02-26 02:01:58 INFO core.tmcmc:       [TMCMC] Stage 1: β=0.0000 → 0.5000 (Δ=0.500000), ESS=818.0/500.0 (actual=916.3), logL range=[-20.03, -17.17], log_w range=1.43, w[min,max]=[3.24e-04,1.35e-03]
2026-02-26 02:01:58 INFO debug.logger:       [TMCMC] Resample degeneracy: unique=601/1000 (unique_ratio=0.601)
2026-02-26 02:01:58 INFO debug.logger:       [TMCMC] Proposal cov stats: trace(cov_base)=7.44e+00, trace(cov)=8.43e+00, scale=3.72e-01, nugget=3.82e-07, tempered_scale=5.66e-01, adapt_scale=2.00x, cond(cov)=3.73e+06
2026-02-26 02:02:04 INFO core.tmcmc: [Dysbiotic_Static_chain1] Mutation Stage 1: 5000 proposals evaluated in parallel (n_jobs=11), 4499 accepted (rate=0.8998), time=5.65s
2026-02-26 02:02:04 INFO debug.logger:       [TMCMC] Post-mutation diversity: unique≈1000/1000 (unique_ratio≈1.000)
2026-02-26 02:02:04 INFO debug.logger:       [TMCMC] Stage 1: β=0.5000 (+0.5000)
2026-02-26 02:02:04 INFO debug.logger:       [TMCMC] Likelihood health (cumulative): {'n_calls': 6000, 'n_tsm_fail': 0, 'n_output_nonfinite': 0, 'n_var_raw_negative': 0, 'n_var_raw_nonfinite': 0, 'n_var_total_clipped': 0}
2026-02-26 02:02:04 INFO debug.logger:       [TMCMC] Stage 2/30 starting...
2026-02-26 02:02:04 INFO core.tmcmc:       [TMCMC] Stage 2: β=0.5000 → 1.0000 (Δ=0.500000), ESS=962.3/500.0 (actual=962.3), logL range=[-19.94, -17.13], log_w range=1.40, w[min,max]=[3.05e-04,1.24e-03]
2026-02-26 02:02:04 INFO debug.logger:       [TMCMC] Resample degeneracy: unique=625/1000 (unique_ratio=0.625)
2026-02-26 02:02:04 INFO debug.logger:       [TMCMC] ℹ️  High acceptance rate (0.900), increasing proposal scale: 3.00x
2026-02-26 02:02:04 INFO debug.logger:       [TMCMC] Proposal cov stats: trace(cov_base)=7.60e+00, trace(cov)=6.46e+00, scale=3.80e-01, nugget=3.90e-07, tempered_scale=2.83e-01, adapt_scale=3.00x, cond(cov)=2.95e+06
2026-02-26 02:02:10 INFO debug.logger:       [TMCMC] Post-mutation diversity: unique≈1000/1000 (unique_ratio≈1.000)
2026-02-26 02:02:10 INFO debug.logger:       [TMCMC] Stage 2: β=1.0000 (+0.5000)
2026-02-26 02:02:10 INFO debug.logger:       [TMCMC] Likelihood health (cumulative): {'n_calls': 11000, 'n_tsm_fail': 0, 'n_output_nonfinite': 0, 'n_var_raw_negative': 0, 'n_var_raw_nonfinite': 0, 'n_var_total_clipped': 0}
2026-02-26 02:02:10 INFO debug.logger:       [TMCMC] Stage 3/30 starting...
2026-02-26 02:02:10 INFO core.tmcmc:       [TMCMC] Stage 3: β=1.0000 → 1.0000 (Δ=0.000000), ESS=1000.0/500.0 (actual=1000.0), logL range=[-19.68, -17.16], log_w range=0.00, w[min,max]=[1.00e-03,1.00e-03]
2026-02-26 02:02:10 INFO debug.logger:       [TMCMC] Resample degeneracy: unique=627/1000 (unique_ratio=0.627)
2026-02-26 02:02:10 INFO debug.logger:       [TMCMC] ℹ️  High acceptance rate (0.883), increasing proposal scale: 2.94x
2026-02-26 02:02:10 INFO debug.logger:       [TMCMC] Proposal cov stats: trace(cov_base)=7.48e+00, trace(cov)=6.24e+00, scale=3.74e-01, nugget=3.84e-07, tempered_scale=2.83e-01, adapt_scale=2.94x, cond(cov)=2.93e+06
2026-02-26 02:02:16 INFO debug.logger:       [TMCMC] Post-mutation diversity: unique≈1000/1000 (unique_ratio≈1.000)
2026-02-26 02:02:16 INFO debug.logger:       [TMCMC] Computing ROM errors for 5/1000 particles (observation-based update)...
2026-02-26 02:02:16 INFO debug.logger:       [TMCMC] Scale check: logL=[-19.68, -17.39, -17.16], log_penalty=[0.0000, 0.0000, 0.0000], log_post=[-19.68, -17.39, -17.16], obs_score=[-19.68, -17.39, -17.16]
2026-02-26 02:02:16 WARNING debug.logger:       [TMCMC] Observation penalty may be too weak (max_penalty/max_logL_range=0.0000 < 0.01)
2026-02-26 02:02:16 INFO debug.logger:       [TMCMC] Observation-corrected MAP matches standard MAP (no correction effect)
2026-02-26 02:02:16 INFO debug.logger:       [TMCMC] ROM errors: mean=0.000000, min=0.000000, max=0.000000
2026-02-26 02:02:16 INFO debug.logger:       [TMCMC] Posterior MAP-WeightedMean distance: 3.115236, WeightedMean shift (obs-corrected): 0.000000
2026-02-26 02:02:16 INFO debug.logger:       [TMCMC] ✅ Linearization enabled at β=1.0000 (threshold=0.750) with ε_ROM(MAP)=0.000000 <= 0.050000
2026-02-26 02:02:16 WARNING debug.logger:       [TMCMC] ROM error sufficiently small (ε_ROM=0.000000 < 0.01)
2026-02-26 02:02:16 INFO debug.logger:       [TMCMC]    where ε_ROM = || φ̄_ROM(t_obs) − φ̄_FOM(t_obs) ||₂ / || φ̄_FOM(t_obs) ||₂
2026-02-26 02:02:16 INFO debug.logger:       [TMCMC] Stage 3: β=1.0000 (+0.0000)
2026-02-26 02:02:16 INFO debug.logger:       [TMCMC] Likelihood health (cumulative): {'n_calls': 16000, 'n_tsm_fail': 0, 'n_output_nonfinite': 0, 'n_var_raw_negative': 0, 'n_var_raw_nonfinite': 0, 'n_var_total_clipped': 0}
2026-02-26 02:02:16 INFO debug.logger:       [TMCMC] ✓ Converged! β reached 1.0
2026-02-26 02:02:16 INFO debug.logger:       [TMCMC] ✅ TMCMC complete! Final β=1.0000
2026-02-26 02:02:16 INFO debug.logger:       [TMCMC] 🎯 MAP (posterior (observation-corrected)): [-0.84270771 -0.80044025 -0.48066852  1.82695659  0.07467163  4.98034878
  0.          0.54307192  1.02123563  0.88647789 -0.85898334  0.19674441
  0.          0.         -0.10225024  0.02469337  0.          0.
 -1.10817279 -0.698043  ]
2026-02-26 02:02:16 INFO debug.logger:       [TMCMC] 📊 Log model evidence: -17.6700
2026-02-26 02:02:16 INFO core.tmcmc: [Chain 1] Global MAP updated from 1 chains
2026-02-26 02:02:16 INFO core.tmcmc: Chain 2/2
2026-02-26 02:02:16 INFO core.tmcmc: [Chain 2] Using global MAP from previous chains
2026-02-26 02:02:16 INFO core.tmcmc: [Chain 2] Initial linearization point set
2026-02-26 02:02:16 INFO core.tmcmc: [Dysbiotic_Static_chain2] Parallelization: n_jobs=1 (effective=1), use_threads=False, n_particles=1000
2026-02-26 02:02:17 INFO debug.logger:       [TMCMC] Initial LogL: min=-20.2, max=-17.1
2026-02-26 02:02:17 INFO debug.logger:       [TMCMC] Model: Dysbiotic_Static_chain2
2026-02-26 02:02:17 INFO debug.logger:       [TMCMC] Starting TMCMC with 1000 particles, 30 stages...
2026-02-26 02:02:17 INFO debug.logger:       [TMCMC] Stage 1/30 starting...
2026-02-26 02:02:17 INFO core.tmcmc:       [TMCMC] Stage 1: β=0.0000 → 0.5000 (Δ=0.500000), ESS=831.4/500.0 (actual=921.9), logL range=[-20.18, -17.15], log_w range=1.52, w[min,max]=[2.96e-04,1.35e-03]
2026-02-26 02:02:17 INFO debug.logger:       [TMCMC] Resample degeneracy: unique=625/1000 (unique_ratio=0.625)
2026-02-26 02:02:17 INFO debug.logger:       [TMCMC] Proposal cov stats: trace(cov_base)=7.71e+00, trace(cov)=8.74e+00, scale=3.86e-01, nugget=3.96e-07, tempered_scale=5.66e-01, adapt_scale=2.00x, cond(cov)=3.99e+06
2026-02-26 02:02:22 INFO core.tmcmc: [Dysbiotic_Static_chain2] Mutation Stage 1: 5000 proposals evaluated in parallel (n_jobs=11), 4548 accepted (rate=0.9096), time=5.21s
2026-02-26 02:02:22 INFO debug.logger:       [TMCMC] Post-mutation diversity: unique≈1000/1000 (unique_ratio≈1.000)
2026-02-26 02:02:22 INFO debug.logger:       [TMCMC] Stage 1: β=0.5000 (+0.5000)
2026-02-26 02:02:22 INFO debug.logger:       [TMCMC] Likelihood health (cumulative): {'n_calls': 6000, 'n_tsm_fail': 0, 'n_output_nonfinite': 0, 'n_var_raw_negative': 0, 'n_var_raw_nonfinite': 0, 'n_var_total_clipped': 0}
2026-02-26 02:02:22 INFO debug.logger:       [TMCMC] Stage 2/30 starting...
2026-02-26 02:02:22 INFO core.tmcmc:       [TMCMC] Stage 2: β=0.5000 → 1.0000 (Δ=0.500000), ESS=958.1/500.0 (actual=958.1), logL range=[-19.98, -17.17], log_w range=1.41, w[min,max]=[3.01e-04,1.23e-03]
2026-02-26 02:02:22 INFO debug.logger:       [TMCMC] Resample degeneracy: unique=631/1000 (unique_ratio=0.631)
2026-02-26 02:02:22 INFO debug.logger:       [TMCMC] ℹ️  High acceptance rate (0.910), increasing proposal scale: 3.03x
2026-02-26 02:02:22 INFO debug.logger:       [TMCMC] Proposal cov stats: trace(cov_base)=7.59e+00, trace(cov)=6.52e+00, scale=3.79e-01, nugget=3.89e-07, tempered_scale=2.83e-01, adapt_scale=3.03x, cond(cov)=2.91e+06
2026-02-26 02:02:27 INFO debug.logger:       [TMCMC] Post-mutation diversity: unique≈1000/1000 (unique_ratio≈1.000)
2026-02-26 02:02:27 INFO debug.logger:       [TMCMC] Stage 2: β=1.0000 (+0.5000)
2026-02-26 02:02:27 INFO debug.logger:       [TMCMC] Likelihood health (cumulative): {'n_calls': 11000, 'n_tsm_fail': 0, 'n_output_nonfinite': 0, 'n_var_raw_negative': 0, 'n_var_raw_nonfinite': 0, 'n_var_total_clipped': 0}
2026-02-26 02:02:27 INFO debug.logger:       [TMCMC] Stage 3/30 starting...
2026-02-26 02:02:27 INFO core.tmcmc:       [TMCMC] Stage 3: β=1.0000 → 1.0000 (Δ=0.000000), ESS=1000.0/500.0 (actual=1000.0), logL range=[-19.82, -17.19], log_w range=0.00, w[min,max]=[1.00e-03,1.00e-03]
2026-02-26 02:02:27 INFO debug.logger:       [TMCMC] Resample degeneracy: unique=632/1000 (unique_ratio=0.632)
2026-02-26 02:02:27 INFO debug.logger:       [TMCMC] ℹ️  High acceptance rate (0.874), increasing proposal scale: 2.91x
2026-02-26 02:02:27 INFO debug.logger:       [TMCMC] Proposal cov stats: trace(cov_base)=7.57e+00, trace(cov)=6.25e+00, scale=3.79e-01, nugget=3.89e-07, tempered_scale=2.83e-01, adapt_scale=2.91x, cond(cov)=2.97e+06
2026-02-26 02:02:32 INFO debug.logger:       [TMCMC] Post-mutation diversity: unique≈1000/1000 (unique_ratio≈1.000)
2026-02-26 02:02:32 INFO debug.logger:       [TMCMC] Computing ROM errors for 5/1000 particles (observation-based update)...
2026-02-26 02:02:32 INFO debug.logger:       [TMCMC] Scale check: logL=[-19.82, -17.41, -17.19], log_penalty=[0.0000, 0.0000, 0.0000], log_post=[-19.82, -17.41, -17.19], obs_score=[-19.82, -17.41, -17.19]
2026-02-26 02:02:32 WARNING debug.logger:       [TMCMC] Observation penalty may be too weak (max_penalty/max_logL_range=0.0000 < 0.01)
2026-02-26 02:02:32 INFO debug.logger:       [TMCMC] Observation-corrected MAP matches standard MAP (no correction effect)
2026-02-26 02:02:32 INFO debug.logger:       [TMCMC] ROM errors: mean=0.000000, min=0.000000, max=0.000000
2026-02-26 02:02:32 INFO debug.logger:       [TMCMC] Posterior MAP-WeightedMean distance: 3.017492, WeightedMean shift (obs-corrected): 0.000000
2026-02-26 02:02:32 INFO debug.logger:       [TMCMC] ✅ Linearization enabled at β=1.0000 (threshold=0.750) with ε_ROM(MAP)=0.000000 <= 0.050000
2026-02-26 02:02:32 WARNING debug.logger:       [TMCMC] ROM error sufficiently small (ε_ROM=0.000000 < 0.01)
2026-02-26 02:02:32 INFO debug.logger:       [TMCMC]    where ε_ROM = || φ̄_ROM(t_obs) − φ̄_FOM(t_obs) ||₂ / || φ̄_FOM(t_obs) ||₂
2026-02-26 02:02:32 INFO debug.logger:       [TMCMC] Stage 3: β=1.0000 (+0.0000)
2026-02-26 02:02:32 INFO debug.logger:       [TMCMC] Likelihood health (cumulative): {'n_calls': 16000, 'n_tsm_fail': 0, 'n_output_nonfinite': 0, 'n_var_raw_negative': 0, 'n_var_raw_nonfinite': 0, 'n_var_total_clipped': 0}
2026-02-26 02:02:32 INFO debug.logger:       [TMCMC] ✓ Converged! β reached 1.0
2026-02-26 02:02:32 INFO debug.logger:       [TMCMC] ✅ TMCMC complete! Final β=1.0000
2026-02-26 02:02:32 INFO debug.logger:       [TMCMC] 🎯 MAP (posterior (observation-corrected)): [ 0.57764605  0.04953673  0.4093296   0.08420006  1.04950875  4.90676298
  0.          0.31609974  1.07307829  2.20700605 -0.60718854 -0.09747371
  0.          0.          0.54439574  0.00833647  0.          0.
 -0.58020268 -0.61422362]
2026-02-26 02:02:32 INFO debug.logger:       [TMCMC] 📊 Log model evidence: -17.6594
2026-02-26 02:02:32 INFO core.tmcmc: [Chain 2] Global MAP updated from 2 chains
2026-02-26 02:02:32 INFO core.tmcmc: [Dysbiotic_Static] TMCMC Summary:
2026-02-26 02:02:32 INFO core.tmcmc: Converged chains: 2/2
2026-02-26 02:02:32 INFO core.tmcmc: Global MAP: [-0.87364428 -0.25312632  0.94772023  0.13096562  0.26178025  4.66692531
  0.          0.5686215   0.96727111  2.3741873  -0.39734279  0.66904729
  0.          0.         -0.45291456  0.01033393  0.          0.
 -2.01939495  0.21654413]
2026-02-26 02:02:32 INFO __main__: TMCMC completed in 34.64 seconds
2026-02-26 02:02:32 INFO __main__: Computing enhanced convergence diagnostics...
/home/nishioka/IKM_Hiwi/Tmcmc202601/data_5species/main/estimate_reduced_nishioka.py:282: RuntimeWarning: invalid value encountered in divide
  acf = acf / acf[0]  # Normalize
2026-02-26 02:02:32 INFO __main__: R-hat max: 1.0035 (target < 1.1)
2026-02-26 02:02:32 INFO __main__: ESS min: 1772.8 (target > 100)
2026-02-26 02:02:32 INFO __main__: Convergence (R-hat): True
2026-02-26 02:02:32 INFO __main__: Convergence (ESS): False
2026-02-26 02:02:32 INFO __main__: Computing 95% HDI and credible intervals...
2026-02-26 02:02:32 INFO __main__: HDI computed for all parameters
2026-02-26 02:02:32 INFO __main__: [Dysbiotic_Static] Completed. LogL_max=-17.16
2026-02-26 02:02:32 INFO __main__: 
============================================================
2026-02-26 02:02:32 INFO __main__: [4/4] Running: Dysbiotic_HOBIC
2026-02-26 02:02:32 INFO __main__: ============================================================
2026-02-26 02:02:32 INFO __main__: Loading Dysbiotic HOBIC data: 6 timepoints, days=[np.int64(1), np.int64(3), np.int64(6), np.int64(10), np.int64(15), np.int64(21)]
2026-02-26 02:02:32 INFO __main__: Data normalized to species fractions (sum=1 per timepoint)
2026-02-26 02:02:32 INFO __main__: Auto-calculated day_scale: 0.011310
2026-02-26 02:02:32 INFO __main__: Using per-species initial conditions: [0.04  0.01  0.94  0.005 0.005]
2026-02-26 02:02:32 INFO __main__: Nishioka Algorithm: Retrieving bounds and locked indices for Dysbiotic HOBIC...
2026-02-26 02:02:32 INFO __main__: Nishioka Algorithm: Locking indices [] to 0.0
2026-02-26 02:02:32 INFO __main__: Reduced parameter space to 20 parameters: [0, 1, 2, 3, 4, 5, 6, 7, 8, 9, 10, 11, 12, 13, 14, 15, 16, 17, 18, 19]
2026-02-26 02:02:32 INFO __main__: Using sigma_obs = 0.4071908165475416
2026-02-26 02:02:32 INFO __main__: Data shape: (6, 5)
2026-02-26 02:02:32 INFO __main__: idx_sparse: [ 113  339  679 1131 1696 2375]
2026-02-26 02:02:32 INFO __main__: Weighted likelihood enabled: lambda_pg=2.0, lambda_late=1.5, n_late=2
2026-02-26 02:02:32 INFO __main__: Weight matrix:
[[1.  1.  1.  1.  2. ]
 [1.  1.  1.  1.  2. ]
 [1.  1.  1.  1.  2. ]
 [1.  1.  1.  1.  2. ]
 [1.5 1.5 1.5 1.5 3. ]
 [1.5 1.5 1.5 1.5 3. ]]
2026-02-26 02:02:32 INFO __main__: DeepONet surrogate loaded from /home/nishioka/IKM_Hiwi/Tmcmc202601/deeponet/checkpoints
2026-02-26 02:02:32 INFO __main__: Starting TMCMC estimation...
2026-02-26 02:02:32 INFO core.tmcmc: [Dysbiotic_HOBIC] Running 2 TMCMC chains (β tempering + linearization update)...
2026-02-26 02:02:32 INFO core.tmcmc: Chain 1/2
2026-02-26 02:02:32 INFO core.tmcmc: [Chain 1] Initial linearization point set
2026-02-26 02:02:33 INFO core.tmcmc: [Dysbiotic_HOBIC_chain1] Parallelization: n_jobs=1 (effective=1), use_threads=False, n_particles=1000
2026-02-26 02:02:33 INFO debug.logger:       [TMCMC] Initial LogL: min=-15.1, max=-7.7
2026-02-26 02:02:33 INFO debug.logger:       [TMCMC] Model: Dysbiotic_HOBIC_chain1
2026-02-26 02:02:33 INFO debug.logger:       [TMCMC] Starting TMCMC with 1000 particles, 30 stages...
2026-02-26 02:02:33 INFO debug.logger:       [TMCMC] Stage 1/30 starting...
2026-02-26 02:02:33 INFO core.tmcmc:       [TMCMC] Stage 1: β=0.0000 → 0.5000 (Δ=0.500000), ESS=779.8/500.0 (actual=909.4), logL range=[-15.10, -7.72], log_w range=3.69, w[min,max]=[4.74e-05,1.90e-03]
2026-02-26 02:02:33 INFO debug.logger:       [TMCMC] Resample degeneracy: unique=602/1000 (unique_ratio=0.602)
2026-02-26 02:02:33 INFO debug.logger:       [TMCMC] Proposal cov stats: trace(cov_base)=2.95e+01, trace(cov)=3.34e+01, scale=1.48e+00, nugget=1.49e-06, tempered_scale=5.66e-01, adapt_scale=2.00x, cond(cov)=1.57e+02
2026-02-26 02:02:39 INFO core.tmcmc: [Dysbiotic_HOBIC_chain1] Mutation Stage 1: 5000 proposals evaluated in parallel (n_jobs=11), 4385 accepted (rate=0.8770), time=5.86s
2026-02-26 02:02:39 INFO debug.logger:       [TMCMC] Post-mutation diversity: unique≈1000/1000 (unique_ratio≈1.000)
2026-02-26 02:02:39 INFO debug.logger:       [TMCMC] Stage 1: β=0.5000 (+0.5000)
2026-02-26 02:02:39 INFO debug.logger:       [TMCMC] Likelihood health (cumulative): {'n_calls': 6000, 'n_tsm_fail': 0, 'n_output_nonfinite': 0, 'n_var_raw_negative': 0, 'n_var_raw_nonfinite': 0, 'n_var_total_clipped': 0}
2026-02-26 02:02:39 INFO debug.logger:       [TMCMC] Stage 2/30 starting...
2026-02-26 02:02:39 INFO core.tmcmc:       [TMCMC] Stage 2: β=0.5000 → 1.0000 (Δ=0.500000), ESS=950.8/500.0 (actual=950.8), logL range=[-11.83, -7.66], log_w range=2.08, w[min,max]=[2.15e-04,1.73e-03]
2026-02-26 02:02:39 INFO debug.logger:       [TMCMC] Resample degeneracy: unique=611/1000 (unique_ratio=0.611)
2026-02-26 02:02:39 INFO debug.logger:       [TMCMC] ℹ️  High acceptance rate (0.877), increasing proposal scale: 2.92x
2026-02-26 02:02:39 INFO debug.logger:       [TMCMC] Proposal cov stats: trace(cov_base)=2.95e+01, trace(cov)=2.44e+01, scale=1.48e+00, nugget=1.49e-06, tempered_scale=2.83e-01, adapt_scale=2.92x, cond(cov)=1.40e+02
2026-02-26 02:02:44 INFO debug.logger:       [TMCMC] Post-mutation diversity: unique≈1000/1000 (unique_ratio≈1.000)
2026-02-26 02:02:44 INFO debug.logger:       [TMCMC] Stage 2: β=1.0000 (+0.5000)
2026-02-26 02:02:44 INFO debug.logger:       [TMCMC] Likelihood health (cumulative): {'n_calls': 11000, 'n_tsm_fail': 0, 'n_output_nonfinite': 0, 'n_var_raw_negative': 0, 'n_var_raw_nonfinite': 0, 'n_var_total_clipped': 0}
2026-02-26 02:02:44 INFO debug.logger:       [TMCMC] Stage 3/30 starting...
2026-02-26 02:02:44 INFO core.tmcmc:       [TMCMC] Stage 3: β=1.0000 → 1.0000 (Δ=0.000000), ESS=1000.0/500.0 (actual=1000.0), logL range=[-11.35, -7.50], log_w range=0.00, w[min,max]=[1.00e-03,1.00e-03]
2026-02-26 02:02:44 INFO debug.logger:       [TMCMC] Resample degeneracy: unique=644/1000 (unique_ratio=0.644)
2026-02-26 02:02:44 INFO debug.logger:       [TMCMC] ℹ️  High acceptance rate (0.807), increasing proposal scale: 2.69x
2026-02-26 02:02:44 INFO debug.logger:       [TMCMC] Proposal cov stats: trace(cov_base)=2.97e+01, trace(cov)=2.26e+01, scale=1.49e+00, nugget=1.50e-06, tempered_scale=2.83e-01, adapt_scale=2.69x, cond(cov)=1.58e+02
2026-02-26 02:02:49 INFO debug.logger:       [TMCMC] Post-mutation diversity: unique≈1000/1000 (unique_ratio≈1.000)
2026-02-26 02:02:49 INFO debug.logger:       [TMCMC] Computing ROM errors for 5/1000 particles (observation-based update)...
2026-02-26 02:02:49 INFO debug.logger:       [TMCMC] Scale check: logL=[-11.35, -8.68, -7.50], log_penalty=[0.0000, 0.0000, 0.0000], log_post=[-11.35, -8.68, -7.50], obs_score=[-11.35, -8.68, -7.50]
2026-02-26 02:02:49 WARNING debug.logger:       [TMCMC] Observation penalty may be too weak (max_penalty/max_logL_range=0.0000 < 0.01)
2026-02-26 02:02:49 INFO debug.logger:       [TMCMC] Observation-corrected MAP matches standard MAP (no correction effect)
2026-02-26 02:02:49 INFO debug.logger:       [TMCMC] ROM errors: mean=0.000000, min=0.000000, max=0.000000
2026-02-26 02:02:49 INFO debug.logger:       [TMCMC] Posterior MAP-WeightedMean distance: 5.834818, WeightedMean shift (obs-corrected): 0.000000
2026-02-26 02:02:49 INFO debug.logger:       [TMCMC] ✅ Linearization enabled at β=1.0000 (threshold=0.750) with ε_ROM(MAP)=0.000000 <= 0.050000
2026-02-26 02:02:49 WARNING debug.logger:       [TMCMC] ROM error sufficiently small (ε_ROM=0.000000 < 0.01)
2026-02-26 02:02:49 INFO debug.logger:       [TMCMC]    where ε_ROM = || φ̄_ROM(t_obs) − φ̄_FOM(t_obs) ||₂ / || φ̄_FOM(t_obs) ||₂
2026-02-26 02:02:49 INFO debug.logger:       [TMCMC] Stage 3: β=1.0000 (+0.0000)
2026-02-26 02:02:49 INFO debug.logger:       [TMCMC] Likelihood health (cumulative): {'n_calls': 16000, 'n_tsm_fail': 0, 'n_output_nonfinite': 0, 'n_var_raw_negative': 0, 'n_var_raw_nonfinite': 0, 'n_var_total_clipped': 0}
2026-02-26 02:02:49 INFO debug.logger:       [TMCMC] ✓ Converged! β reached 1.0
2026-02-26 02:02:49 INFO debug.logger:       [TMCMC] ✅ TMCMC complete! Final β=1.0000
2026-02-26 02:02:49 INFO debug.logger:       [TMCMC] 🎯 MAP (posterior (observation-corrected)): [ 0.89549151  1.40899829  2.6986511   1.49203263  0.91103501  2.4604672
  2.79223043  0.71075933  1.12207633  0.5741833  -1.5760017  -0.26934075
  4.85734855  2.92534044  0.13169011  0.01112477  0.1394737   0.06408728
  3.76242803  0.73010419]
2026-02-26 02:02:49 INFO debug.logger:       [TMCMC] 📊 Log model evidence: -8.8774
2026-02-26 02:02:49 INFO core.tmcmc: [Chain 1] Global MAP updated from 1 chains
2026-02-26 02:02:49 INFO core.tmcmc: Chain 2/2
2026-02-26 02:02:49 INFO core.tmcmc: [Chain 2] Using global MAP from previous chains
2026-02-26 02:02:49 INFO core.tmcmc: [Chain 2] Initial linearization point set
2026-02-26 02:02:49 INFO core.tmcmc: [Dysbiotic_HOBIC_chain2] Parallelization: n_jobs=1 (effective=1), use_threads=False, n_particles=1000
2026-02-26 02:02:50 INFO debug.logger:       [TMCMC] Initial LogL: min=-15.6, max=-7.8
2026-02-26 02:02:50 INFO debug.logger:       [TMCMC] Model: Dysbiotic_HOBIC_chain2
2026-02-26 02:02:50 INFO debug.logger:       [TMCMC] Starting TMCMC with 1000 particles, 30 stages...
2026-02-26 02:02:50 INFO debug.logger:       [TMCMC] Stage 1/30 starting...
2026-02-26 02:02:50 INFO core.tmcmc:       [TMCMC] Stage 1: β=0.0000 → 0.5000 (Δ=0.500000), ESS=768.0/500.0 (actual=906.4), logL range=[-15.61, -7.78], log_w range=3.92, w[min,max]=[3.73e-05,1.88e-03]
2026-02-26 02:02:50 INFO debug.logger:       [TMCMC] Resample degeneracy: unique=612/1000 (unique_ratio=0.612)
2026-02-26 02:02:50 INFO debug.logger:       [TMCMC] Proposal cov stats: trace(cov_base)=3.01e+01, trace(cov)=3.41e+01, scale=1.51e+00, nugget=1.52e-06, tempered_scale=5.66e-01, adapt_scale=2.00x, cond(cov)=1.62e+02
2026-02-26 02:02:55 INFO core.tmcmc: [Dysbiotic_HOBIC_chain2] Mutation Stage 1: 5000 proposals evaluated in parallel (n_jobs=11), 4346 accepted (rate=0.8692), time=4.84s
2026-02-26 02:02:55 INFO debug.logger:       [TMCMC] Post-mutation diversity: unique≈1000/1000 (unique_ratio≈1.000)
2026-02-26 02:02:55 INFO debug.logger:       [TMCMC] Stage 1: β=0.5000 (+0.5000)
2026-02-26 02:02:55 INFO debug.logger:       [TMCMC] Likelihood health (cumulative): {'n_calls': 6000, 'n_tsm_fail': 0, 'n_output_nonfinite': 0, 'n_var_raw_negative': 0, 'n_var_raw_nonfinite': 0, 'n_var_total_clipped': 0}
2026-02-26 02:02:55 INFO debug.logger:       [TMCMC] Stage 2/30 starting...
2026-02-26 02:02:55 INFO core.tmcmc:       [TMCMC] Stage 2: β=0.5000 → 1.0000 (Δ=0.500000), ESS=944.7/500.0 (actual=944.7), logL range=[-14.09, -7.27], log_w range=3.41, w[min,max]=[7.06e-05,2.15e-03]
2026-02-26 02:02:55 INFO debug.logger:       [TMCMC] Resample degeneracy: unique=633/1000 (unique_ratio=0.633)
2026-02-26 02:02:55 INFO debug.logger:       [TMCMC] ℹ️  High acceptance rate (0.869), increasing proposal scale: 2.90x
2026-02-26 02:02:55 INFO debug.logger:       [TMCMC] Proposal cov stats: trace(cov_base)=2.99e+01, trace(cov)=2.45e+01, scale=1.49e+00, nugget=1.50e-06, tempered_scale=2.83e-01, adapt_scale=2.90x, cond(cov)=1.59e+02
2026-02-26 02:03:00 INFO debug.logger:       [TMCMC] Post-mutation diversity: unique≈1000/1000 (unique_ratio≈1.000)
2026-02-26 02:03:00 INFO debug.logger:       [TMCMC] Stage 2: β=1.0000 (+0.5000)
2026-02-26 02:03:00 INFO debug.logger:       [TMCMC] Likelihood health (cumulative): {'n_calls': 11000, 'n_tsm_fail': 0, 'n_output_nonfinite': 0, 'n_var_raw_negative': 0, 'n_var_raw_nonfinite': 0, 'n_var_total_clipped': 0}
2026-02-26 02:03:00 INFO debug.logger:       [TMCMC] Stage 3/30 starting...
2026-02-26 02:03:00 INFO core.tmcmc:       [TMCMC] Stage 3: β=1.0000 → 1.0000 (Δ=0.000000), ESS=1000.0/500.0 (actual=1000.0), logL range=[-11.65, -7.31], log_w range=0.00, w[min,max]=[1.00e-03,1.00e-03]
2026-02-26 02:03:00 INFO debug.logger:       [TMCMC] Resample degeneracy: unique=652/1000 (unique_ratio=0.652)
2026-02-26 02:03:00 INFO debug.logger:       [TMCMC] ℹ️  High acceptance rate (0.820), increasing proposal scale: 2.73x
2026-02-26 02:03:00 INFO debug.logger:       [TMCMC] Proposal cov stats: trace(cov_base)=2.98e+01, trace(cov)=2.30e+01, scale=1.49e+00, nugget=1.50e-06, tempered_scale=2.83e-01, adapt_scale=2.73x, cond(cov)=1.63e+02
2026-02-26 02:03:06 INFO debug.logger:       [TMCMC] Post-mutation diversity: unique≈1000/1000 (unique_ratio≈1.000)
2026-02-26 02:03:06 INFO debug.logger:       [TMCMC] Computing ROM errors for 5/1000 particles (observation-based update)...
2026-02-26 02:03:06 INFO debug.logger:       [TMCMC] Scale check: logL=[-11.65, -8.68, -7.31], log_penalty=[0.0000, 0.0000, 0.0000], log_post=[-11.65, -8.68, -7.31], obs_score=[-11.65, -8.68, -7.31]
2026-02-26 02:03:06 WARNING debug.logger:       [TMCMC] Observation penalty may be too weak (max_penalty/max_logL_range=0.0000 < 0.01)
2026-02-26 02:03:06 INFO debug.logger:       [TMCMC] Observation-corrected MAP matches standard MAP (no correction effect)
2026-02-26 02:03:06 INFO debug.logger:       [TMCMC] ROM errors: mean=0.000000, min=0.000000, max=0.000000
2026-02-26 02:03:06 INFO debug.logger:       [TMCMC] Posterior MAP-WeightedMean distance: 5.673284, WeightedMean shift (obs-corrected): 0.000000
2026-02-26 02:03:06 INFO debug.logger:       [TMCMC] ✅ Linearization enabled at β=1.0000 (threshold=0.750) with ε_ROM(MAP)=0.000000 <= 0.050000
2026-02-26 02:03:06 WARNING debug.logger:       [TMCMC] ROM error sufficiently small (ε_ROM=0.000000 < 0.01)
2026-02-26 02:03:06 INFO debug.logger:       [TMCMC]    where ε_ROM = || φ̄_ROM(t_obs) − φ̄_FOM(t_obs) ||₂ / || φ̄_FOM(t_obs) ||₂
2026-02-26 02:03:06 INFO debug.logger:       [TMCMC] Stage 3: β=1.0000 (+0.0000)
2026-02-26 02:03:06 INFO debug.logger:       [TMCMC] Likelihood health (cumulative): {'n_calls': 16000, 'n_tsm_fail': 0, 'n_output_nonfinite': 0, 'n_var_raw_negative': 0, 'n_var_raw_nonfinite': 0, 'n_var_total_clipped': 0}
2026-02-26 02:03:06 INFO debug.logger:       [TMCMC] ✓ Converged! β reached 1.0
2026-02-26 02:03:06 INFO debug.logger:       [TMCMC] ✅ TMCMC complete! Final β=1.0000
2026-02-26 02:03:06 INFO debug.logger:       [TMCMC] 🎯 MAP (posterior (observation-corrected)): [ 2.89950605e+00  2.07843780e+00  3.19680250e+00  1.25517580e+00
  6.87755491e-02  4.60853433e+00  2.67728574e+00  6.21862249e-02
  1.39287739e+00  2.95015787e+00 -1.24601759e+00 -2.53811384e-01
  4.11451062e+00  2.82598327e+00  3.93670400e+00  5.17189894e-03
 -2.34499031e-02  1.55957287e-03  2.83971297e+00  3.54538506e+00]
2026-02-26 02:03:06 INFO debug.logger:       [TMCMC] 📊 Log model evidence: -8.9161
2026-02-26 02:03:06 INFO core.tmcmc: [Chain 2] Global MAP updated from 2 chains
2026-02-26 02:03:06 INFO core.tmcmc: [Dysbiotic_HOBIC] TMCMC Summary:
2026-02-26 02:03:06 INFO core.tmcmc: Converged chains: 2/2
2026-02-26 02:03:06 INFO core.tmcmc: Global MAP: [ 1.17676395  0.79750622  2.73339404  2.04584873  0.05768644  4.3505521
  1.93360713  1.54879487  1.14697337  2.31122861 -2.67895191 -0.25034446
  2.69788157  2.06238294  1.65690438  0.01365827  2.03293891  1.16518097
  4.03387545  3.14133455]
2026-02-26 02:03:06 INFO __main__: TMCMC completed in 33.33 seconds
2026-02-26 02:03:06 INFO __main__: Computing enhanced convergence diagnostics...
2026-02-26 02:03:06 INFO __main__: R-hat max: 1.0049 (target < 1.1)
2026-02-26 02:03:06 INFO __main__: ESS min: 1707.4 (target > 100)
2026-02-26 02:03:06 INFO __main__: Convergence (R-hat): True
2026-02-26 02:03:06 INFO __main__: Convergence (ESS): True
2026-02-26 02:03:06 INFO __main__: Computing 95% HDI and credible intervals...
2026-02-26 02:03:06 INFO __main__: HDI computed for all parameters
2026-02-26 02:03:06 INFO __main__: [Dysbiotic_HOBIC] Completed. LogL_max=-7.35
2026-02-26 02:03:06 INFO __main__: Batch summary saved to /home/nishioka/IKM_Hiwi/Tmcmc202601/data_5species/_runs/batch_20260226_020043/batch_summary.json

======================================================================
BATCH PROCESSING COMPLETE
======================================================================
Results: 4/4 successful
----------------------------------------------------------------------
  ✓ Commensal_Static: LogL=-1.41, Converged=False
  ✓ Commensal_HOBIC: LogL=-12.43, Converged=False
  ✓ Dysbiotic_Static: LogL=-17.16, Converged=False
  ✓ Dysbiotic_HOBIC: LogL=-7.35, Converged=True
======================================================================
