2026-02-25 03:18:26 WARNING __main__: Slack webhook URL is a placeholder. Notifications disabled.
2026-02-25 03:18:26 INFO __main__: Slack notifications disabled (no webhook URL)
2026-02-25 03:18:26 INFO __main__: Output directory: /home/nishioka/IKM_Hiwi/Tmcmc202601/data_5species/_runs/commensal_static_1000p
2026-02-25 03:18:26 INFO __main__: Loading experimental data...
2026-02-25 03:18:26 INFO __main__: Loading Commensal Static data: 6 timepoints, days=[1, 3, 6, 10, 15, 21]
2026-02-25 03:18:26 INFO __main__: Auto-calculated day_scale: 0.011310
2026-02-25 03:18:26 INFO __main__: Experimental days: [ 1  3  6 10 15 21]
2026-02-25 03:18:26 INFO __main__: Model indices: [ 113  339  679 1131 1696 2375]
2026-02-25 03:18:26 INFO __main__: Data (absolute volumes):
[[0.0756  0.0021  0.3486  0.0021  0.0021 ]
 [0.21    0.024   0.06    0.0015  0.0015 ]
 [0.255   0.017   0.068   0.0017  0.0017 ]
 [0.21    0.03    0.075   0.0015  0.0015 ]
 [0.1102  0.0725  0.116   0.00145 0.00145]
 [0.098   0.098   0.084   0.0014  0.0014 ]]
2026-02-25 03:18:26 INFO __main__: Checkpointing enabled: saving every 2 stages to /home/nishioka/IKM_Hiwi/Tmcmc202601/data_5species/_runs/commensal_static_1000p/checkpoints
2026-02-25 03:18:26 INFO __main__: Running parameter estimation...
2026-02-25 03:18:26 INFO __main__: Nishioka Algorithm: Retrieving bounds and locked indices for Commensal Static...
2026-02-25 03:18:26 INFO __main__: Nishioka Algorithm: Locking indices [9, 15, 6, 7, 11, 13, 14, 16, 17, 18, 19] to 0.0
2026-02-25 03:18:26 INFO __main__: Reduced parameter space to 9 parameters: [0, 1, 2, 3, 4, 5, 8, 10, 12]
2026-02-25 03:18:26 INFO __main__: Re-applying locks to theta_base to ensure locked parameters [9, 15, 6, 7, 11, 13, 14, 16, 17, 18, 19] remain 0.0
2026-02-25 03:18:26 INFO __main__: Using sigma_obs = 0.11111111111111109
2026-02-25 03:18:26 INFO __main__: Data shape: (6, 5)
2026-02-25 03:18:26 INFO __main__: idx_sparse: [ 113  339  679 1131 1696 2375]
2026-02-25 03:18:26 INFO __main__: Starting TMCMC estimation...
2026-02-25 03:18:26 INFO core.tmcmc: [Commensal_Static] Running 2 TMCMC chains (β tempering + linearization update)...
2026-02-25 03:18:26 INFO core.tmcmc: Chain 1/2
2026-02-25 03:18:26 INFO tmcmc_5species_tsm: TSM5S Linearization Point Updated (# 1)
2026-02-25 03:18:26 INFO core.evaluator: TSM initialized (linearization disabled initially for exploration)
2026-02-25 03:18:26 INFO core.tmcmc: [Chain 1] Initial linearization point set
2026-02-25 03:18:26 INFO core.tmcmc: [Commensal_Static_chain1] Parallelization: n_jobs=12 (effective=12), use_threads=False, n_particles=1000
2026-02-25 03:29:45 INFO debug.logger:       [TMCMC] Initial LogL: min=-22.0, max=29.5
2026-02-25 03:29:45 INFO debug.logger:       [TMCMC] Model: Commensal_Static_chain1
2026-02-25 03:29:45 INFO debug.logger:       [TMCMC] Starting TMCMC with 1000 particles, 12 stages...
2026-02-25 03:29:45 INFO debug.logger:       [TMCMC] Stage 1/12 starting...
2026-02-25 03:29:45 INFO core.tmcmc:       [TMCMC] Stage 1: β=0.0000 → 0.0806 (Δ=0.080625), ESS=500.0/500.0 (actual=500.0), logL range=[-21.98, 29.55], log_w range=4.15, w[min,max]=[5.98e-05,3.81e-03]
2026-02-25 03:29:45 INFO debug.logger:       [TMCMC] Resample degeneracy: unique=494/1000 (unique_ratio=0.494)
2026-02-25 03:29:45 INFO debug.logger:       [TMCMC] Proposal cov stats: trace(cov_base)=6.02e+00, trace(cov)=3.41e+01, scale=3.01e-01, nugget=3.11e-07, tempered_scale=2.83e+00, adapt_scale=2.00x, cond(cov)=1.59e+07
2026-02-26 08:48:45 INFO core.tmcmc: [Commensal_Static_chain1] Mutation Stage 1: 5000 proposals evaluated in parallel (n_jobs=12), 2544 accepted (rate=0.5088), time=105539.34s
2026-02-26 08:48:45 INFO debug.logger:       [TMCMC] Post-mutation diversity: unique≈991/1000 (unique_ratio≈0.991)
2026-02-26 08:48:45 INFO debug.logger:       [TMCMC] Stage 1: β=0.0806 (+0.0806)
2026-02-26 08:48:45 INFO debug.logger:       [TMCMC] Likelihood health (cumulative): {'n_calls': 0, 'n_tsm_fail': 0, 'n_output_nonfinite': 0, 'n_var_raw_negative': 0, 'n_var_raw_nonfinite': 0, 'n_var_total_clipped': 0}
2026-02-26 08:48:45 INFO debug.logger:       [TMCMC] Stage 2/12 starting...
2026-02-26 08:48:45 INFO core.tmcmc:       [TMCMC] Stage 2: β=0.0806 → 0.3329 (Δ=0.252291), ESS=500.0/500.0 (actual=500.0), logL range=[-18.57, 29.73], log_w range=12.19, w[min,max]=[1.79e-08,3.50e-03]
2026-02-26 08:48:45 INFO debug.logger:       [TMCMC] Resample degeneracy: unique=457/1000 (unique_ratio=0.457)
2026-02-26 08:48:45 INFO debug.logger:       [TMCMC] Proposal cov stats: trace(cov_base)=5.00e+00, trace(cov)=8.50e+00, scale=2.50e-01, nugget=2.60e-07, tempered_scale=8.51e-01, adapt_scale=2.00x, cond(cov)=5.90e+06
2026-02-27 14:05:06 INFO debug.logger:       [TMCMC] Post-mutation diversity: unique≈978/1000 (unique_ratio≈0.978)
2026-02-27 14:05:06 INFO debug.logger:       [TMCMC] Stage 2: β=0.3329 (+0.2523)
2026-02-27 14:05:06 INFO debug.logger:       [TMCMC] Likelihood health (cumulative): {'n_calls': 0, 'n_tsm_fail': 0, 'n_output_nonfinite': 0, 'n_var_raw_negative': 0, 'n_var_raw_nonfinite': 0, 'n_var_total_clipped': 0}
2026-02-27 14:05:06 INFO debug.logger:       [TMCMC] Stage 3/12 starting...
2026-02-27 14:05:06 INFO core.tmcmc:       [TMCMC] Stage 3: β=0.3329 → 0.8329 (Δ=0.500000), ESS=623.8/500.0 (actual=716.0), logL range=[7.26, 29.71], log_w range=11.23, w[min,max]=[3.36e-08,2.52e-03]
2026-02-27 14:05:06 INFO debug.logger:       [TMCMC] Resample degeneracy: unique=567/1000 (unique_ratio=0.567)
2026-02-27 14:05:06 INFO debug.logger:       [TMCMC] Proposal cov stats: trace(cov_base)=4.88e+00, trace(cov)=3.32e+00, scale=2.44e-01, nugget=2.54e-07, tempered_scale=3.40e-01, adapt_scale=2.00x, cond(cov)=2.57e+06
2026-02-28 10:43:40 INFO debug.logger:       [TMCMC] Post-mutation diversity: unique≈985/1000 (unique_ratio≈0.985)
2026-02-28 10:43:40 INFO debug.logger:       [TMCMC] Computing ROM errors for 10/1000 particles (observation-based update)...
2026-02-28 10:44:10 INFO debug.logger:       [TMCMC] Scale check: logL=[7.26, 27.64, 29.71], log_penalty=[0.0000, 0.0000, 0.0000], log_post=[6.04, 23.02, 24.74], obs_score=[6.04, 23.02, 24.74]
2026-02-28 10:44:10 WARNING debug.logger:       [TMCMC] Observation penalty may be too weak (max_penalty/max_logL_range=0.0000 < 0.01)
2026-02-28 10:44:10 INFO debug.logger:       [TMCMC] Observation-corrected MAP matches standard MAP (no correction effect)
2026-02-28 10:44:10 INFO debug.logger:       [TMCMC] ROM errors: mean=0.000000, min=0.000000, max=0.000000
2026-02-28 10:44:10 INFO debug.logger:       [TMCMC] Posterior MAP-WeightedMean distance: 1.474152, WeightedMean shift (obs-corrected): 0.000000
2026-02-28 10:44:10 WARNING debug.logger:       [TMCMC] Keeping linearization OFF (unstable): ε_ROM(MAP)=2.127744 > 0.050000 (β=0.8329, threshold=0.750)
2026-02-28 10:44:12 WARNING debug.logger:       [TMCMC] ROM error sufficiently small (ε_ROM=0.000000 < 0.01)
2026-02-28 10:44:12 INFO debug.logger:       [TMCMC]    where ε_ROM = || φ̄_ROM(t_obs) − φ̄_FOM(t_obs) ||₂ / || φ̄_FOM(t_obs) ||₂
2026-02-28 10:44:12 INFO debug.logger:       [TMCMC] Stage 3: β=0.8329 (+0.5000)
2026-02-28 10:44:12 INFO debug.logger:       [TMCMC] Likelihood health (cumulative): {'n_calls': 0, 'n_tsm_fail': 0, 'n_output_nonfinite': 0, 'n_var_raw_negative': 0, 'n_var_raw_nonfinite': 0, 'n_var_total_clipped': 0}
2026-02-28 10:44:12 INFO debug.logger:       [TMCMC] Stage 4/12 starting...
2026-02-28 10:44:12 INFO core.tmcmc:       [TMCMC] Stage 4: β=0.8329 → 1.0000 (Δ=0.167084), ESS=978.0/500.0 (actual=978.0), logL range=[22.93, 29.74], log_w range=1.14, w[min,max]=[3.93e-04,1.23e-03]
2026-02-28 10:44:12 INFO debug.logger:       [TMCMC] Resample degeneracy: unique=627/1000 (unique_ratio=0.627)
2026-02-28 10:44:12 INFO debug.logger:       [TMCMC] Proposal cov stats: trace(cov_base)=4.81e+00, trace(cov)=2.72e+00, scale=2.40e-01, nugget=2.50e-07, tempered_scale=2.83e-01, adapt_scale=2.00x, cond(cov)=2.38e+06
2026-02-28 20:32:49 INFO debug.logger:       [TMCMC] Post-mutation diversity: unique≈992/1000 (unique_ratio≈0.992)
2026-02-28 20:32:49 INFO debug.logger:       [TMCMC] Stage 4: β=1.0000 (+0.1671)
2026-02-28 20:32:49 INFO debug.logger:       [TMCMC] Likelihood health (cumulative): {'n_calls': 0, 'n_tsm_fail': 0, 'n_output_nonfinite': 0, 'n_var_raw_negative': 0, 'n_var_raw_nonfinite': 0, 'n_var_total_clipped': 0}
2026-02-28 20:32:49 INFO debug.logger:       [TMCMC] Stage 5/12 starting...
2026-02-28 20:32:49 INFO core.tmcmc:       [TMCMC] Stage 5: β=1.0000 → 1.0000 (Δ=0.000000), ESS=1000.0/500.0 (actual=1000.0), logL range=[22.61, 29.74], log_w range=0.00, w[min,max]=[1.00e-03,1.00e-03]
2026-02-28 20:32:49 INFO debug.logger:       [TMCMC] Resample degeneracy: unique=637/1000 (unique_ratio=0.637)
2026-02-28 20:32:49 INFO debug.logger:       [TMCMC] Proposal cov stats: trace(cov_base)=4.87e+00, trace(cov)=2.76e+00, scale=2.43e-01, nugget=2.53e-07, tempered_scale=2.83e-01, adapt_scale=2.00x, cond(cov)=2.32e+06
2026-03-01 06:22:48 INFO debug.logger:       [TMCMC] Post-mutation diversity: unique≈993/1000 (unique_ratio≈0.993)
2026-03-01 06:22:48 INFO debug.logger:       [TMCMC] Stage 5: β=1.0000 (+0.0000)
2026-03-01 06:22:48 INFO debug.logger:       [TMCMC] Likelihood health (cumulative): {'n_calls': 0, 'n_tsm_fail': 0, 'n_output_nonfinite': 0, 'n_var_raw_negative': 0, 'n_var_raw_nonfinite': 0, 'n_var_total_clipped': 0}
2026-03-01 06:22:48 INFO debug.logger:       [TMCMC] ✓ Converged! β reached 1.0
2026-03-01 06:22:48 INFO debug.logger:       [TMCMC] ✅ TMCMC complete! Final β=1.0000
2026-03-01 06:22:48 INFO debug.logger:       [TMCMC] 🎯 MAP (posterior (observation-corrected)): [ 0.56810722  0.6028704  -0.49332169  0.88031943  0.88837783  0.50103204
  0.          0.          0.44285096  0.          0.16628161  0.
 -0.35665334  0.          0.          0.          0.          0.
  0.          0.        ]
2026-03-01 06:22:48 INFO core.tmcmc: [Chain 1] Global MAP updated from 1 chains
2026-03-01 06:22:48 INFO core.tmcmc: Chain 2/2
2026-03-01 06:22:48 INFO core.tmcmc: [Chain 2] Using global MAP from previous chains
2026-03-01 06:22:48 INFO tmcmc_5species_tsm: TSM5S Linearization Point Updated (# 1)
2026-03-01 06:22:48 INFO core.evaluator: TSM initialized (linearization disabled initially for exploration)
2026-03-01 06:22:48 INFO core.tmcmc: [Chain 2] Initial linearization point set
2026-03-01 06:22:49 INFO core.tmcmc: [Commensal_Static_chain2] Parallelization: n_jobs=12 (effective=12), use_threads=False, n_particles=1000
2026-03-01 10:20:40 INFO debug.logger:       [TMCMC] Initial LogL: min=-22.3, max=29.3
2026-03-01 10:20:40 INFO debug.logger:       [TMCMC] Model: Commensal_Static_chain2
2026-03-01 10:20:40 INFO debug.logger:       [TMCMC] Starting TMCMC with 1000 particles, 12 stages...
2026-03-01 10:20:40 INFO debug.logger:       [TMCMC] Stage 1/12 starting...
2026-03-01 10:20:40 INFO core.tmcmc:       [TMCMC] Stage 1: β=0.0000 → 0.0806 (Δ=0.080620), ESS=500.0/500.0 (actual=500.0), logL range=[-22.28, 29.29], log_w range=4.16, w[min,max]=[5.92e-05,3.78e-03]
2026-03-01 10:20:40 INFO debug.logger:       [TMCMC] Resample degeneracy: unique=494/1000 (unique_ratio=0.494)
2026-03-01 10:20:40 INFO debug.logger:       [TMCMC] Proposal cov stats: trace(cov_base)=6.22e+00, trace(cov)=3.53e+01, scale=3.11e-01, nugget=3.21e-07, tempered_scale=2.83e+00, adapt_scale=2.00x, cond(cov)=1.58e+07
