2026-02-25 03:20:35 WARNING __main__: Slack webhook URL is a placeholder. Notifications disabled.
2026-02-25 03:20:35 INFO __main__: Slack notifications disabled (no webhook URL)
2026-02-25 03:20:35 INFO __main__: Output directory: /home/nishioka/IKM_Hiwi/Tmcmc202601/data_5species/_runs/commensal_hobic_1000p
2026-02-25 03:20:35 INFO __main__: Loading experimental data...
2026-02-25 03:20:35 INFO __main__: Loading Commensal HOBIC data: 6 timepoints, days=[1, 3, 6, 10, 15, 21]
2026-02-25 03:20:35 INFO __main__: Auto-calculated day_scale: 0.011310
2026-02-25 03:20:35 INFO __main__: Experimental days: [ 1  3  6 10 15 21]
2026-02-25 03:20:35 INFO __main__: Model indices: [ 113  339  679 1131 1696 2375]
2026-02-25 03:20:35 INFO __main__: Data (absolute volumes):
[[0.375   0.025   0.05    0.05    0.0025 ]
 [0.1425  0.00075 0.015   0.00075 0.00075]
 [0.15    0.001   0.05    0.001   0.001  ]
 [0.1925  0.042   0.105   0.00175 0.00175]
 [0.133   0.1064  0.1216  0.0019  0.0019 ]
 [0.162   0.09    0.09    0.0018  0.0018 ]]
2026-02-25 03:20:35 INFO __main__: Checkpointing enabled: saving every 2 stages to /home/nishioka/IKM_Hiwi/Tmcmc202601/data_5species/_runs/commensal_hobic_1000p/checkpoints
2026-02-25 03:20:35 INFO __main__: Running parameter estimation...
2026-02-25 03:20:35 INFO __main__: Nishioka Algorithm: Retrieving bounds and locked indices for Commensal HOBIC...
2026-02-25 03:20:35 INFO __main__: Nishioka Algorithm: Locking indices [6, 12, 13, 16, 17, 15, 18] to 0.0
2026-02-25 03:20:35 INFO __main__: Reduced parameter space to 13 parameters: [0, 1, 2, 3, 4, 5, 7, 8, 9, 10, 11, 14, 19]
2026-02-25 03:20:35 INFO __main__: Re-applying locks to theta_base to ensure locked parameters [6, 12, 13, 16, 17, 15, 18] remain 0.0
2026-02-25 03:20:35 INFO __main__: Using sigma_obs = 0.1567901234567901
2026-02-25 03:20:35 INFO __main__: Data shape: (6, 5)
2026-02-25 03:20:35 INFO __main__: idx_sparse: [ 113  339  679 1131 1696 2375]
2026-02-25 03:20:35 INFO __main__: Starting TMCMC estimation...
2026-02-25 03:20:35 INFO core.tmcmc: [Commensal_HOBIC] Running 2 TMCMC chains (β tempering + linearization update)...
2026-02-25 03:20:35 INFO core.tmcmc: Chain 1/2
2026-02-25 03:20:35 INFO tmcmc_5species_tsm: TSM5S Linearization Point Updated (# 1)
2026-02-25 03:20:35 INFO core.evaluator: TSM initialized (linearization disabled initially for exploration)
2026-02-25 03:20:35 INFO core.tmcmc: [Chain 1] Initial linearization point set
2026-02-25 03:20:35 INFO core.tmcmc: [Commensal_HOBIC_chain1] Parallelization: n_jobs=12 (effective=12), use_threads=False, n_particles=1000
2026-02-25 03:27:50 INFO debug.logger:       [TMCMC] Initial LogL: min=12.4, max=24.5
2026-02-25 03:27:50 INFO debug.logger:       [TMCMC] Model: Commensal_HOBIC_chain1
2026-02-25 03:27:50 INFO debug.logger:       [TMCMC] Starting TMCMC with 1000 particles, 12 stages...
2026-02-25 03:27:50 INFO debug.logger:       [TMCMC] Stage 1/12 starting...
2026-02-25 03:27:50 INFO core.tmcmc:       [TMCMC] Stage 1: β=0.0000 → 0.5000 (Δ=0.500000), ESS=500.0/500.0 (actual=547.2), logL range=[12.37, 24.49], log_w range=6.06, w[min,max]=[7.13e-06,3.05e-03]
2026-02-25 03:27:50 INFO debug.logger:       [TMCMC] Resample degeneracy: unique=476/1000 (unique_ratio=0.476)
2026-02-25 03:27:50 INFO debug.logger:       [TMCMC] Proposal cov stats: trace(cov_base)=1.11e+01, trace(cov)=1.26e+01, scale=5.56e-01, nugget=5.66e-07, tempered_scale=5.66e-01, adapt_scale=2.00x, cond(cov)=1.27e+07
2026-02-25 16:10:59 INFO core.tmcmc: [Commensal_HOBIC_chain1] Mutation Stage 1: 5000 proposals evaluated in parallel (n_jobs=12), 3554 accepted (rate=0.7108), time=45789.38s
2026-02-25 16:10:59 INFO debug.logger:       [TMCMC] Post-mutation diversity: unique≈1000/1000 (unique_ratio≈1.000)
2026-02-25 16:10:59 INFO debug.logger:       [TMCMC] Stage 1: β=0.5000 (+0.5000)
2026-02-25 16:10:59 INFO debug.logger:       [TMCMC] Likelihood health (cumulative): {'n_calls': 0, 'n_tsm_fail': 0, 'n_output_nonfinite': 0, 'n_var_raw_negative': 0, 'n_var_raw_nonfinite': 0, 'n_var_total_clipped': 0}
2026-02-25 16:10:59 INFO debug.logger:       [TMCMC] Stage 2/12 starting...
2026-02-25 16:10:59 INFO core.tmcmc:       [TMCMC] Stage 2: β=0.5000 → 1.0000 (Δ=0.500000), ESS=906.3/500.0 (actual=906.3), logL range=[15.19, 24.57], log_w range=4.69, w[min,max]=[1.50e-05,1.63e-03]
2026-02-25 16:11:00 INFO debug.logger:       [TMCMC] Resample degeneracy: unique=593/1000 (unique_ratio=0.593)
2026-02-25 16:11:00 INFO debug.logger:       [TMCMC] ℹ️  High acceptance rate (0.711), increasing proposal scale: 2.37x
2026-02-25 16:11:00 INFO debug.logger:       [TMCMC] Proposal cov stats: trace(cov_base)=1.07e+01, trace(cov)=7.21e+00, scale=5.37e-01, nugget=5.47e-07, tempered_scale=2.83e-01, adapt_scale=2.37x, cond(cov)=7.65e+06
2026-02-26 04:53:36 INFO debug.logger:       [TMCMC] Post-mutation diversity: unique≈1000/1000 (unique_ratio≈1.000)
2026-02-26 04:53:36 INFO debug.logger:       [TMCMC] Stage 2: β=1.0000 (+0.5000)
2026-02-26 04:53:36 INFO debug.logger:       [TMCMC] Likelihood health (cumulative): {'n_calls': 0, 'n_tsm_fail': 0, 'n_output_nonfinite': 0, 'n_var_raw_negative': 0, 'n_var_raw_nonfinite': 0, 'n_var_total_clipped': 0}
2026-02-26 04:53:36 INFO debug.logger:       [TMCMC] Stage 3/12 starting...
2026-02-26 04:53:36 INFO core.tmcmc:       [TMCMC] Stage 3: β=1.0000 → 1.0000 (Δ=0.000000), ESS=1000.0/500.0 (actual=1000.0), logL range=[18.71, 24.55], log_w range=0.00, w[min,max]=[1.00e-03,1.00e-03]
2026-02-26 04:53:36 INFO debug.logger:       [TMCMC] Resample degeneracy: unique=616/1000 (unique_ratio=0.616)
2026-02-26 04:53:36 INFO debug.logger:       [TMCMC] ℹ️  High acceptance rate (0.696), increasing proposal scale: 2.32x
2026-02-26 04:53:36 INFO debug.logger:       [TMCMC] Proposal cov stats: trace(cov_base)=1.18e+01, trace(cov)=7.76e+00, scale=5.91e-01, nugget=6.01e-07, tempered_scale=2.83e-01, adapt_scale=2.32x, cond(cov)=7.91e+06
2026-02-26 17:32:59 INFO debug.logger:       [TMCMC] Post-mutation diversity: unique≈1000/1000 (unique_ratio≈1.000)
2026-02-26 17:32:59 INFO debug.logger:       [TMCMC] Computing ROM errors for 5/1000 particles (observation-based update)...
2026-02-26 17:33:19 INFO debug.logger:       [TMCMC] Scale check: logL=[18.71, 23.90, 24.55], log_penalty=[0.0000, 0.0000, 0.0000], log_post=[18.71, 23.90, 24.55], obs_score=[18.71, 23.90, 24.55]
2026-02-26 17:33:19 WARNING debug.logger:       [TMCMC] Observation penalty may be too weak (max_penalty/max_logL_range=0.0000 < 0.01)
2026-02-26 17:33:19 INFO debug.logger:       [TMCMC] Observation-corrected MAP matches standard MAP (no correction effect)
2026-02-26 17:33:19 INFO debug.logger:       [TMCMC] ROM errors: mean=0.000000, min=0.000000, max=0.000000
2026-02-26 17:33:19 INFO debug.logger:       [TMCMC] Posterior MAP-WeightedMean distance: 3.937551, WeightedMean shift (obs-corrected): 0.000000
2026-02-26 17:33:19 WARNING debug.logger:       [TMCMC] Keeping linearization OFF (unstable): ε_ROM(MAP)=2.458991 > 0.050000 (β=1.0000, threshold=0.750)
2026-02-26 17:33:21 WARNING debug.logger:       [TMCMC] ROM error sufficiently small (ε_ROM=0.000000 < 0.01)
2026-02-26 17:33:21 INFO debug.logger:       [TMCMC]    where ε_ROM = || φ̄_ROM(t_obs) − φ̄_FOM(t_obs) ||₂ / || φ̄_FOM(t_obs) ||₂
2026-02-26 17:33:21 INFO debug.logger:       [TMCMC] Stage 3: β=1.0000 (+0.0000)
2026-02-26 17:33:21 INFO debug.logger:       [TMCMC] Likelihood health (cumulative): {'n_calls': 0, 'n_tsm_fail': 0, 'n_output_nonfinite': 0, 'n_var_raw_negative': 0, 'n_var_raw_nonfinite': 0, 'n_var_total_clipped': 0}
2026-02-26 17:33:21 INFO debug.logger:       [TMCMC] ✓ Converged! β reached 1.0
2026-02-26 17:33:21 INFO debug.logger:       [TMCMC] ✅ TMCMC complete! Final β=1.0000
2026-02-26 17:33:21 INFO debug.logger:       [TMCMC] 🎯 MAP (posterior (observation-corrected)): [-0.06642242  0.79234693 -0.50770588  2.13066743  0.74899065 -0.24443758
  0.         -0.39106516  0.77721281  0.98174202 -0.3637478  -0.00670728
  0.          0.          0.83335619  0.          0.          0.
  0.          0.50714171]
2026-02-26 17:33:21 INFO core.tmcmc: [Chain 1] Global MAP updated from 1 chains
2026-02-26 17:33:21 INFO core.tmcmc: Chain 2/2
2026-02-26 17:33:21 INFO core.tmcmc: [Chain 2] Using global MAP from previous chains
2026-02-26 17:33:21 INFO tmcmc_5species_tsm: TSM5S Linearization Point Updated (# 1)
2026-02-26 17:33:21 INFO core.evaluator: TSM initialized (linearization disabled initially for exploration)
2026-02-26 17:33:21 INFO core.tmcmc: [Chain 2] Initial linearization point set
2026-02-26 17:33:21 INFO core.tmcmc: [Commensal_HOBIC_chain2] Parallelization: n_jobs=12 (effective=12), use_threads=False, n_particles=1000
2026-02-26 20:07:12 INFO debug.logger:       [TMCMC] Initial LogL: min=12.1, max=24.6
2026-02-26 20:07:12 INFO debug.logger:       [TMCMC] Model: Commensal_HOBIC_chain2
2026-02-26 20:07:12 INFO debug.logger:       [TMCMC] Starting TMCMC with 1000 particles, 12 stages...
2026-02-26 20:07:12 INFO debug.logger:       [TMCMC] Stage 1/12 starting...
2026-02-26 20:07:12 INFO core.tmcmc:       [TMCMC] Stage 1: β=0.0000 → 0.5000 (Δ=0.500000), ESS=500.0/500.0 (actual=535.3), logL range=[12.10, 24.56], log_w range=6.23, w[min,max]=[6.12e-06,3.10e-03]
2026-02-26 20:07:12 INFO debug.logger:       [TMCMC] Resample degeneracy: unique=473/1000 (unique_ratio=0.473)
2026-02-26 20:07:12 INFO debug.logger:       [TMCMC] Proposal cov stats: trace(cov_base)=1.10e+01, trace(cov)=1.25e+01, scale=5.50e-01, nugget=5.60e-07, tempered_scale=5.66e-01, adapt_scale=2.00x, cond(cov)=1.28e+07
2026-02-27 08:55:29 INFO core.tmcmc: [Commensal_HOBIC_chain2] Mutation Stage 1: 5000 proposals evaluated in parallel (n_jobs=12), 3651 accepted (rate=0.7302), time=46096.77s
2026-02-27 08:55:29 INFO debug.logger:       [TMCMC] Post-mutation diversity: unique≈1000/1000 (unique_ratio≈1.000)
2026-02-27 08:55:29 INFO debug.logger:       [TMCMC] Stage 1: β=0.5000 (+0.5000)
2026-02-27 08:55:29 INFO debug.logger:       [TMCMC] Likelihood health (cumulative): {'n_calls': 0, 'n_tsm_fail': 0, 'n_output_nonfinite': 0, 'n_var_raw_negative': 0, 'n_var_raw_nonfinite': 0, 'n_var_total_clipped': 0}
2026-02-27 08:55:29 INFO debug.logger:       [TMCMC] Stage 2/12 starting...
2026-02-27 08:55:29 INFO core.tmcmc:       [TMCMC] Stage 2: β=0.5000 → 1.0000 (Δ=0.500000), ESS=892.6/500.0 (actual=892.6), logL range=[15.31, 24.55], log_w range=4.62, w[min,max]=[1.59e-05,1.61e-03]
2026-02-27 08:55:29 INFO debug.logger:       [TMCMC] Resample degeneracy: unique=607/1000 (unique_ratio=0.607)
2026-02-27 08:55:29 INFO debug.logger:       [TMCMC] ℹ️  High acceptance rate (0.730), increasing proposal scale: 2.43x
2026-02-27 08:55:29 INFO debug.logger:       [TMCMC] Proposal cov stats: trace(cov_base)=1.15e+01, trace(cov)=7.90e+00, scale=5.73e-01, nugget=5.83e-07, tempered_scale=2.83e-01, adapt_scale=2.43x, cond(cov)=8.20e+06
2026-02-27 21:44:35 INFO debug.logger:       [TMCMC] Post-mutation diversity: unique≈1000/1000 (unique_ratio≈1.000)
2026-02-27 21:44:35 INFO debug.logger:       [TMCMC] Stage 2: β=1.0000 (+0.5000)
2026-02-27 21:44:35 INFO debug.logger:       [TMCMC] Likelihood health (cumulative): {'n_calls': 0, 'n_tsm_fail': 0, 'n_output_nonfinite': 0, 'n_var_raw_negative': 0, 'n_var_raw_nonfinite': 0, 'n_var_total_clipped': 0}
2026-02-27 21:44:35 INFO debug.logger:       [TMCMC] Stage 3/12 starting...
2026-02-27 21:44:35 INFO core.tmcmc:       [TMCMC] Stage 3: β=1.0000 → 1.0000 (Δ=0.000000), ESS=1000.0/500.0 (actual=1000.0), logL range=[19.98, 24.58], log_w range=0.00, w[min,max]=[1.00e-03,1.00e-03]
2026-02-27 21:44:35 INFO debug.logger:       [TMCMC] Resample degeneracy: unique=635/1000 (unique_ratio=0.635)
2026-02-27 21:44:35 INFO debug.logger:       [TMCMC] ℹ️  High acceptance rate (0.712), increasing proposal scale: 2.37x
2026-02-27 21:44:35 INFO debug.logger:       [TMCMC] Proposal cov stats: trace(cov_base)=1.17e+01, trace(cov)=7.89e+00, scale=5.86e-01, nugget=5.96e-07, tempered_scale=2.83e-01, adapt_scale=2.37x, cond(cov)=8.08e+06
2026-02-28 10:28:32 INFO debug.logger:       [TMCMC] Post-mutation diversity: unique≈1000/1000 (unique_ratio≈1.000)
2026-02-28 10:28:32 INFO debug.logger:       [TMCMC] Computing ROM errors for 5/1000 particles (observation-based update)...
2026-02-28 10:28:45 INFO debug.logger:       [TMCMC] Scale check: logL=[19.98, 23.93, 24.58], log_penalty=[0.0000, 0.0000, 0.0000], log_post=[19.98, 23.93, 24.58], obs_score=[19.98, 23.93, 24.58]
2026-02-28 10:28:45 WARNING debug.logger:       [TMCMC] Observation penalty may be too weak (max_penalty/max_logL_range=0.0000 < 0.01)
2026-02-28 10:28:45 INFO debug.logger:       [TMCMC] Observation-corrected MAP matches standard MAP (no correction effect)
2026-02-28 10:28:45 INFO debug.logger:       [TMCMC] ROM errors: mean=0.000000, min=0.000000, max=0.000000
2026-02-28 10:28:45 INFO debug.logger:       [TMCMC] Posterior MAP-WeightedMean distance: 2.020791, WeightedMean shift (obs-corrected): 0.000000
2026-02-28 10:28:46 WARNING debug.logger:       [TMCMC] Keeping linearization OFF (unstable): ε_ROM(MAP)=2.377612 > 0.050000 (β=1.0000, threshold=0.750)
2026-02-28 10:28:48 WARNING debug.logger:       [TMCMC] ROM error sufficiently small (ε_ROM=0.000000 < 0.01)
2026-02-28 10:28:48 INFO debug.logger:       [TMCMC]    where ε_ROM = || φ̄_ROM(t_obs) − φ̄_FOM(t_obs) ||₂ / || φ̄_FOM(t_obs) ||₂
2026-02-28 10:28:48 INFO debug.logger:       [TMCMC] Stage 3: β=1.0000 (+0.0000)
2026-02-28 10:28:48 INFO debug.logger:       [TMCMC] Likelihood health (cumulative): {'n_calls': 0, 'n_tsm_fail': 0, 'n_output_nonfinite': 0, 'n_var_raw_negative': 0, 'n_var_raw_nonfinite': 0, 'n_var_total_clipped': 0}
2026-02-28 10:28:48 INFO debug.logger:       [TMCMC] ✓ Converged! β reached 1.0
2026-02-28 10:28:48 INFO debug.logger:       [TMCMC] ✅ TMCMC complete! Final β=1.0000
2026-02-28 10:28:48 INFO debug.logger:       [TMCMC] 🎯 MAP (posterior (observation-corrected)): [ 0.07986883  0.94967919 -0.65857568  5.09782872  0.31085796 -0.29556619
  0.          0.93367283  2.04814386  0.82151498 -0.30816049 -0.18294043
  0.          0.          0.12074255  0.          0.          0.
  0.          0.41175026]
2026-02-28 10:28:48 INFO core.tmcmc: [Chain 2] Global MAP updated from 2 chains
2026-02-28 10:28:48 INFO core.tmcmc: [Commensal_HOBIC] TMCMC Summary:
2026-02-28 10:28:48 INFO core.tmcmc: Converged chains: 2/2
2026-02-28 10:28:48 INFO core.tmcmc: Global MAP: [-0.27131153  0.97644498 -0.9350633   1.49801741  2.19480593 -0.68568854
  0.          0.30171328  1.84524073  1.30695411 -0.30940792 -0.43770125
  0.          0.         -0.02566975  0.          0.          0.
  0.          0.69432781]
2026-02-28 10:28:48 INFO __main__: TMCMC completed in 284892.69 seconds
2026-02-28 10:28:48 INFO __main__: Computing enhanced convergence diagnostics...
/home/nishioka/IKM_Hiwi/Tmcmc202601/data_5species/main/estimate_reduced_nishioka.py:281: RuntimeWarning: invalid value encountered in divide
  for p in range(n_params):
2026-02-28 10:28:48 INFO __main__: R-hat max: 1.0072 (target < 1.1)
2026-02-28 10:28:48 INFO __main__: ESS min: 1682.3 (target > 100)
2026-02-28 10:28:48 INFO __main__: Convergence (R-hat): True
2026-02-28 10:28:48 INFO __main__: Convergence (ESS): False
2026-02-28 10:28:48 INFO __main__: Computing 95% HDI and credible intervals...
2026-02-28 10:28:48 INFO __main__: HDI computed for all parameters
2026-02-28 10:28:48 INFO __main__: Checkpoints cleared after successful completion
2026-02-28 10:28:48 INFO visualization.helpers: Exported diagnostics tables for Commensal_HOBIC to /home/nishioka/IKM_Hiwi/Tmcmc202601/data_5species/_runs/commensal_hobic_1000p/diagnostics_tables
2026-02-28 10:28:48 INFO __main__: Exported TMCMC diagnostics tables
2026-02-28 10:28:48 INFO __main__: Generating plots...
2026-02-28 10:28:48 INFO __main__: Running simulations for MAP and Mean estimates...
2026-02-28 10:28:49 INFO visualization.plot_manager: Saved figure: TSM_simulation_Commensal_HOBIC_MAP_Fit_with_data.png
2026-02-28 10:28:49 INFO visualization.plot_manager: Saved figure: TSM_simulation_Commensal_HOBIC_Mean_Fit_with_data.png
2026-02-28 10:28:49 INFO visualization.plot_manager: Saved figure: residuals_Commensal_HOBIC_Residuals.png
2026-02-28 10:28:53 INFO visualization.plot_manager: Saved figure: parameter_distributions_Commensal_HOBIC_Params.png
2026-02-28 10:29:06 INFO visualization.plot_manager: Saved figure: corner_plot_Commensal_HOBIC_Corner.png
2026-02-28 10:29:06 INFO __main__: Generating posterior predictive plots (sampling 50 trajectories)...
2026-02-28 10:29:10 INFO visualization.plot_manager: Saved figure: posterior_predictive_Commensal_HOBIC_PosteriorBand.png
2026-02-28 10:29:13 INFO visualization.plot_manager: Saved figure: posterior_predictive_spaghetti_Commensal_HOBIC_PosteriorSpaghetti.png
2026-02-28 10:29:13 INFO visualization.plot_manager: Saved figure: Fig01_TMCMC_beta_schedule_Commensal_HOBIC.png
2026-02-28 10:29:13 INFO __main__: Saved fit metrics to fit_metrics.json
2026-02-28 10:29:13 INFO visualization.plot_manager: Saved manifest: FIGURES_MANIFEST.json (8 figures)
2026-02-28 10:29:13 INFO __main__: Estimation complete. Results saved to /home/nishioka/IKM_Hiwi/Tmcmc202601/data_5species/_runs/commensal_hobic_1000p

================================================================================
ESTIMATION SUMMARY (Nishioka v2)
================================================================================
Condition: Commensal HOBIC
Elapsed Time: 284892.69s
--------------------------------------------------------------------------------
CONVERGENCE DIAGNOSTICS:
  R-hat max:     1.0072 ✓ (target < 1.1)
  ESS min:       1682.3 ✗ (target > 100)
  Overall:       NOT CONVERGED
--------------------------------------------------------------------------------
PARAMETER ESTIMATES (with 95% HDI):
--------------------------------------------------------------------------------
Name            MAP       Mean    HDI_low   HDI_high    R-hat      ESS
--------------------------------------------------------------------------------
a11         -0.2713    -0.0392    -0.9884     0.8707    1.000   2000.0
a12          0.9764     0.1304    -0.8535     0.9940    1.003   2000.0
a22         -0.9351    -0.0272    -0.9896     0.8734    1.000   1707.8
b1           1.4980     5.4975     1.1003     9.5477    1.000   2000.0
b2           2.1948     1.5372     0.1412     2.9562    1.002   2000.0
a33         -0.6857    -0.1515    -0.9921     0.8215    1.001   1682.3
a44          0.3017     0.0228     0.0000     0.0000    0.000      nan
b3           1.8452     1.4266    -0.8862     0.9937    1.000   1829.4
b4           1.3070     0.8929     0.0031     2.8456    1.007   1799.3
a13         -0.3094    -0.1062     0.0000     1.8386    0.999   1863.9
a14         -0.4377     0.0322    -0.9857     0.8254    1.001   2000.0
a55         -0.0257    -0.0087    -0.9178     0.9492    1.000   2000.0
a45          0.6943     0.0378     0.0000     0.0000    0.000      nan
================================================================================

Results saved to: /home/nishioka/IKM_Hiwi/Tmcmc202601/data_5species/_runs/commensal_hobic_1000p
================================================================================
