2026-02-25 02:46:02 WARNING __main__: Slack webhook URL is a placeholder. Notifications disabled.
2026-02-25 02:46:02 INFO __main__: Slack notifications disabled (no webhook URL)
2026-02-25 02:46:02 INFO __main__: Output directory: /home/nishioka/IKM_Hiwi/Tmcmc202601/data_5species/_runs/commensal_hobic_posterior
2026-02-25 02:46:02 INFO __main__: Loading experimental data...
2026-02-25 02:46:02 INFO __main__: Loading Commensal HOBIC data: 6 timepoints, days=[np.int64(1), np.int64(3), np.int64(6), np.int64(10), np.int64(15), np.int64(21)]
2026-02-25 02:46:02 INFO __main__: Auto-calculated day_scale: 0.011310
2026-02-25 02:46:02 INFO __main__: Experimental days: [ 1  3  6 10 15 21]
2026-02-25 02:46:02 INFO __main__: Model indices: [ 113  339  679 1131 1696 2375]
2026-02-25 02:46:02 INFO __main__: Data (absolute volumes):
[[0.375   0.025   0.05    0.05    0.0025 ]
 [0.1425  0.00075 0.015   0.00075 0.00075]
 [0.15    0.001   0.05    0.001   0.001  ]
 [0.1925  0.042   0.105   0.00175 0.00175]
 [0.133   0.1064  0.1216  0.0019  0.0019 ]
 [0.162   0.09    0.09    0.0018  0.0018 ]]
2026-02-25 02:46:02 INFO __main__: Checkpointing enabled: saving every 2 stages to /home/nishioka/IKM_Hiwi/Tmcmc202601/data_5species/_runs/commensal_hobic_posterior/checkpoints
2026-02-25 02:46:02 INFO __main__: Running parameter estimation...
2026-02-25 02:46:02 INFO __main__: Nishioka Algorithm: Retrieving bounds and locked indices for Commensal HOBIC...
2026-02-25 02:46:02 INFO __main__: Nishioka Algorithm: Locking indices [6, 12, 13, 16, 17, 15, 18] to 0.0
2026-02-25 02:46:02 INFO __main__: Reduced parameter space to 13 parameters: [0, 1, 2, 3, 4, 5, 7, 8, 9, 10, 11, 14, 19]
2026-02-25 02:46:02 INFO __main__: Re-applying locks to theta_base to ensure locked parameters [6, 12, 13, 16, 17, 15, 18] remain 0.0
2026-02-25 02:46:02 INFO __main__: Using sigma_obs = 0.1567901234567901
2026-02-25 02:46:02 INFO __main__: Data shape: (6, 5)
2026-02-25 02:46:02 INFO __main__: idx_sparse: [ 113  339  679 1131 1696 2375]
2026-02-25 02:46:02 INFO __main__: Starting TMCMC estimation...
2026-02-25 02:46:02 INFO core.tmcmc: [Commensal_HOBIC] Running 2 TMCMC chains (β tempering + linearization update)...
2026-02-25 02:46:02 INFO core.tmcmc: Chain 1/2
2026-02-25 02:46:02 INFO tmcmc_5species_tsm: TSM5S Linearization Point Updated (# 1)
2026-02-25 02:46:02 INFO core.evaluator: TSM initialized (linearization disabled initially for exploration)
2026-02-25 02:46:02 INFO core.tmcmc: [Chain 1] Initial linearization point set
2026-02-25 02:46:02 INFO core.tmcmc: [Commensal_HOBIC_chain1] Parallelization: n_jobs=4 (effective=4), use_threads=False, n_particles=150
2026-02-25 02:49:39 INFO debug.logger:       [TMCMC] Initial LogL: min=13.6, max=24.4
2026-02-25 02:49:39 INFO debug.logger:       [TMCMC] Model: Commensal_HOBIC_chain1
2026-02-25 02:49:39 INFO debug.logger:       [TMCMC] Starting TMCMC with 150 particles, 8 stages...
2026-02-25 02:49:39 INFO debug.logger:       [TMCMC] Stage 1/8 starting...
2026-02-25 02:49:39 INFO core.tmcmc:       [TMCMC] Stage 1: β=0.0000 → 0.5000 (Δ=0.500000), ESS=75.0/75.0 (actual=87.5), logL range=[13.61, 24.39], log_w range=5.39, w[min,max]=[8.15e-05,1.79e-02]
2026-02-25 02:49:39 INFO debug.logger:       [TMCMC] Resample degeneracy: unique=74/150 (unique_ratio=0.493)
2026-02-25 02:49:39 INFO debug.logger:       [TMCMC] Proposal cov stats: trace(cov_base)=1.04e+01, trace(cov)=1.17e+01, scale=5.18e-01, nugget=5.28e-07, tempered_scale=5.66e-01, adapt_scale=2.00x, cond(cov)=1.31e+07
2026-02-25 03:06:59 INFO core.tmcmc: [Commensal_HOBIC_chain1] Mutation Stage 1: 750 proposals evaluated in parallel (n_jobs=4), 549 accepted (rate=0.7320), time=1039.57s
2026-02-25 03:06:59 INFO debug.logger:       [TMCMC] Post-mutation diversity: unique≈150/150 (unique_ratio≈1.000)
2026-02-25 03:06:59 INFO debug.logger:       [TMCMC] Stage 1: β=0.5000 (+0.5000)
2026-02-25 03:06:59 INFO debug.logger:       [TMCMC] Likelihood health (cumulative): {'n_calls': 0, 'n_tsm_fail': 0, 'n_output_nonfinite': 0, 'n_var_raw_negative': 0, 'n_var_raw_nonfinite': 0, 'n_var_total_clipped': 0}
2026-02-25 03:06:59 INFO debug.logger:       [TMCMC] Stage 2/8 starting...
2026-02-25 03:06:59 INFO core.tmcmc:       [TMCMC] Stage 2: β=0.5000 → 1.0000 (Δ=0.500000), ESS=136.5/75.0 (actual=136.5), logL range=[15.22, 24.47], log_w range=4.63, w[min,max]=[9.96e-05,1.02e-02]
2026-02-25 03:06:59 INFO debug.logger:       [TMCMC] Resample degeneracy: unique=96/150 (unique_ratio=0.640)
2026-02-25 03:06:59 INFO debug.logger:       [TMCMC] ℹ️  High acceptance rate (0.732), increasing proposal scale: 2.44x
2026-02-25 03:06:59 INFO debug.logger:       [TMCMC] Proposal cov stats: trace(cov_base)=1.08e+01, trace(cov)=7.47e+00, scale=5.40e-01, nugget=5.50e-07, tempered_scale=2.83e-01, adapt_scale=2.44x, cond(cov)=8.17e+06
2026-02-25 03:24:26 INFO debug.logger:       [TMCMC] Post-mutation diversity: unique≈150/150 (unique_ratio≈1.000)
2026-02-25 03:24:26 INFO debug.logger:       [TMCMC] Stage 2: β=1.0000 (+0.5000)
2026-02-25 03:24:26 INFO debug.logger:       [TMCMC] Likelihood health (cumulative): {'n_calls': 0, 'n_tsm_fail': 0, 'n_output_nonfinite': 0, 'n_var_raw_negative': 0, 'n_var_raw_nonfinite': 0, 'n_var_total_clipped': 0}
2026-02-25 03:24:26 INFO debug.logger:       [TMCMC] Stage 3/8 starting...
2026-02-25 03:24:26 INFO core.tmcmc:       [TMCMC] Stage 3: β=1.0000 → 1.0000 (Δ=0.000000), ESS=150.0/75.0 (actual=150.0), logL range=[22.25, 24.56], log_w range=0.00, w[min,max]=[6.67e-03,6.67e-03]
2026-02-25 03:24:26 INFO debug.logger:       [TMCMC] Resample degeneracy: unique=93/150 (unique_ratio=0.620)
2026-02-25 03:24:26 INFO debug.logger:       [TMCMC] ℹ️  High acceptance rate (0.707), increasing proposal scale: 2.36x
2026-02-25 03:24:26 INFO debug.logger:       [TMCMC] Proposal cov stats: trace(cov_base)=1.11e+01, trace(cov)=7.43e+00, scale=5.57e-01, nugget=5.67e-07, tempered_scale=2.83e-01, adapt_scale=2.36x, cond(cov)=8.05e+06
2026-02-25 03:41:57 INFO debug.logger:       [TMCMC] Post-mutation diversity: unique≈150/150 (unique_ratio≈1.000)
2026-02-25 03:41:57 INFO debug.logger:       [TMCMC] Computing ROM errors for 5/150 particles (observation-based update)...
2026-02-25 03:42:20 INFO debug.logger:       [TMCMC] Scale check: logL=[22.25, 23.91, 24.56], log_penalty=[0.0000, 0.0000, 0.0000], log_post=[22.25, 23.91, 24.56], obs_score=[22.25, 23.91, 24.56]
2026-02-25 03:42:20 WARNING debug.logger:       [TMCMC] Observation penalty may be too weak (max_penalty/max_logL_range=0.0000 < 0.01)
2026-02-25 03:42:20 INFO debug.logger:       [TMCMC] Observation-corrected MAP matches standard MAP (no correction effect)
2026-02-25 03:42:20 INFO debug.logger:       [TMCMC] ROM errors: mean=0.000000, min=0.000000, max=0.000000
2026-02-25 03:42:20 INFO debug.logger:       [TMCMC] Posterior MAP-WeightedMean distance: 3.655770, WeightedMean shift (obs-corrected): 0.000000
2026-02-25 03:42:20 WARNING debug.logger:       [TMCMC] Keeping linearization OFF (unstable): ε_ROM(MAP)=2.285094 > 0.050000 (β=1.0000, threshold=0.750)
2026-02-25 03:42:23 WARNING debug.logger:       [TMCMC] ROM error sufficiently small (ε_ROM=0.000000 < 0.01)
2026-02-25 03:42:23 INFO debug.logger:       [TMCMC]    where ε_ROM = || φ̄_ROM(t_obs) − φ̄_FOM(t_obs) ||₂ / || φ̄_FOM(t_obs) ||₂
2026-02-25 03:42:23 INFO debug.logger:       [TMCMC] Stage 3: β=1.0000 (+0.0000)
2026-02-25 03:42:23 INFO debug.logger:       [TMCMC] Likelihood health (cumulative): {'n_calls': 0, 'n_tsm_fail': 0, 'n_output_nonfinite': 0, 'n_var_raw_negative': 0, 'n_var_raw_nonfinite': 0, 'n_var_total_clipped': 0}
2026-02-25 03:42:23 INFO debug.logger:       [TMCMC] ✓ Converged! β reached 1.0
2026-02-25 03:42:23 INFO debug.logger:       [TMCMC] ✅ TMCMC complete! Final β=1.0000
2026-02-25 03:42:23 INFO debug.logger:       [TMCMC] 🎯 MAP (posterior (observation-corrected)): [ 0.23331314  0.97830557 -0.87196874  8.26941476  0.78492893 -0.09365094
  0.          0.9538474   2.58002059  0.56691957 -0.11725248  0.39989438
  0.          0.          0.07009056  0.          0.          0.
  0.          0.08605032]
2026-02-25 03:42:23 INFO core.tmcmc: [Chain 1] Global MAP updated from 1 chains
2026-02-25 03:42:23 INFO core.tmcmc: Chain 2/2
2026-02-25 03:42:23 INFO core.tmcmc: [Chain 2] Using global MAP from previous chains
2026-02-25 03:42:23 INFO tmcmc_5species_tsm: TSM5S Linearization Point Updated (# 1)
2026-02-25 03:42:23 INFO core.evaluator: TSM initialized (linearization disabled initially for exploration)
2026-02-25 03:42:23 INFO core.tmcmc: [Chain 2] Initial linearization point set
2026-02-25 03:42:23 INFO core.tmcmc: [Commensal_HOBIC_chain2] Parallelization: n_jobs=4 (effective=4), use_threads=False, n_particles=150
2026-02-25 03:45:58 INFO debug.logger:       [TMCMC] Initial LogL: min=14.3, max=24.4
2026-02-25 03:45:58 INFO debug.logger:       [TMCMC] Model: Commensal_HOBIC_chain2
2026-02-25 03:45:58 INFO debug.logger:       [TMCMC] Starting TMCMC with 150 particles, 8 stages...
2026-02-25 03:45:58 INFO debug.logger:       [TMCMC] Stage 1/8 starting...
2026-02-25 03:45:58 INFO core.tmcmc:       [TMCMC] Stage 1: β=0.0000 → 0.5000 (Δ=0.500000), ESS=75.0/75.0 (actual=80.4), logL range=[14.32, 24.44], log_w range=5.06, w[min,max]=[1.21e-04,1.92e-02]
2026-02-25 03:45:58 INFO debug.logger:       [TMCMC] Resample degeneracy: unique=66/150 (unique_ratio=0.440)
2026-02-25 03:45:58 INFO debug.logger:       [TMCMC] Proposal cov stats: trace(cov_base)=1.04e+01, trace(cov)=1.17e+01, scale=5.18e-01, nugget=5.28e-07, tempered_scale=5.66e-01, adapt_scale=2.00x, cond(cov)=1.28e+07
2026-02-25 04:03:14 INFO core.tmcmc: [Commensal_HOBIC_chain2] Mutation Stage 1: 750 proposals evaluated in parallel (n_jobs=4), 547 accepted (rate=0.7293), time=1036.48s
2026-02-25 04:03:14 INFO debug.logger:       [TMCMC] Post-mutation diversity: unique≈150/150 (unique_ratio≈1.000)
2026-02-25 04:03:14 INFO debug.logger:       [TMCMC] Stage 1: β=0.5000 (+0.5000)
2026-02-25 04:03:14 INFO debug.logger:       [TMCMC] Likelihood health (cumulative): {'n_calls': 0, 'n_tsm_fail': 0, 'n_output_nonfinite': 0, 'n_var_raw_negative': 0, 'n_var_raw_nonfinite': 0, 'n_var_total_clipped': 0}
2026-02-25 04:03:14 INFO debug.logger:       [TMCMC] Stage 2/8 starting...
2026-02-25 04:03:14 INFO core.tmcmc:       [TMCMC] Stage 2: β=0.5000 → 1.0000 (Δ=0.500000), ESS=137.0/75.0 (actual=137.0), logL range=[18.76, 24.53], log_w range=2.88, w[min,max]=[5.72e-04,1.02e-02]
2026-02-25 04:03:14 INFO debug.logger:       [TMCMC] Resample degeneracy: unique=94/150 (unique_ratio=0.627)
2026-02-25 04:03:14 INFO debug.logger:       [TMCMC] ℹ️  High acceptance rate (0.729), increasing proposal scale: 2.43x
2026-02-25 04:03:14 INFO debug.logger:       [TMCMC] Proposal cov stats: trace(cov_base)=1.13e+01, trace(cov)=7.75e+00, scale=5.63e-01, nugget=5.73e-07, tempered_scale=2.83e-01, adapt_scale=2.43x, cond(cov)=8.02e+06
2026-02-25 04:20:29 INFO debug.logger:       [TMCMC] Post-mutation diversity: unique≈150/150 (unique_ratio≈1.000)
2026-02-25 04:20:29 INFO debug.logger:       [TMCMC] Stage 2: β=1.0000 (+0.5000)
2026-02-25 04:20:29 INFO debug.logger:       [TMCMC] Likelihood health (cumulative): {'n_calls': 0, 'n_tsm_fail': 0, 'n_output_nonfinite': 0, 'n_var_raw_negative': 0, 'n_var_raw_nonfinite': 0, 'n_var_total_clipped': 0}
2026-02-25 04:20:29 INFO debug.logger:       [TMCMC] Stage 3/8 starting...
2026-02-25 04:20:29 INFO core.tmcmc:       [TMCMC] Stage 3: β=1.0000 → 1.0000 (Δ=0.000000), ESS=150.0/75.0 (actual=150.0), logL range=[22.39, 24.52], log_w range=0.00, w[min,max]=[6.67e-03,6.67e-03]
2026-02-25 04:20:29 INFO debug.logger:       [TMCMC] Resample degeneracy: unique=94/150 (unique_ratio=0.627)
2026-02-25 04:20:29 INFO debug.logger:       [TMCMC] ℹ️  High acceptance rate (0.699), increasing proposal scale: 2.33x
2026-02-25 04:20:29 INFO debug.logger:       [TMCMC] Proposal cov stats: trace(cov_base)=1.13e+01, trace(cov)=7.45e+00, scale=5.65e-01, nugget=5.75e-07, tempered_scale=2.83e-01, adapt_scale=2.33x, cond(cov)=7.91e+06
2026-02-25 04:37:24 INFO debug.logger:       [TMCMC] Post-mutation diversity: unique≈150/150 (unique_ratio≈1.000)
2026-02-25 04:37:24 INFO debug.logger:       [TMCMC] Computing ROM errors for 5/150 particles (observation-based update)...
2026-02-25 04:37:39 INFO debug.logger:       [TMCMC] Scale check: logL=[22.39, 23.96, 24.52], log_penalty=[0.0000, 0.0000, 0.0000], log_post=[22.39, 23.96, 24.52], obs_score=[22.39, 23.96, 24.52]
2026-02-25 04:37:39 WARNING debug.logger:       [TMCMC] Observation penalty may be too weak (max_penalty/max_logL_range=0.0000 < 0.01)
2026-02-25 04:37:39 INFO debug.logger:       [TMCMC] Observation-corrected MAP matches standard MAP (no correction effect)
2026-02-25 04:37:39 INFO debug.logger:       [TMCMC] ROM errors: mean=0.000000, min=0.000000, max=0.000000
2026-02-25 04:37:39 INFO debug.logger:       [TMCMC] Posterior MAP-WeightedMean distance: 2.943101, WeightedMean shift (obs-corrected): 0.000000
2026-02-25 04:37:39 WARNING debug.logger:       [TMCMC] Keeping linearization OFF (unstable): ε_ROM(MAP)=2.714136 > 0.050000 (β=1.0000, threshold=0.750)
2026-02-25 04:37:42 WARNING debug.logger:       [TMCMC] ROM error sufficiently small (ε_ROM=0.000000 < 0.01)
2026-02-25 04:37:42 INFO debug.logger:       [TMCMC]    where ε_ROM = || φ̄_ROM(t_obs) − φ̄_FOM(t_obs) ||₂ / || φ̄_FOM(t_obs) ||₂
2026-02-25 04:37:42 INFO debug.logger:       [TMCMC] Stage 3: β=1.0000 (+0.0000)
2026-02-25 04:37:42 INFO debug.logger:       [TMCMC] Likelihood health (cumulative): {'n_calls': 0, 'n_tsm_fail': 0, 'n_output_nonfinite': 0, 'n_var_raw_negative': 0, 'n_var_raw_nonfinite': 0, 'n_var_total_clipped': 0}
2026-02-25 04:37:42 INFO debug.logger:       [TMCMC] ✓ Converged! β reached 1.0
2026-02-25 04:37:42 INFO debug.logger:       [TMCMC] ✅ TMCMC complete! Final β=1.0000
2026-02-25 04:37:42 INFO debug.logger:       [TMCMC] 🎯 MAP (posterior (observation-corrected)): [ 0.64304137  0.52930195 -0.32747186  3.93435154  0.20268876  0.49626631
  0.          0.63363456  2.24523531  0.301588   -0.02920796  0.5965029
  0.          0.          0.0630184   0.          0.          0.
  0.          0.41408271]
2026-02-25 04:37:42 INFO core.tmcmc: [Chain 2] Global MAP updated from 2 chains
2026-02-25 04:37:42 INFO core.tmcmc: [Commensal_HOBIC] TMCMC Summary:
2026-02-25 04:37:42 INFO core.tmcmc: Converged chains: 2/2
2026-02-25 04:37:42 INFO core.tmcmc: Global MAP: [ 0.17471874  0.46131924  0.11398743  2.94767598  0.33834748 -0.78324022
  0.          0.51381292  1.21358732  1.00259442 -0.21147732  0.63833277
  0.          0.          0.70986577  0.          0.          0.
  0.         -0.71064987]
2026-02-25 04:37:42 INFO __main__: TMCMC completed in 6699.63 seconds
2026-02-25 04:37:42 INFO __main__: Computing enhanced convergence diagnostics...
/home/nishioka/IKM_Hiwi/Tmcmc202601/data_5species/main/estimate_reduced_nishioka.py:281: RuntimeWarning: invalid value encountered in divide
  acf = acf / acf[0]  # Normalize
2026-02-25 04:37:42 INFO __main__: R-hat max: 1.0088 (target < 1.1)
2026-02-25 04:37:42 INFO __main__: ESS min: 241.2 (target > 100)
2026-02-25 04:37:42 INFO __main__: Convergence (R-hat): True
2026-02-25 04:37:42 INFO __main__: Convergence (ESS): False
2026-02-25 04:37:42 INFO __main__: Computing 95% HDI and credible intervals...
2026-02-25 04:37:42 INFO __main__: HDI computed for all parameters
2026-02-25 04:37:42 INFO __main__: Checkpoints cleared after successful completion
2026-02-25 04:37:42 INFO visualization.helpers: Exported diagnostics tables for Commensal_HOBIC to /home/nishioka/IKM_Hiwi/Tmcmc202601/data_5species/_runs/commensal_hobic_posterior/diagnostics_tables
2026-02-25 04:37:42 INFO __main__: Exported TMCMC diagnostics tables
2026-02-25 04:37:42 INFO __main__: Generating plots...
2026-02-25 04:37:42 INFO __main__: Running simulations for MAP and Mean estimates...
2026-02-25 04:37:42 INFO visualization.plot_manager: Saved figure: TSM_simulation_Commensal_HOBIC_MAP_Fit_with_data.png
2026-02-25 04:37:43 INFO visualization.plot_manager: Saved figure: TSM_simulation_Commensal_HOBIC_Mean_Fit_with_data.png
2026-02-25 04:37:43 INFO visualization.plot_manager: Saved figure: residuals_Commensal_HOBIC_Residuals.png
2026-02-25 04:37:47 INFO visualization.plot_manager: Saved figure: parameter_distributions_Commensal_HOBIC_Params.png
2026-02-25 04:38:00 INFO visualization.plot_manager: Saved figure: corner_plot_Commensal_HOBIC_Corner.png
2026-02-25 04:38:00 INFO __main__: Generating posterior predictive plots (sampling 50 trajectories)...
2026-02-25 04:38:05 INFO visualization.plot_manager: Saved figure: posterior_predictive_Commensal_HOBIC_PosteriorBand.png
2026-02-25 04:38:10 INFO visualization.plot_manager: Saved figure: posterior_predictive_spaghetti_Commensal_HOBIC_PosteriorSpaghetti.png
2026-02-25 04:38:10 INFO visualization.plot_manager: Saved figure: Fig01_TMCMC_beta_schedule_Commensal_HOBIC.png
2026-02-25 04:38:10 INFO __main__: Saved fit metrics to fit_metrics.json
2026-02-25 04:38:10 INFO visualization.plot_manager: Saved manifest: FIGURES_MANIFEST.json (8 figures)
2026-02-25 04:38:10 INFO __main__: Estimation complete. Results saved to /home/nishioka/IKM_Hiwi/Tmcmc202601/data_5species/_runs/commensal_hobic_posterior

================================================================================
ESTIMATION SUMMARY (Nishioka v2)
================================================================================
Condition: Commensal HOBIC
Elapsed Time: 6699.63s
--------------------------------------------------------------------------------
CONVERGENCE DIAGNOSTICS:
  R-hat max:     1.0088 ✓ (target < 1.1)
  ESS min:       241.2 ✗ (target > 100)
  Overall:       NOT CONVERGED
--------------------------------------------------------------------------------
PARAMETER ESTIMATES (with 95% HDI):
--------------------------------------------------------------------------------
Name            MAP       Mean    HDI_low   HDI_high    R-hat      ESS
--------------------------------------------------------------------------------
a11          0.1747    -0.0850    -0.9222     0.9216    0.997    300.0
a12          0.4613     0.1074    -0.8865     0.9957    0.997    300.0
a22          0.1140    -0.0327    -0.9949     0.8677    0.997    300.0
b1           2.9477     5.7126     1.5308     9.9863    1.004    300.0
b2           0.3383     1.5539     0.1335     2.9342    0.997    300.0
a33         -0.7832    -0.1691    -0.9978     0.8070    1.003    278.3
a44          0.5138    -0.0333     0.0000     0.0000    0.000      nan
b3           1.2136     1.3949    -0.9283     0.9337    1.000    272.3
b4           1.0026     0.9197     0.0851     2.8488    1.002    276.4
a13         -0.2115     0.0068     0.0537     1.9298    1.009    241.2
a14          0.6383    -0.0313    -0.9360     0.8316    0.999    250.1
a55          0.7099    -0.0217    -0.9452     0.8955    1.006    259.5
a45         -0.7106     0.0152     0.0000     0.0000    0.000      nan
================================================================================

Results saved to: /home/nishioka/IKM_Hiwi/Tmcmc202601/data_5species/_runs/commensal_hobic_posterior
================================================================================
