2026-02-25 03:38:43 WARNING __main__: Slack webhook URL is a placeholder. Notifications disabled.
2026-02-25 03:38:43 INFO __main__: Slack notifications disabled (no webhook URL)
2026-02-25 03:38:43 INFO __main__: Output directory: /home/nishioka/IKM_Hiwi/Tmcmc202601/data_5species/_runs/dh_v2_soft_gate
2026-02-25 03:38:43 INFO __main__: Loading experimental data...
2026-02-25 03:38:43 INFO __main__: Loading Dysbiotic HOBIC data: 6 timepoints, days=[1, 3, 6, 10, 15, 21]
2026-02-25 03:38:43 INFO __main__: Auto-calculated day_scale: 0.011310
2026-02-25 03:38:43 INFO __main__: Experimental days: [ 1  3  6 10 15 21]
2026-02-25 03:38:43 INFO __main__: Model indices: [ 113  339  679 1131 1696 2375]
2026-02-25 03:38:43 INFO __main__: Data (absolute volumes):
[[0.018   0.0045  0.423   0.00225 0.00225]
 [0.012   0.004   0.388   0.002   0.002  ]
 [0.0525  0.09    0.6375  0.00375 0.00375]
 [0.0744  0.093   0.465   0.0496  0.0031 ]
 [0.012   0.21    0.21    0.12    0.012  ]
 [0.006   0.21    0.15    0.18    0.108  ]]
2026-02-25 03:38:43 INFO __main__: Checkpointing enabled: saving every 2 stages to /home/nishioka/IKM_Hiwi/Tmcmc202601/data_5species/_runs/dh_v2_soft_gate/checkpoints
2026-02-25 03:38:43 INFO __main__: Running parameter estimation...
2026-02-25 03:38:43 INFO __main__: Nishioka Algorithm: Retrieving bounds and locked indices for Dysbiotic HOBIC...
2026-02-25 03:38:43 INFO __main__: Nishioka Algorithm: Locking indices [] to 0.0
2026-02-25 03:38:43 INFO __main__: Reduced parameter space to 20 parameters: [0, 1, 2, 3, 4, 5, 6, 7, 8, 9, 10, 11, 12, 13, 14, 15, 16, 17, 18, 19]
2026-02-25 03:38:43 INFO __main__: Using sigma_obs = 0.23209876543209873
2026-02-25 03:38:43 INFO __main__: Data shape: (6, 5)
2026-02-25 03:38:43 INFO __main__: idx_sparse: [ 113  339  679 1131 1696 2375]
2026-02-25 03:38:43 INFO __main__: Starting TMCMC estimation...
2026-02-25 03:38:43 INFO core.tmcmc: [Dysbiotic_HOBIC] Running 1 TMCMC chains (β tempering + linearization update)...
2026-02-25 03:38:43 INFO core.tmcmc: Chain 1/1
2026-02-25 03:38:43 INFO tmcmc_5species_tsm: TSM5S Linearization Point Updated (# 1)
2026-02-25 03:38:43 INFO core.evaluator: TSM initialized (linearization disabled initially for exploration)
2026-02-25 03:38:43 INFO core.tmcmc: [Chain 1] Initial linearization point set
2026-02-25 03:38:43 INFO core.tmcmc: [Dysbiotic_HOBIC_chain1] Parallelization: n_jobs=12 (effective=12), use_threads=False, n_particles=1000
2026-02-25 03:50:56 INFO debug.logger:       [TMCMC] Initial LogL: min=-20.5, max=10.4
2026-02-25 03:50:56 INFO debug.logger:       [TMCMC] Model: Dysbiotic_HOBIC_chain1
2026-02-25 03:50:56 INFO debug.logger:       [TMCMC] Starting TMCMC with 1000 particles, 12 stages...
2026-02-25 03:50:56 INFO debug.logger:       [TMCMC] Stage 1/12 starting...
2026-02-25 03:50:56 INFO core.tmcmc:       [TMCMC] Stage 1: β=0.0000 → 0.1663 (Δ=0.166275), ESS=500.0/500.0 (actual=500.0), logL range=[-20.52, 10.37], log_w range=5.14, w[min,max]=[2.74e-05,4.66e-03]
2026-02-25 03:50:56 INFO debug.logger:       [TMCMC] Resample degeneracy: unique=484/1000 (unique_ratio=0.484)
2026-02-25 03:50:56 INFO debug.logger:       [TMCMC] Proposal cov stats: trace(cov_base)=2.86e+01, trace(cov)=9.75e+01, scale=1.43e+00, nugget=1.44e-06, tempered_scale=1.70e+00, adapt_scale=2.00x, cond(cov)=1.60e+02
2026-02-26 00:50:53 INFO core.tmcmc: [Dysbiotic_HOBIC_chain1] Mutation Stage 1: 5000 proposals evaluated in parallel (n_jobs=12), 2567 accepted (rate=0.5134), time=75596.29s
2026-02-26 00:50:53 INFO debug.logger:       [TMCMC] Post-mutation diversity: unique≈994/1000 (unique_ratio≈0.994)
2026-02-26 00:50:53 INFO debug.logger:       [TMCMC] Stage 1: β=0.1663 (+0.1663)
2026-02-26 00:50:53 INFO debug.logger:       [TMCMC] Likelihood health (cumulative): {'n_calls': 0, 'n_tsm_fail': 0, 'n_output_nonfinite': 0, 'n_var_raw_negative': 0, 'n_var_raw_nonfinite': 0, 'n_var_total_clipped': 0}
2026-02-26 00:50:53 INFO debug.logger:       [TMCMC] Stage 2/12 starting...
2026-02-26 00:50:53 INFO core.tmcmc:       [TMCMC] Stage 2: β=0.1663 → 0.6031 (Δ=0.436851), ESS=500.0/500.0 (actual=500.0), logL range=[-15.09, 10.37], log_w range=11.12, w[min,max]=[8.47e-08,5.72e-03]
2026-02-26 00:50:53 INFO debug.logger:       [TMCMC] Resample degeneracy: unique=474/1000 (unique_ratio=0.474)
2026-02-26 00:50:53 INFO debug.logger:       [TMCMC] Proposal cov stats: trace(cov_base)=2.69e+01, trace(cov)=2.53e+01, scale=1.35e+00, nugget=1.36e-06, tempered_scale=4.70e-01, adapt_scale=2.00x, cond(cov)=1.65e+02
2026-02-26 21:53:49 INFO debug.logger:       [TMCMC] Post-mutation diversity: unique≈991/1000 (unique_ratio≈0.991)
2026-02-26 21:53:49 INFO debug.logger:       [TMCMC] Stage 2: β=0.6031 (+0.4369)
2026-02-26 21:53:49 INFO debug.logger:       [TMCMC] Likelihood health (cumulative): {'n_calls': 0, 'n_tsm_fail': 0, 'n_output_nonfinite': 0, 'n_var_raw_negative': 0, 'n_var_raw_nonfinite': 0, 'n_var_total_clipped': 0}
2026-02-26 21:53:49 INFO debug.logger:       [TMCMC] Stage 3/12 starting...
2026-02-26 21:53:49 INFO core.tmcmc:       [TMCMC] Stage 3: β=0.6031 → 1.0000 (Δ=0.396875), ESS=872.8/500.0 (actual=872.8), logL range=[-0.14, 10.47], log_w range=4.21, w[min,max]=[3.92e-05,2.64e-03]
2026-02-26 21:53:49 INFO debug.logger:       [TMCMC] Resample degeneracy: unique=617/1000 (unique_ratio=0.617)
2026-02-26 21:53:49 INFO debug.logger:       [TMCMC] Proposal cov stats: trace(cov_base)=2.73e+01, trace(cov)=1.55e+01, scale=1.37e+00, nugget=1.38e-06, tempered_scale=2.83e-01, adapt_scale=2.00x, cond(cov)=1.90e+02
2026-02-27 18:52:38 INFO debug.logger:       [TMCMC] Post-mutation diversity: unique≈986/1000 (unique_ratio≈0.986)
2026-02-27 18:52:38 INFO debug.logger:       [TMCMC] Computing ROM errors for 5/1000 particles (observation-based update)...
2026-02-27 18:53:07 INFO debug.logger:       [TMCMC] Scale check: logL=[-0.14, 8.09, 10.47], log_penalty=[0.0000, 0.0000, 0.0000], log_post=[-0.14, 8.09, 10.47], obs_score=[-0.14, 8.09, 10.47]
2026-02-27 18:53:07 WARNING debug.logger:       [TMCMC] Observation penalty may be too weak (max_penalty/max_logL_range=0.0000 < 0.01)
2026-02-27 18:53:07 INFO debug.logger:       [TMCMC] Observation-corrected MAP matches standard MAP (no correction effect)
2026-02-27 18:53:07 INFO debug.logger:       [TMCMC] ROM errors: mean=0.000000, min=0.000000, max=0.000000
2026-02-27 18:53:07 INFO debug.logger:       [TMCMC] Posterior MAP-WeightedMean distance: 5.648219, WeightedMean shift (obs-corrected): 0.000000
2026-02-27 18:53:07 WARNING debug.logger:       [TMCMC] Keeping linearization OFF (unstable): ε_ROM(MAP)=0.556495 > 0.050000 (β=1.0000, threshold=0.750)
2026-02-27 18:53:11 WARNING debug.logger:       [TMCMC] ROM error sufficiently small (ε_ROM=0.000000 < 0.01)
2026-02-27 18:53:11 INFO debug.logger:       [TMCMC]    where ε_ROM = || φ̄_ROM(t_obs) − φ̄_FOM(t_obs) ||₂ / || φ̄_FOM(t_obs) ||₂
2026-02-27 18:53:11 INFO debug.logger:       [TMCMC] Stage 3: β=1.0000 (+0.3969)
2026-02-27 18:53:11 INFO debug.logger:       [TMCMC] Likelihood health (cumulative): {'n_calls': 0, 'n_tsm_fail': 0, 'n_output_nonfinite': 0, 'n_var_raw_negative': 0, 'n_var_raw_nonfinite': 0, 'n_var_total_clipped': 0}
2026-02-27 18:53:11 INFO debug.logger:       [TMCMC] Stage 4/12 starting...
2026-02-27 18:53:11 INFO core.tmcmc:       [TMCMC] Stage 4: β=1.0000 → 1.0000 (Δ=0.000000), ESS=1000.0/500.0 (actual=1000.0), logL range=[0.49, 10.47], log_w range=0.00, w[min,max]=[1.00e-03,1.00e-03]
2026-02-27 18:53:11 INFO debug.logger:       [TMCMC] Resample degeneracy: unique=625/1000 (unique_ratio=0.625)
2026-02-27 18:53:11 INFO debug.logger:       [TMCMC] Proposal cov stats: trace(cov_base)=2.77e+01, trace(cov)=1.57e+01, scale=1.39e+00, nugget=1.40e-06, tempered_scale=2.83e-01, adapt_scale=2.00x, cond(cov)=2.39e+02
2026-02-28 05:30:43 INFO debug.logger:       [TMCMC] Post-mutation diversity: unique≈991/1000 (unique_ratio≈0.991)
2026-02-28 05:30:43 INFO debug.logger:       [TMCMC] Stage 4: β=1.0000 (+0.0000)
2026-02-28 05:30:43 INFO debug.logger:       [TMCMC] Likelihood health (cumulative): {'n_calls': 0, 'n_tsm_fail': 0, 'n_output_nonfinite': 0, 'n_var_raw_negative': 0, 'n_var_raw_nonfinite': 0, 'n_var_total_clipped': 0}
2026-02-28 05:30:43 INFO debug.logger:       [TMCMC] ✓ Converged! β reached 1.0
2026-02-28 05:30:43 INFO debug.logger:       [TMCMC] ✅ TMCMC complete! Final β=1.0000
2026-02-28 05:30:43 INFO debug.logger:       [TMCMC] 🎯 MAP (posterior (observation-corrected)): [ 1.19328452 -0.35032149  0.02913785  1.83433543  1.64540363  0.43124989
  2.6975633   1.16097163  0.52944426  0.13065322 -1.35751296  0.31686895
  4.25972117  2.62271045  3.48071409  0.07756317  0.20932944  0.81143317
  4.83951399  1.18961085]
2026-02-28 05:30:43 INFO core.tmcmc: [Chain 1] Global MAP updated from 1 chains
2026-02-28 05:30:43 INFO core.tmcmc: [Dysbiotic_HOBIC] TMCMC Summary:
2026-02-28 05:30:43 INFO core.tmcmc: Converged chains: 1/1
2026-02-28 05:30:43 INFO core.tmcmc: Global MAP: [ 3.67615669 -0.02934016  0.6186681   2.89166041  2.33877186  0.38505735
  2.53414951  3.90830479  3.15393986  2.37291498  2.58974297  0.10613841
  4.65391611  1.12635849  0.67286403  0.41136766  1.0987715   1.71545834
  4.50008442  0.80714974]
2026-02-28 05:30:43 INFO __main__: TMCMC completed in 265919.43 seconds
2026-02-28 05:30:43 INFO __main__: Computing enhanced convergence diagnostics...
2026-02-28 05:30:43 WARNING __main__: R-hat requires at least 2 chains. Returning NaN.
/home/nishioka/IKM_Hiwi/Tmcmc202601/data_5species/main/estimate_reduced_nishioka.py:341: RuntimeWarning: All-NaN slice encountered
  "rhat": rhat,
2026-02-28 05:30:43 INFO __main__: R-hat max: nan (target < 1.1)
2026-02-28 05:30:43 INFO __main__: ESS min: 777.9 (target > 100)
2026-02-28 05:30:43 INFO __main__: Convergence (R-hat): False
2026-02-28 05:30:43 INFO __main__: Convergence (ESS): True
2026-02-28 05:30:43 INFO __main__: Computing 95% HDI and credible intervals...
2026-02-28 05:30:43 INFO __main__: HDI computed for all parameters
2026-02-28 05:30:43 INFO __main__: Checkpoints cleared after successful completion
2026-02-28 05:30:43 INFO visualization.helpers: Exported diagnostics tables for Dysbiotic_HOBIC to /home/nishioka/IKM_Hiwi/Tmcmc202601/data_5species/_runs/dh_v2_soft_gate/diagnostics_tables
2026-02-28 05:30:43 INFO __main__: Exported TMCMC diagnostics tables
2026-02-28 05:30:43 INFO __main__: Generating plots...
2026-02-28 05:30:43 INFO __main__: Running simulations for MAP and Mean estimates...
2026-02-28 05:30:44 INFO visualization.plot_manager: Saved figure: TSM_simulation_Dysbiotic_HOBIC_MAP_Fit_with_data.png
2026-02-28 05:30:44 INFO visualization.plot_manager: Saved figure: TSM_simulation_Dysbiotic_HOBIC_Mean_Fit_with_data.png
2026-02-28 05:30:44 INFO visualization.plot_manager: Saved figure: residuals_Dysbiotic_HOBIC_Residuals.png
2026-02-28 05:30:48 INFO visualization.plot_manager: Saved figure: parameter_distributions_Dysbiotic_HOBIC_Params.png
2026-02-28 05:31:04 INFO visualization.plot_manager: Saved figure: corner_plot_Dysbiotic_HOBIC_Corner.png
2026-02-28 05:31:04 INFO __main__: Generating posterior predictive plots (sampling 50 trajectories)...
2026-02-28 05:31:10 INFO visualization.plot_manager: Saved figure: posterior_predictive_Dysbiotic_HOBIC_PosteriorBand.png
2026-02-28 05:31:14 INFO visualization.plot_manager: Saved figure: posterior_predictive_spaghetti_Dysbiotic_HOBIC_PosteriorSpaghetti.png
2026-02-28 05:31:14 INFO visualization.plot_manager: Saved figure: Fig01_TMCMC_beta_schedule_Dysbiotic_HOBIC.png
2026-02-28 05:31:14 INFO __main__: Saved fit metrics to fit_metrics.json
2026-02-28 05:31:14 INFO visualization.plot_manager: Saved manifest: FIGURES_MANIFEST.json (8 figures)
2026-02-28 05:31:14 INFO __main__: Estimation complete. Results saved to /home/nishioka/IKM_Hiwi/Tmcmc202601/data_5species/_runs/dh_v2_soft_gate

================================================================================
ESTIMATION SUMMARY (Nishioka v2)
================================================================================
Condition: Dysbiotic HOBIC
Elapsed Time: 265919.43s
--------------------------------------------------------------------------------
CONVERGENCE DIAGNOSTICS:
  R-hat max:     nan ✗ (target < 1.1)
  ESS min:       777.9 ✓ (target > 100)
  Overall:       NOT CONVERGED
--------------------------------------------------------------------------------
PARAMETER ESTIMATES (with 95% HDI):
--------------------------------------------------------------------------------
Name            MAP       Mean    HDI_low   HDI_high    R-hat      ESS
--------------------------------------------------------------------------------
a11          3.6762     2.2670     0.0033     4.6690      N/A    994.7
a12         -0.0293     1.0865    -0.4986     2.7257      N/A    909.3
a22          0.6187     1.7267     0.0002     4.2653      N/A    956.7
b1           2.8917     1.4634     0.1456     2.9659      N/A   1000.0
b2           2.3388     1.4928     0.0028     2.8410      N/A   1000.0
a33          0.3851     2.1806     0.0177     4.3294      N/A   1000.0
a34          2.5341     1.5581    -0.2716     2.9966      N/A    945.6
a44          3.9083     2.0555     0.0221     4.4210      N/A   1000.0
b3           3.1539     2.5641     0.1120     4.7965      N/A   1000.0
b4           2.3729     1.5104     0.0045     2.8267      N/A   1000.0
a13          2.5897     0.4528    -2.5856     2.9842      N/A    956.3
a14          0.1061     1.1683    -0.4637     2.7596      N/A   1000.0
a23          4.6539     3.9350     2.2173     4.9998      N/A   1000.0
a24          1.1264     1.1856    -0.4473     2.8735      N/A   1000.0
a55          0.6729     2.5495     0.0539     4.7262      N/A   1000.0
b5           0.4114     0.2450     0.0105     0.4793      N/A   1000.0
a15          1.0988     1.2109    -0.4944     2.8265      N/A    853.3
a25          1.7155     1.2960    -0.3138     2.9923      N/A    899.8
a35          4.5001     2.7004     0.2225     4.9177      N/A   1000.0
a45          0.8071     2.2000     0.0005     4.6010      N/A    777.9
================================================================================

Results saved to: /home/nishioka/IKM_Hiwi/Tmcmc202601/data_5species/_runs/dh_v2_soft_gate
================================================================================
