Loading results...
  1000p (sign_prior=OFF): RMSE=0.1006, n_stages=10
  1000p (sign_prior=ON):  RMSE=0.1008, n_stages=10
  Patients: ['A', 'B', 'C', 'D', 'E', 'F', 'G', 'H', 'K', 'L']
  JAX devices: [CpuDevice(id=0)]

=== Part 1: In vivo attractor re-estimation ===
  Running per-patient 20-week ODE from week-1 IC (MAP θ)...
    Patient A:  So=0.671  Fn=0.079  Pg=0.072
    Patient B:  So=0.682  Fn=0.092  Pg=0.064
    Patient C:  So=0.616  Fn=0.077  Pg=0.065
    Patient D:  So=0.707  Fn=0.083  Pg=0.067
    Patient E:  So=0.642  Fn=0.092  Pg=0.070
    Patient F:  So=0.032  Fn=0.031  Pg=0.031
    Patient G:  So=0.826  Fn=0.036  Pg=0.035
    Patient H:  So=0.692  Fn=0.074  Pg=0.088
    Patient K:  So=0.669  Fn=0.076  Pg=0.078
    Patient L:  So=0.712  Fn=0.062  Pg=0.067
  Running 50 posterior samples (avg-b A) × 30 random ICs for attractor cloud...
  Saved: /home/nishioka/IKM_Hiwi/nife/results/dieckow_analysis/part1_invivo_attractors.png
  Saved: /home/nishioka/IKM_Hiwi/nife/results/dieckow_analysis/part1_attractor_bars.png
  Saved: /home/nishioka/IKM_Hiwi/nife/results/dieckow_analysis/patient_attractors.json

=== Part 2: Per-patient fit visualization ===
  Saved: /home/nishioka/IKM_Hiwi/nife/results/dieckow_analysis/part2_patient_fits.png
  Saved: /home/nishioka/IKM_Hiwi/nife/results/dieckow_analysis/part2_rmse_per_patient.png
  Per-patient RMSE: {'A': 0.1067, 'B': 0.0685, 'C': 0.1176, 'D': 0.1044, 'E': 0.0853, 'F': 0.1037, 'G': 0.0502, 'H': 0.0998, 'K': 0.1055, 'L': 0.1192}
  Worst: L = 0.1192
  Best:  G = 0.0502

=== Part 3: Sign-prior comparison ===

    k  param             exp   MAP_OFF    MAP_ON  comply_OFF   comply_ON
  --------------------------------------------------------------------
    1  A[So,An]            +     3.622     2.440      100.0%      100.0%
    2  A[So,Vd]            +     2.473     4.411       97.7%      100.0%
    3  A[So,Fn]            +     1.660     2.160      100.0%      100.0%
    6  A[An,Vd]            +    -1.074    -1.749        1.3%        0.0%
    8  A[An,Pg]            +     0.805     1.765       93.4%      100.0%
   11  A[Vd,Pg]            +    -3.485    -3.395        0.0%        0.0%

  RMSE:  sign_prior=OFF = 0.1006,  sign_prior=ON = 0.1008  (Δ = +0.0001)
  Posterior Bhattacharyya overlap (A params):  mean=0.557  min=0.167  (A[A[Fn,Fn]])

  Saved: /home/nishioka/IKM_Hiwi/nife/results/dieckow_analysis/part3_sign_prior_violin.png
  Saved: /home/nishioka/IKM_Hiwi/nife/results/dieckow_analysis/part3_A_matrix_heatmap.png
  Saved: /home/nishioka/IKM_Hiwi/nife/results/dieckow_analysis/part3_sign_compliance.png

All outputs → /home/nishioka/IKM_Hiwi/nife/results/dieckow_analysis
