[Fri Apr 17 04:03:33 AM JST 2026] Starting E_2 (ERR13166587)
[E_2] Loading subreads...
[E_2] 17607 ZMWs, 706088 subreads
[E_2] Aligning to SILVA...
  Written 706088 subreads to FASTA
  Aligning to SILVA (12 threads)...
[E_2] Classifying ZMWs (contaminant vs real)...
  Looking up 12263 SILVA references...
[E_2] Real: 3526, Contaminant: 14081 (80.0% contamination)
[E_2] Computing SPOA consensus for 3526 real ZMWs...
[E_2] Got 3526 CCS sequences
[E_2] VSEARCH taxonomy...
[E_2] Identity: mean=98.3%

=== E_2: 3496 classified reads (after decontam) ===
  Streptococcus                           : 1656 (47.4%)
  Actinomyces                             :  531 (15.2%)
  Granulicatella                          :  497 (14.2%)
  Gemella                                 :  347 (9.9%)
  Veillonella                             :  214 (6.1%)
  Porphyromonas                           :   44 (1.3%)
  Selenomonas                             :   43 (1.2%)
  Prevotella                              :   43 (1.2%)
  Capnocytophaga                          :   32 (0.9%)
  Haemophilus                             :   22 (0.6%)
  Neisseria                               :   19 (0.5%)
  Aggregatibacter                         :   17 (0.5%)
  Oribacterium                            :    5 (0.1%)
  Campylobacter                           :    4 (0.1%)
  Eikenella                               :    4 (0.1%)
Written: /home/nishioka/IKM_Hiwi/nife/results/dieckow_taxonomy/E_2_taxonomy.tsv
[Fri Apr 17 04:47:33 AM JST 2026] Done E_2
