2026-02-08 00:58:55 INFO __main__: Output directory: _runs/Dysbiotic_HOBIC_abs_20260208_005500
2026-02-08 00:58:55 INFO __main__: Loading experimental data...
2026-02-08 00:58:55 INFO __main__: Loading Dysbiotic HOBIC data: 6 timepoints, days=[1, 3, 6, 10, 15, 21]
2026-02-08 00:58:55 INFO __main__: Using experimental initial conditions (Day 1):
2026-02-08 00:58:55 INFO __main__:   Values: [0.018   0.0045  0.423   0.00225 0.00225]
2026-02-08 00:58:55 INFO __main__:   Normalized phi: [0.04  0.01  0.94  0.005 0.005]
2026-02-08 00:58:55 INFO __main__: Auto-calculated day_scale: 0.011310
2026-02-08 00:58:55 INFO __main__: Experimental days: [ 1  3  6 10 15 21]
2026-02-08 00:58:55 INFO __main__: Model indices: [ 113  339  679 1131 1696 2375]
2026-02-08 00:58:55 INFO __main__: Data (absolute volumes):
[[0.018   0.0045  0.423   0.00225 0.00225]
 [0.012   0.004   0.388   0.002   0.002  ]
 [0.0525  0.09    0.6375  0.00375 0.00375]
 [0.0744  0.093   0.465   0.0496  0.0031 ]
 [0.012   0.21    0.21    0.12    0.012  ]
 [0.006   0.21    0.15    0.18    0.108  ]]
2026-02-08 00:58:55 INFO __main__: Running parameter estimation...
2026-02-08 00:58:55 INFO __main__: Using per-species initial conditions: [0.04  0.01  0.94  0.005 0.005]
2026-02-08 00:58:55 INFO __main__: Using sigma_obs = 0.23209876543209873
2026-02-08 00:58:55 INFO __main__: Data shape: (6, 5)
2026-02-08 00:58:55 INFO __main__: idx_sparse: [ 113  339  679 1131 1696 2375]
2026-02-08 00:58:55 INFO __main__: Starting TMCMC estimation...
2026-02-08 00:58:55 INFO core.tmcmc: [Commensal_Static] Running 2 TMCMC chains (β tempering + linearization update)...
2026-02-08 00:58:55 INFO core.tmcmc: Chain 1/2
2026-02-08 00:58:55 INFO tmcmc_5species_tsm: TSM5S Linearization Point Updated (# 1)
2026-02-08 00:58:55 INFO core.evaluator: TSM initialized (linearization disabled initially for exploration)
2026-02-08 00:58:55 INFO core.tmcmc: [Chain 1] Initial linearization point set
2026-02-08 00:58:55 INFO core.tmcmc: [Commensal_Static_chain1] Parallelization: n_jobs=6 (effective=6), use_threads=False, n_particles=1000
2026-02-08 01:16:45 INFO debug.logger:       [TMCMC] Initial LogL: min=-10.2, max=12.4
2026-02-08 01:16:45 INFO debug.logger:       [TMCMC] Model: Commensal_Static_chain1
2026-02-08 01:16:45 INFO debug.logger:       [TMCMC] Starting TMCMC with 1000 particles, 30 stages...
2026-02-08 01:16:45 INFO debug.logger:       [TMCMC] Stage 1/30 starting...
2026-02-08 01:16:45 INFO core.tmcmc:       [TMCMC] Stage 1: β=0.0000 → 0.2750 (Δ=0.275020), ESS=500.0/500.0 (actual=500.0), logL range=[-10.17, 12.41], log_w range=6.21, w[min,max]=[1.19e-05,5.96e-03]
2026-02-08 01:16:45 INFO debug.logger:       [TMCMC] Resample degeneracy: unique=494/1000 (unique_ratio=0.494)
2026-02-08 01:16:45 INFO debug.logger:       [TMCMC] Proposal cov stats: trace(cov_base)=1.42e+01, trace(cov)=2.93e+01, scale=7.10e-01, nugget=7.20e-07, tempered_scale=1.03e+00, adapt_scale=2.00x, cond(cov)=3.00e+00
