2026-02-08 00:56:17 INFO __main__: Output directory: _runs/Dysbiotic_Static_abs_20260208_005500
2026-02-08 00:56:17 INFO __main__: Loading experimental data...
2026-02-08 00:56:17 INFO __main__: Loading Dysbiotic Static data: 6 timepoints, days=[1, 3, 6, 10, 15, 21]
2026-02-08 00:56:17 INFO __main__: Using experimental initial conditions (Day 1):
2026-02-08 00:56:17 INFO __main__:   Values: [0.06  0.032 0.24  0.02  0.04 ]
2026-02-08 00:56:17 INFO __main__:   Normalized phi: [0.15306122 0.08163265 0.6122449  0.05102041 0.10204082]
2026-02-08 00:56:17 INFO __main__: Auto-calculated day_scale: 0.011310
2026-02-08 00:56:17 INFO __main__: Experimental days: [ 1  3  6 10 15 21]
2026-02-08 00:56:17 INFO __main__: Model indices: [ 113  339  679 1131 1696 2375]
2026-02-08 00:56:17 INFO __main__: Data (absolute volumes):
[[0.06   0.032  0.24   0.02   0.04  ]
 [0.007  0.0175 0.217  0.021  0.028 ]
 [0.0076 0.019  0.2356 0.0456 0.0836]
 [0.003  0.003  0.18   0.042  0.084 ]
 [0.006  0.03   0.27   0.12   0.12  ]
 [0.0055 0.077  0.209  0.121  0.165 ]]
2026-02-08 00:56:17 INFO __main__: Running parameter estimation...
2026-02-08 00:56:17 INFO __main__: Using per-species initial conditions: [0.15306122 0.08163265 0.6122449  0.05102041 0.10204082]
2026-02-08 00:56:17 INFO __main__: Using sigma_obs = 0.2469135802469136
2026-02-08 00:56:17 INFO __main__: Data shape: (6, 5)
2026-02-08 00:56:17 INFO __main__: idx_sparse: [ 113  339  679 1131 1696 2375]
2026-02-08 00:56:17 INFO __main__: Starting TMCMC estimation...
2026-02-08 00:56:17 INFO core.tmcmc: [Commensal_Static] Running 2 TMCMC chains (β tempering + linearization update)...
2026-02-08 00:56:17 INFO core.tmcmc: Chain 1/2
2026-02-08 00:56:17 INFO tmcmc_5species_tsm: TSM5S Linearization Point Updated (# 1)
2026-02-08 00:56:17 INFO core.evaluator: TSM initialized (linearization disabled initially for exploration)
2026-02-08 00:56:17 INFO core.tmcmc: [Chain 1] Initial linearization point set
2026-02-08 00:56:17 INFO core.tmcmc: [Commensal_Static_chain1] Parallelization: n_jobs=6 (effective=6), use_threads=False, n_particles=1000
2026-02-08 01:14:40 INFO debug.logger:       [TMCMC] Initial LogL: min=-11.4, max=9.9
2026-02-08 01:14:40 INFO debug.logger:       [TMCMC] Model: Commensal_Static_chain1
2026-02-08 01:14:40 INFO debug.logger:       [TMCMC] Starting TMCMC with 1000 particles, 30 stages...
2026-02-08 01:14:40 INFO debug.logger:       [TMCMC] Stage 1/30 starting...
2026-02-08 01:14:40 INFO core.tmcmc:       [TMCMC] Stage 1: β=0.0000 → 0.2604 (Δ=0.260420), ESS=500.0/500.0 (actual=500.0), logL range=[-11.40, 9.88], log_w range=5.54, w[min,max]=[2.20e-05,5.61e-03]
2026-02-08 01:14:40 INFO debug.logger:       [TMCMC] Resample degeneracy: unique=496/1000 (unique_ratio=0.496)
2026-02-08 01:14:40 INFO debug.logger:       [TMCMC] Proposal cov stats: trace(cov_base)=1.42e+01, trace(cov)=3.08e+01, scale=7.08e-01, nugget=7.18e-07, tempered_scale=1.09e+00, adapt_scale=2.00x, cond(cov)=2.59e+00
